[2.038s] Invoking command in '/home/strain-drone/Documents/drone_position_hold/ros2_ws/src/position_publisher': DEBUGINFOD_URLS=https://debuginfod.ubuntu.com PYTHONPATH=/home/strain-drone/Documents/drone_position_hold/ros2_ws/build/position_publisher/prefix_override:/usr/lib/python3/dist-packages/colcon_core/task/python/colcon_distutils_commands:/home/strain-drone/Documents/drone_position_hold/ros2_ws/install/position_publisher/lib/python3.12/site-packages:${PYTHONPATH} /usr/bin/python3 -W ignore:setup.py install is deprecated -W ignore:easy_install command is deprecated setup.py egg_info --egg-base ../../build/position_publisher build --build-base /home/strain-drone/Documents/drone_position_hold/ros2_ws/build/position_publisher/build install --record /home/strain-drone/Documents/drone_position_hold/ros2_ws/build/position_publisher/install.log --single-version-externally-managed install_data
[2.567s] running egg_info
[2.568s] creating ../../build/position_publisher/position_publisher.egg-info
[2.609s] writing ../../build/position_publisher/position_publisher.egg-info/PKG-INFO
[2.609s] writing dependency_links to ../../build/position_publisher/position_publisher.egg-info/dependency_links.txt
[2.610s] writing entry points to ../../build/position_publisher/position_publisher.egg-info/entry_points.txt
[2.610s] writing requirements to ../../build/position_publisher/position_publisher.egg-info/requires.txt
[2.611s] writing top-level names to ../../build/position_publisher/position_publisher.egg-info/top_level.txt
[2.611s] writing manifest file '../../build/position_publisher/position_publisher.egg-info/SOURCES.txt'
[2.680s] reading manifest file '../../build/position_publisher/position_publisher.egg-info/SOURCES.txt'
[2.680s] writing manifest file '../../build/position_publisher/position_publisher.egg-info/SOURCES.txt'
[2.680s] running build
[2.680s] running build_py
[2.680s] creating /home/strain-drone/Documents/drone_position_hold/ros2_ws/build/position_publisher/build
[2.680s] creating /home/strain-drone/Documents/drone_position_hold/ros2_ws/build/position_publisher/build/lib
[2.681s] creating /home/strain-drone/Documents/drone_position_hold/ros2_ws/build/position_publisher/build/lib/position_publisher
[2.681s] copying position_publisher/__init__.py -> /home/strain-drone/Documents/drone_position_hold/ros2_ws/build/position_publisher/build/lib/position_publisher
[2.681s] copying position_publisher/position_publisher.py -> /home/strain-drone/Documents/drone_position_hold/ros2_ws/build/position_publisher/build/lib/position_publisher
[2.682s] running install
[2.695s] running install_lib
[2.738s] creating /home/strain-drone/Documents/drone_position_hold/ros2_ws/install/position_publisher/lib/python3.12/site-packages/position_publisher
[2.738s] copying /home/strain-drone/Documents/drone_position_hold/ros2_ws/build/position_publisher/build/lib/position_publisher/__init__.py -> /home/strain-drone/Documents/drone_position_hold/ros2_ws/install/position_publisher/lib/python3.12/site-packages/position_publisher
[2.739s] copying /home/strain-drone/Documents/drone_position_hold/ros2_ws/build/position_publisher/build/lib/position_publisher/position_publisher.py -> /home/strain-drone/Documents/drone_position_hold/ros2_ws/install/position_publisher/lib/python3.12/site-packages/position_publisher
[2.739s] byte-compiling /home/strain-drone/Documents/drone_position_hold/ros2_ws/install/position_publisher/lib/python3.12/site-packages/position_publisher/__init__.py to __init__.cpython-312.pyc
[2.740s] byte-compiling /home/strain-drone/Documents/drone_position_hold/ros2_ws/install/position_publisher/lib/python3.12/site-packages/position_publisher/position_publisher.py to position_publisher.cpython-312.pyc
[2.743s] running install_data
[2.744s] creating /home/strain-drone/Documents/drone_position_hold/ros2_ws/install/position_publisher/share/ament_index
[2.744s] creating /home/strain-drone/Documents/drone_position_hold/ros2_ws/install/position_publisher/share/ament_index/resource_index
[2.744s] creating /home/strain-drone/Documents/drone_position_hold/ros2_ws/install/position_publisher/share/ament_index/resource_index/packages
[2.744s] copying resource/position_publisher -> /home/strain-drone/Documents/drone_position_hold/ros2_ws/install/position_publisher/share/ament_index/resource_index/packages
[2.744s] copying package.xml -> /home/strain-drone/Documents/drone_position_hold/ros2_ws/install/position_publisher/share/position_publisher
[2.744s] running install_egg_info
[2.781s] Copying ../../build/position_publisher/position_publisher.egg-info to /home/strain-drone/Documents/drone_position_hold/ros2_ws/install/position_publisher/lib/python3.12/site-packages/position_publisher-0.0.0-py3.12.egg-info
[2.783s] running install_scripts
[3.045s] Installing position_publisher script to /home/strain-drone/Documents/drone_position_hold/ros2_ws/install/position_publisher/lib/position_publisher
[3.045s] writing list of installed files to '/home/strain-drone/Documents/drone_position_hold/ros2_ws/build/position_publisher/install.log'
[3.176s] Invoked command in '/home/strain-drone/Documents/drone_position_hold/ros2_ws/src/position_publisher' returned '0': DEBUGINFOD_URLS=https://debuginfod.ubuntu.com PYTHONPATH=/home/strain-drone/Documents/drone_position_hold/ros2_ws/build/position_publisher/prefix_override:/usr/lib/python3/dist-packages/colcon_core/task/python/colcon_distutils_commands:/home/strain-drone/Documents/drone_position_hold/ros2_ws/install/position_publisher/lib/python3.12/site-packages:${PYTHONPATH} /usr/bin/python3 -W ignore:setup.py install is deprecated -W ignore:easy_install command is deprecated setup.py egg_info --egg-base ../../build/position_publisher build --build-base /home/strain-drone/Documents/drone_position_hold/ros2_ws/build/position_publisher/build install --record /home/strain-drone/Documents/drone_position_hold/ros2_ws/build/position_publisher/install.log --single-version-externally-managed install_data
