-- The C compiler identification is GNU 13.3.0
-- The CXX compiler identification is GNU 13.3.0
-- Detecting C compiler ABI info
-- Detecting C compiler ABI info - done
-- Check for working C compiler: /usr/bin/cc - skipped
-- Detecting C compile features
-- Detecting C compile features - done
-- Detecting CXX compiler ABI info
-- Detecting CXX compiler ABI info - done
-- Check for working CXX compiler: /usr/bin/c++ - skipped
-- Detecting CXX compile features
-- Detecting CXX compile features - done
-- Found ament_cmake: 2.5.4 (/opt/ros/jazzy/share/ament_cmake/cmake)
-- Found Python3: /usr/bin/python3 (found version "3.12.3") found components: Interpreter 
-- Found rosidl_default_generators: 1.6.0 (/opt/ros/jazzy/share/rosidl_default_generators/cmake)
-- Using all available rosidl_typesupport_c: rosidl_typesupport_fastrtps_c;rosidl_typesupport_introspection_c
-- Using all available rosidl_typesupport_cpp: rosidl_typesupport_fastrtps_cpp;rosidl_typesupport_introspection_cpp
-- Found rosidl_adapter: 4.6.5 (/opt/ros/jazzy/share/rosidl_adapter/cmake)
-- Found builtin_interfaces: 2.0.2 (/opt/ros/jazzy/share/builtin_interfaces/cmake)
-- Found std_msgs: 5.3.6 (/opt/ros/jazzy/share/std_msgs/cmake)
-- Found geometry_msgs: 5.3.6 (/opt/ros/jazzy/share/geometry_msgs/cmake)
-- Found ament_cmake_ros: 0.12.0 (/opt/ros/jazzy/share/ament_cmake_ros/cmake)
-- Using all available rosidl_typesupport_c: rosidl_typesupport_fastrtps_c;rosidl_typesupport_introspection_c
-- Using all available rosidl_typesupport_cpp: rosidl_typesupport_fastrtps_cpp;rosidl_typesupport_introspection_cpp
-- Found python_cmake_module: 0.11.1 (/opt/ros/jazzy/share/python_cmake_module/cmake)
-- Found PythonExtra: /usr/bin/python3  
-- Found Python3: /usr/bin/python3 (found version "3.12.3") found components: Interpreter Development NumPy Development.Module Development.Embed 
-- Configuring done (9.2s)
-- Generating done (0.1s)
-- Build files have been written to: /home/strain-drone/Documents/drone_position_hold/ros2_ws/build/mocap4r2_robot_gt_msgs
[  2%] [34m[1mGenerating type hashes for ROS interfaces[0m
[  2%] Built target ament_cmake_python_copy_mocap4r2_robot_gt_msgs
[  2%] Built target mocap4r2_robot_gt_msgs__rosidl_generator_type_description
[  5%] [34m[1mGenerating C code for ROS interfaces[0m
[  8%] [34m[1mGenerating C++ code for ROS interfaces[0m
running egg_info
creating mocap4r2_robot_gt_msgs.egg-info
writing mocap4r2_robot_gt_msgs.egg-info/PKG-INFO
writing dependency_links to mocap4r2_robot_gt_msgs.egg-info/dependency_links.txt
writing top-level names to mocap4r2_robot_gt_msgs.egg-info/top_level.txt
writing manifest file 'mocap4r2_robot_gt_msgs.egg-info/SOURCES.txt'
reading manifest file 'mocap4r2_robot_gt_msgs.egg-info/SOURCES.txt'
writing manifest file 'mocap4r2_robot_gt_msgs.egg-info/SOURCES.txt'
[  8%] Built target ament_cmake_python_build_mocap4r2_robot_gt_msgs_egg
[  8%] Built target mocap4r2_robot_gt_msgs__cpp
[ 14%] [32mBuilding C object CMakeFiles/mocap4r2_robot_gt_msgs__rosidl_generator_c.dir/rosidl_generator_c/mocap4r2_robot_gt_msgs/srv/detail/set_gt_origin__functions.c.o[0m
[ 14%] [32mBuilding C object CMakeFiles/mocap4r2_robot_gt_msgs__rosidl_generator_c.dir/rosidl_generator_c/mocap4r2_robot_gt_msgs/srv/detail/set_gt_origin__description.c.o[0m
[ 17%] [32mBuilding C object CMakeFiles/mocap4r2_robot_gt_msgs__rosidl_generator_c.dir/rosidl_generator_c/mocap4r2_robot_gt_msgs/srv/detail/set_gt_origin__type_support.c.o[0m
[ 20%] [32m[1mLinking C shared library libmocap4r2_robot_gt_msgs__rosidl_generator_c.so[0m
[ 20%] Built target mocap4r2_robot_gt_msgs__rosidl_generator_c
[ 23%] [34m[1mGenerating C++ type support for eProsima Fast-RTPS[0m
[ 26%] [34m[1mGenerating C++ introspection for ROS interfaces[0m
[ 29%] [34m[1mGenerating C++ type support dispatch for ROS interfaces[0m
[ 32%] [34m[1mGenerating C type support for eProsima Fast-RTPS[0m
[ 35%] [32mBuilding CXX object CMakeFiles/mocap4r2_robot_gt_msgs__rosidl_typesupport_introspection_cpp.dir/rosidl_typesupport_introspection_cpp/mocap4r2_robot_gt_msgs/srv/detail/set_gt_origin__type_support.cpp.o[0m
[ 38%] [32mBuilding CXX object CMakeFiles/mocap4r2_robot_gt_msgs__rosidl_typesupport_cpp.dir/rosidl_typesupport_cpp/mocap4r2_robot_gt_msgs/srv/set_gt_origin__type_support.cpp.o[0m
[ 41%] [32mBuilding CXX object CMakeFiles/mocap4r2_robot_gt_msgs__rosidl_typesupport_fastrtps_c.dir/rosidl_typesupport_fastrtps_c/mocap4r2_robot_gt_msgs/srv/detail/set_gt_origin__type_support_c.cpp.o[0m
[ 44%] [32mBuilding CXX object CMakeFiles/mocap4r2_robot_gt_msgs__rosidl_typesupport_fastrtps_cpp.dir/rosidl_typesupport_fastrtps_cpp/mocap4r2_robot_gt_msgs/srv/detail/dds_fastrtps/set_gt_origin__type_support.cpp.o[0m
[ 47%] [32m[1mLinking CXX shared library libmocap4r2_robot_gt_msgs__rosidl_typesupport_cpp.so[0m
[ 47%] Built target mocap4r2_robot_gt_msgs__rosidl_typesupport_cpp
[ 50%] [34m[1mGenerating C introspection for ROS interfaces[0m
[ 52%] [32m[1mLinking CXX shared library libmocap4r2_robot_gt_msgs__rosidl_typesupport_introspection_cpp.so[0m
[ 52%] Built target mocap4r2_robot_gt_msgs__rosidl_typesupport_introspection_cpp
[ 55%] [34m[1mGenerating C type support dispatch for ROS interfaces[0m
[ 58%] [32m[1mLinking CXX shared library libmocap4r2_robot_gt_msgs__rosidl_typesupport_fastrtps_c.so[0m
[ 58%] Built target mocap4r2_robot_gt_msgs__rosidl_typesupport_fastrtps_c
[ 61%] [32mBuilding C object CMakeFiles/mocap4r2_robot_gt_msgs__rosidl_typesupport_introspection_c.dir/rosidl_typesupport_introspection_c/mocap4r2_robot_gt_msgs/srv/detail/set_gt_origin__type_support.c.o[0m
[ 64%] [32m[1mLinking C shared library libmocap4r2_robot_gt_msgs__rosidl_typesupport_introspection_c.so[0m
[ 67%] [32m[1mLinking CXX shared library libmocap4r2_robot_gt_msgs__rosidl_typesupport_fastrtps_cpp.so[0m
[ 67%] Built target mocap4r2_robot_gt_msgs__rosidl_typesupport_introspection_c
[ 70%] [32mBuilding CXX object CMakeFiles/mocap4r2_robot_gt_msgs__rosidl_typesupport_c.dir/rosidl_typesupport_c/mocap4r2_robot_gt_msgs/srv/set_gt_origin__type_support.cpp.o[0m
[ 73%] [32m[1mLinking CXX shared library libmocap4r2_robot_gt_msgs__rosidl_typesupport_c.so[0m
[ 73%] Built target mocap4r2_robot_gt_msgs__rosidl_typesupport_c
[ 73%] Built target mocap4r2_robot_gt_msgs__rosidl_typesupport_fastrtps_cpp
[ 73%] Built target mocap4r2_robot_gt_msgs
[ 76%] [34m[1mGenerating Python code for ROS interfaces[0m
[ 76%] Built target mocap4r2_robot_gt_msgs__py
[ 79%] [32mBuilding C object CMakeFiles/mocap4r2_robot_gt_msgs__rosidl_generator_py.dir/rosidl_generator_py/mocap4r2_robot_gt_msgs/srv/_set_gt_origin_s.c.o[0m
[ 82%] [32m[1mLinking C shared library libmocap4r2_robot_gt_msgs__rosidl_generator_py.so[0m
[ 82%] Built target mocap4r2_robot_gt_msgs__rosidl_generator_py
[ 85%] [32mBuilding C object CMakeFiles/mocap4r2_robot_gt_msgs_s__rosidl_typesupport_fastrtps_c.dir/rosidl_generator_py/mocap4r2_robot_gt_msgs/_mocap4r2_robot_gt_msgs_s.ep.rosidl_typesupport_fastrtps_c.c.o[0m
[ 88%] [32m[1mLinking C shared module rosidl_generator_py/mocap4r2_robot_gt_msgs/mocap4r2_robot_gt_msgs_s__rosidl_typesupport_fastrtps_c.so[0m
[ 88%] Built target mocap4r2_robot_gt_msgs_s__rosidl_typesupport_fastrtps_c
[ 91%] [32mBuilding C object CMakeFiles/mocap4r2_robot_gt_msgs_s__rosidl_typesupport_c.dir/rosidl_generator_py/mocap4r2_robot_gt_msgs/_mocap4r2_robot_gt_msgs_s.ep.rosidl_typesupport_c.c.o[0m
[ 94%] [32m[1mLinking C shared module rosidl_generator_py/mocap4r2_robot_gt_msgs/mocap4r2_robot_gt_msgs_s__rosidl_typesupport_c.so[0m
[ 94%] Built target mocap4r2_robot_gt_msgs_s__rosidl_typesupport_c
[ 97%] [32mBuilding C object CMakeFiles/mocap4r2_robot_gt_msgs_s__rosidl_typesupport_introspection_c.dir/rosidl_generator_py/mocap4r2_robot_gt_msgs/_mocap4r2_robot_gt_msgs_s.ep.rosidl_typesupport_introspection_c.c.o[0m
[100%] [32m[1mLinking C shared module rosidl_generator_py/mocap4r2_robot_gt_msgs/mocap4r2_robot_gt_msgs_s__rosidl_typesupport_introspection_c.so[0m
[100%] Built target mocap4r2_robot_gt_msgs_s__rosidl_typesupport_introspection_c
-- Install configuration: ""
-- Installing: /home/strain-drone/Documents/drone_position_hold/ros2_ws/install/mocap4r2_robot_gt_msgs/share/ament_index/resource_index/rosidl_interfaces/mocap4r2_robot_gt_msgs
-- Installing: /home/strain-drone/Documents/drone_position_hold/ros2_ws/install/mocap4r2_robot_gt_msgs/share/mocap4r2_robot_gt_msgs/srv/SetGTOrigin.json
-- Installing: /home/strain-drone/Documents/drone_position_hold/ros2_ws/install/mocap4r2_robot_gt_msgs/include/mocap4r2_robot_gt_msgs/mocap4r2_robot_gt_msgs
-- Installing: /home/strain-drone/Documents/drone_position_hold/ros2_ws/install/mocap4r2_robot_gt_msgs/include/mocap4r2_robot_gt_msgs/mocap4r2_robot_gt_msgs/srv
-- Installing: /home/strain-drone/Documents/drone_position_hold/ros2_ws/install/mocap4r2_robot_gt_msgs/include/mocap4r2_robot_gt_msgs/mocap4r2_robot_gt_msgs/srv/set_gt_origin.h
-- Installing: /home/strain-drone/Documents/drone_position_hold/ros2_ws/install/mocap4r2_robot_gt_msgs/include/mocap4r2_robot_gt_msgs/mocap4r2_robot_gt_msgs/srv/detail
-- Installing: /home/strain-drone/Documents/drone_position_hold/ros2_ws/install/mocap4r2_robot_gt_msgs/include/mocap4r2_robot_gt_msgs/mocap4r2_robot_gt_msgs/srv/detail/set_gt_origin__struct.h
-- Installing: /home/strain-drone/Documents/drone_position_hold/ros2_ws/install/mocap4r2_robot_gt_msgs/include/mocap4r2_robot_gt_msgs/mocap4r2_robot_gt_msgs/srv/detail/set_gt_origin__description.c
-- Installing: /home/strain-drone/Documents/drone_position_hold/ros2_ws/install/mocap4r2_robot_gt_msgs/include/mocap4r2_robot_gt_msgs/mocap4r2_robot_gt_msgs/srv/detail/set_gt_origin__functions.c
-- Installing: /home/strain-drone/Documents/drone_position_hold/ros2_ws/install/mocap4r2_robot_gt_msgs/include/mocap4r2_robot_gt_msgs/mocap4r2_robot_gt_msgs/srv/detail/set_gt_origin__type_support.c
-- Installing: /home/strain-drone/Documents/drone_position_hold/ros2_ws/install/mocap4r2_robot_gt_msgs/include/mocap4r2_robot_gt_msgs/mocap4r2_robot_gt_msgs/srv/detail/set_gt_origin__functions.h
-- Installing: /home/strain-drone/Documents/drone_position_hold/ros2_ws/install/mocap4r2_robot_gt_msgs/include/mocap4r2_robot_gt_msgs/mocap4r2_robot_gt_msgs/srv/detail/set_gt_origin__type_support.h
-- Installing: /home/strain-drone/Documents/drone_position_hold/ros2_ws/install/mocap4r2_robot_gt_msgs/include/mocap4r2_robot_gt_msgs/mocap4r2_robot_gt_msgs/msg
-- Installing: /home/strain-drone/Documents/drone_position_hold/ros2_ws/install/mocap4r2_robot_gt_msgs/include/mocap4r2_robot_gt_msgs/mocap4r2_robot_gt_msgs/msg/rosidl_generator_c__visibility_control.h
-- Installing: /home/strain-drone/Documents/drone_position_hold/ros2_ws/install/mocap4r2_robot_gt_msgs/share/mocap4r2_robot_gt_msgs/environment/library_path.sh
-- Installing: /home/strain-drone/Documents/drone_position_hold/ros2_ws/install/mocap4r2_robot_gt_msgs/share/mocap4r2_robot_gt_msgs/environment/library_path.dsv
-- Installing: /home/strain-drone/Documents/drone_position_hold/ros2_ws/install/mocap4r2_robot_gt_msgs/lib/libmocap4r2_robot_gt_msgs__rosidl_generator_c.so
-- Set non-toolchain portion of runtime path of "/home/strain-drone/Documents/drone_position_hold/ros2_ws/install/mocap4r2_robot_gt_msgs/lib/libmocap4r2_robot_gt_msgs__rosidl_generator_c.so" to ""
-- Up-to-date: /home/strain-drone/Documents/drone_position_hold/ros2_ws/install/mocap4r2_robot_gt_msgs/include/mocap4r2_robot_gt_msgs/mocap4r2_robot_gt_msgs
-- Up-to-date: /home/strain-drone/Documents/drone_position_hold/ros2_ws/install/mocap4r2_robot_gt_msgs/include/mocap4r2_robot_gt_msgs/mocap4r2_robot_gt_msgs/srv
-- Up-to-date: /home/strain-drone/Documents/drone_position_hold/ros2_ws/install/mocap4r2_robot_gt_msgs/include/mocap4r2_robot_gt_msgs/mocap4r2_robot_gt_msgs/srv/detail
-- Installing: /home/strain-drone/Documents/drone_position_hold/ros2_ws/install/mocap4r2_robot_gt_msgs/include/mocap4r2_robot_gt_msgs/mocap4r2_robot_gt_msgs/srv/detail/set_gt_origin__rosidl_typesupport_fastrtps_c.h
-- Up-to-date: /home/strain-drone/Documents/drone_position_hold/ros2_ws/install/mocap4r2_robot_gt_msgs/include/mocap4r2_robot_gt_msgs/mocap4r2_robot_gt_msgs/msg
-- Installing: /home/strain-drone/Documents/drone_position_hold/ros2_ws/install/mocap4r2_robot_gt_msgs/include/mocap4r2_robot_gt_msgs/mocap4r2_robot_gt_msgs/msg/rosidl_typesupport_fastrtps_c__visibility_control.h
-- Installing: /home/strain-drone/Documents/drone_position_hold/ros2_ws/install/mocap4r2_robot_gt_msgs/lib/libmocap4r2_robot_gt_msgs__rosidl_typesupport_fastrtps_c.so
-- Set non-toolchain portion of runtime path of "/home/strain-drone/Documents/drone_position_hold/ros2_ws/install/mocap4r2_robot_gt_msgs/lib/libmocap4r2_robot_gt_msgs__rosidl_typesupport_fastrtps_c.so" to ""
-- Up-to-date: /home/strain-drone/Documents/drone_position_hold/ros2_ws/install/mocap4r2_robot_gt_msgs/include/mocap4r2_robot_gt_msgs/mocap4r2_robot_gt_msgs
-- Up-to-date: /home/strain-drone/Documents/drone_position_hold/ros2_ws/install/mocap4r2_robot_gt_msgs/include/mocap4r2_robot_gt_msgs/mocap4r2_robot_gt_msgs/srv
-- Up-to-date: /home/strain-drone/Documents/drone_position_hold/ros2_ws/install/mocap4r2_robot_gt_msgs/include/mocap4r2_robot_gt_msgs/mocap4r2_robot_gt_msgs/srv/detail
-- Installing: /home/strain-drone/Documents/drone_position_hold/ros2_ws/install/mocap4r2_robot_gt_msgs/include/mocap4r2_robot_gt_msgs/mocap4r2_robot_gt_msgs/srv/detail/set_gt_origin__type_support.c
-- Installing: /home/strain-drone/Documents/drone_position_hold/ros2_ws/install/mocap4r2_robot_gt_msgs/include/mocap4r2_robot_gt_msgs/mocap4r2_robot_gt_msgs/srv/detail/set_gt_origin__rosidl_typesupport_introspection_c.h
-- Up-to-date: /home/strain-drone/Documents/drone_position_hold/ros2_ws/install/mocap4r2_robot_gt_msgs/include/mocap4r2_robot_gt_msgs/mocap4r2_robot_gt_msgs/msg
-- Installing: /home/strain-drone/Documents/drone_position_hold/ros2_ws/install/mocap4r2_robot_gt_msgs/include/mocap4r2_robot_gt_msgs/mocap4r2_robot_gt_msgs/msg/rosidl_typesupport_introspection_c__visibility_control.h
-- Installing: /home/strain-drone/Documents/drone_position_hold/ros2_ws/install/mocap4r2_robot_gt_msgs/lib/libmocap4r2_robot_gt_msgs__rosidl_typesupport_introspection_c.so
-- Set non-toolchain portion of runtime path of "/home/strain-drone/Documents/drone_position_hold/ros2_ws/install/mocap4r2_robot_gt_msgs/lib/libmocap4r2_robot_gt_msgs__rosidl_typesupport_introspection_c.so" to ""
-- Installing: /home/strain-drone/Documents/drone_position_hold/ros2_ws/install/mocap4r2_robot_gt_msgs/lib/libmocap4r2_robot_gt_msgs__rosidl_typesupport_c.so
-- Set non-toolchain portion of runtime path of "/home/strain-drone/Documents/drone_position_hold/ros2_ws/install/mocap4r2_robot_gt_msgs/lib/libmocap4r2_robot_gt_msgs__rosidl_typesupport_c.so" to ""
-- Up-to-date: /home/strain-drone/Documents/drone_position_hold/ros2_ws/install/mocap4r2_robot_gt_msgs/include/mocap4r2_robot_gt_msgs/mocap4r2_robot_gt_msgs
-- Up-to-date: /home/strain-drone/Documents/drone_position_hold/ros2_ws/install/mocap4r2_robot_gt_msgs/include/mocap4r2_robot_gt_msgs/mocap4r2_robot_gt_msgs/srv
-- Installing: /home/strain-drone/Documents/drone_position_hold/ros2_ws/install/mocap4r2_robot_gt_msgs/include/mocap4r2_robot_gt_msgs/mocap4r2_robot_gt_msgs/srv/set_gt_origin.hpp
-- Up-to-date: /home/strain-drone/Documents/drone_position_hold/ros2_ws/install/mocap4r2_robot_gt_msgs/include/mocap4r2_robot_gt_msgs/mocap4r2_robot_gt_msgs/srv/detail
-- Installing: /home/strain-drone/Documents/drone_position_hold/ros2_ws/install/mocap4r2_robot_gt_msgs/include/mocap4r2_robot_gt_msgs/mocap4r2_robot_gt_msgs/srv/detail/set_gt_origin__type_support.hpp
-- Installing: /home/strain-drone/Documents/drone_position_hold/ros2_ws/install/mocap4r2_robot_gt_msgs/include/mocap4r2_robot_gt_msgs/mocap4r2_robot_gt_msgs/srv/detail/set_gt_origin__struct.hpp
-- Installing: /home/strain-drone/Documents/drone_position_hold/ros2_ws/install/mocap4r2_robot_gt_msgs/include/mocap4r2_robot_gt_msgs/mocap4r2_robot_gt_msgs/srv/detail/set_gt_origin__traits.hpp
-- Installing: /home/strain-drone/Documents/drone_position_hold/ros2_ws/install/mocap4r2_robot_gt_msgs/include/mocap4r2_robot_gt_msgs/mocap4r2_robot_gt_msgs/srv/detail/set_gt_origin__builder.hpp
-- Up-to-date: /home/strain-drone/Documents/drone_position_hold/ros2_ws/install/mocap4r2_robot_gt_msgs/include/mocap4r2_robot_gt_msgs/mocap4r2_robot_gt_msgs/msg
-- Installing: /home/strain-drone/Documents/drone_position_hold/ros2_ws/install/mocap4r2_robot_gt_msgs/include/mocap4r2_robot_gt_msgs/mocap4r2_robot_gt_msgs/msg/rosidl_generator_cpp__visibility_control.hpp
-- Up-to-date: /home/strain-drone/Documents/drone_position_hold/ros2_ws/install/mocap4r2_robot_gt_msgs/include/mocap4r2_robot_gt_msgs/mocap4r2_robot_gt_msgs
-- Up-to-date: /home/strain-drone/Documents/drone_position_hold/ros2_ws/install/mocap4r2_robot_gt_msgs/include/mocap4r2_robot_gt_msgs/mocap4r2_robot_gt_msgs/srv
-- Up-to-date: /home/strain-drone/Documents/drone_position_hold/ros2_ws/install/mocap4r2_robot_gt_msgs/include/mocap4r2_robot_gt_msgs/mocap4r2_robot_gt_msgs/srv/detail
-- Installing: /home/strain-drone/Documents/drone_position_hold/ros2_ws/install/mocap4r2_robot_gt_msgs/include/mocap4r2_robot_gt_msgs/mocap4r2_robot_gt_msgs/srv/detail/dds_fastrtps
-- Installing: /home/strain-drone/Documents/drone_position_hold/ros2_ws/install/mocap4r2_robot_gt_msgs/include/mocap4r2_robot_gt_msgs/mocap4r2_robot_gt_msgs/srv/detail/set_gt_origin__rosidl_typesupport_fastrtps_cpp.hpp
-- Up-to-date: /home/strain-drone/Documents/drone_position_hold/ros2_ws/install/mocap4r2_robot_gt_msgs/include/mocap4r2_robot_gt_msgs/mocap4r2_robot_gt_msgs/msg
-- Installing: /home/strain-drone/Documents/drone_position_hold/ros2_ws/install/mocap4r2_robot_gt_msgs/include/mocap4r2_robot_gt_msgs/mocap4r2_robot_gt_msgs/msg/rosidl_typesupport_fastrtps_cpp__visibility_control.h
-- Installing: /home/strain-drone/Documents/drone_position_hold/ros2_ws/install/mocap4r2_robot_gt_msgs/lib/libmocap4r2_robot_gt_msgs__rosidl_typesupport_fastrtps_cpp.so
-- Set non-toolchain portion of runtime path of "/home/strain-drone/Documents/drone_position_hold/ros2_ws/install/mocap4r2_robot_gt_msgs/lib/libmocap4r2_robot_gt_msgs__rosidl_typesupport_fastrtps_cpp.so" to ""
-- Up-to-date: /home/strain-drone/Documents/drone_position_hold/ros2_ws/install/mocap4r2_robot_gt_msgs/include/mocap4r2_robot_gt_msgs/mocap4r2_robot_gt_msgs
-- Up-to-date: /home/strain-drone/Documents/drone_position_hold/ros2_ws/install/mocap4r2_robot_gt_msgs/include/mocap4r2_robot_gt_msgs/mocap4r2_robot_gt_msgs/srv
-- Up-to-date: /home/strain-drone/Documents/drone_position_hold/ros2_ws/install/mocap4r2_robot_gt_msgs/include/mocap4r2_robot_gt_msgs/mocap4r2_robot_gt_msgs/srv/detail
-- Installing: /home/strain-drone/Documents/drone_position_hold/ros2_ws/install/mocap4r2_robot_gt_msgs/include/mocap4r2_robot_gt_msgs/mocap4r2_robot_gt_msgs/srv/detail/set_gt_origin__rosidl_typesupport_introspection_cpp.hpp
-- Installing: /home/strain-drone/Documents/drone_position_hold/ros2_ws/install/mocap4r2_robot_gt_msgs/include/mocap4r2_robot_gt_msgs/mocap4r2_robot_gt_msgs/srv/detail/set_gt_origin__type_support.cpp
-- Installing: /home/strain-drone/Documents/drone_position_hold/ros2_ws/install/mocap4r2_robot_gt_msgs/lib/libmocap4r2_robot_gt_msgs__rosidl_typesupport_introspection_cpp.so
-- Set non-toolchain portion of runtime path of "/home/strain-drone/Documents/drone_position_hold/ros2_ws/install/mocap4r2_robot_gt_msgs/lib/libmocap4r2_robot_gt_msgs__rosidl_typesupport_introspection_cpp.so" to ""
-- Installing: /home/strain-drone/Documents/drone_position_hold/ros2_ws/install/mocap4r2_robot_gt_msgs/lib/libmocap4r2_robot_gt_msgs__rosidl_typesupport_cpp.so
-- Set non-toolchain portion of runtime path of "/home/strain-drone/Documents/drone_position_hold/ros2_ws/install/mocap4r2_robot_gt_msgs/lib/libmocap4r2_robot_gt_msgs__rosidl_typesupport_cpp.so" to ""
-- Installing: /home/strain-drone/Documents/drone_position_hold/ros2_ws/install/mocap4r2_robot_gt_msgs/share/mocap4r2_robot_gt_msgs/environment/pythonpath.sh
-- Installing: /home/strain-drone/Documents/drone_position_hold/ros2_ws/install/mocap4r2_robot_gt_msgs/share/mocap4r2_robot_gt_msgs/environment/pythonpath.dsv
-- Installing: /home/strain-drone/Documents/drone_position_hold/ros2_ws/install/mocap4r2_robot_gt_msgs/lib/python3.12/site-packages/mocap4r2_robot_gt_msgs-0.0.7-py3.12.egg-info
-- Installing: /home/strain-drone/Documents/drone_position_hold/ros2_ws/install/mocap4r2_robot_gt_msgs/lib/python3.12/site-packages/mocap4r2_robot_gt_msgs-0.0.7-py3.12.egg-info/dependency_links.txt
-- Installing: /home/strain-drone/Documents/drone_position_hold/ros2_ws/install/mocap4r2_robot_gt_msgs/lib/python3.12/site-packages/mocap4r2_robot_gt_msgs-0.0.7-py3.12.egg-info/PKG-INFO
-- Installing: /home/strain-drone/Documents/drone_position_hold/ros2_ws/install/mocap4r2_robot_gt_msgs/lib/python3.12/site-packages/mocap4r2_robot_gt_msgs-0.0.7-py3.12.egg-info/top_level.txt
-- Installing: /home/strain-drone/Documents/drone_position_hold/ros2_ws/install/mocap4r2_robot_gt_msgs/lib/python3.12/site-packages/mocap4r2_robot_gt_msgs-0.0.7-py3.12.egg-info/SOURCES.txt
-- Installing: /home/strain-drone/Documents/drone_position_hold/ros2_ws/install/mocap4r2_robot_gt_msgs/lib/python3.12/site-packages/mocap4r2_robot_gt_msgs
-- Installing: /home/strain-drone/Documents/drone_position_hold/ros2_ws/install/mocap4r2_robot_gt_msgs/lib/python3.12/site-packages/mocap4r2_robot_gt_msgs/mocap4r2_robot_gt_msgs_s__rosidl_typesupport_c.so
-- Installing: /home/strain-drone/Documents/drone_position_hold/ros2_ws/install/mocap4r2_robot_gt_msgs/lib/python3.12/site-packages/mocap4r2_robot_gt_msgs/_mocap4r2_robot_gt_msgs_s.ep.rosidl_typesupport_c.c
-- Installing: /home/strain-drone/Documents/drone_position_hold/ros2_ws/install/mocap4r2_robot_gt_msgs/lib/python3.12/site-packages/mocap4r2_robot_gt_msgs/srv
-- Installing: /home/strain-drone/Documents/drone_position_hold/ros2_ws/install/mocap4r2_robot_gt_msgs/lib/python3.12/site-packages/mocap4r2_robot_gt_msgs/srv/__init__.py
-- Installing: /home/strain-drone/Documents/drone_position_hold/ros2_ws/install/mocap4r2_robot_gt_msgs/lib/python3.12/site-packages/mocap4r2_robot_gt_msgs/srv/_set_gt_origin_s.c
-- Installing: /home/strain-drone/Documents/drone_position_hold/ros2_ws/install/mocap4r2_robot_gt_msgs/lib/python3.12/site-packages/mocap4r2_robot_gt_msgs/srv/_set_gt_origin.py
-- Installing: /home/strain-drone/Documents/drone_position_hold/ros2_ws/install/mocap4r2_robot_gt_msgs/lib/python3.12/site-packages/mocap4r2_robot_gt_msgs/mocap4r2_robot_gt_msgs_s__rosidl_typesupport_fastrtps_c.so
-- Installing: /home/strain-drone/Documents/drone_position_hold/ros2_ws/install/mocap4r2_robot_gt_msgs/lib/python3.12/site-packages/mocap4r2_robot_gt_msgs/_mocap4r2_robot_gt_msgs_s.ep.rosidl_typesupport_introspection_c.c
-- Installing: /home/strain-drone/Documents/drone_position_hold/ros2_ws/install/mocap4r2_robot_gt_msgs/lib/python3.12/site-packages/mocap4r2_robot_gt_msgs/mocap4r2_robot_gt_msgs_s__rosidl_typesupport_introspection_c.so
-- Installing: /home/strain-drone/Documents/drone_position_hold/ros2_ws/install/mocap4r2_robot_gt_msgs/lib/python3.12/site-packages/mocap4r2_robot_gt_msgs/__init__.py
-- Installing: /home/strain-drone/Documents/drone_position_hold/ros2_ws/install/mocap4r2_robot_gt_msgs/lib/python3.12/site-packages/mocap4r2_robot_gt_msgs/_mocap4r2_robot_gt_msgs_s.ep.rosidl_typesupport_fastrtps_c.c
Listing '/home/strain-drone/Documents/drone_position_hold/ros2_ws/install/mocap4r2_robot_gt_msgs/lib/python3.12/site-packages/mocap4r2_robot_gt_msgs'...
Compiling '/home/strain-drone/Documents/drone_position_hold/ros2_ws/install/mocap4r2_robot_gt_msgs/lib/python3.12/site-packages/mocap4r2_robot_gt_msgs/__init__.py'...
Listing '/home/strain-drone/Documents/drone_position_hold/ros2_ws/install/mocap4r2_robot_gt_msgs/lib/python3.12/site-packages/mocap4r2_robot_gt_msgs/srv'...
Compiling '/home/strain-drone/Documents/drone_position_hold/ros2_ws/install/mocap4r2_robot_gt_msgs/lib/python3.12/site-packages/mocap4r2_robot_gt_msgs/srv/__init__.py'...
Compiling '/home/strain-drone/Documents/drone_position_hold/ros2_ws/install/mocap4r2_robot_gt_msgs/lib/python3.12/site-packages/mocap4r2_robot_gt_msgs/srv/_set_gt_origin.py'...
-- Installing: /home/strain-drone/Documents/drone_position_hold/ros2_ws/install/mocap4r2_robot_gt_msgs/lib/python3.12/site-packages/mocap4r2_robot_gt_msgs/mocap4r2_robot_gt_msgs_s__rosidl_typesupport_fastrtps_c.so
-- Set non-toolchain portion of runtime path of "/home/strain-drone/Documents/drone_position_hold/ros2_ws/install/mocap4r2_robot_gt_msgs/lib/python3.12/site-packages/mocap4r2_robot_gt_msgs/mocap4r2_robot_gt_msgs_s__rosidl_typesupport_fastrtps_c.so" to ""
-- Installing: /home/strain-drone/Documents/drone_position_hold/ros2_ws/install/mocap4r2_robot_gt_msgs/lib/python3.12/site-packages/mocap4r2_robot_gt_msgs/mocap4r2_robot_gt_msgs_s__rosidl_typesupport_introspection_c.so
-- Set non-toolchain portion of runtime path of "/home/strain-drone/Documents/drone_position_hold/ros2_ws/install/mocap4r2_robot_gt_msgs/lib/python3.12/site-packages/mocap4r2_robot_gt_msgs/mocap4r2_robot_gt_msgs_s__rosidl_typesupport_introspection_c.so" to ""
-- Installing: /home/strain-drone/Documents/drone_position_hold/ros2_ws/install/mocap4r2_robot_gt_msgs/lib/python3.12/site-packages/mocap4r2_robot_gt_msgs/mocap4r2_robot_gt_msgs_s__rosidl_typesupport_c.so
-- Set non-toolchain portion of runtime path of "/home/strain-drone/Documents/drone_position_hold/ros2_ws/install/mocap4r2_robot_gt_msgs/lib/python3.12/site-packages/mocap4r2_robot_gt_msgs/mocap4r2_robot_gt_msgs_s__rosidl_typesupport_c.so" to ""
-- Installing: /home/strain-drone/Documents/drone_position_hold/ros2_ws/install/mocap4r2_robot_gt_msgs/lib/libmocap4r2_robot_gt_msgs__rosidl_generator_py.so
-- Set non-toolchain portion of runtime path of "/home/strain-drone/Documents/drone_position_hold/ros2_ws/install/mocap4r2_robot_gt_msgs/lib/libmocap4r2_robot_gt_msgs__rosidl_generator_py.so" to ""
-- Installing: /home/strain-drone/Documents/drone_position_hold/ros2_ws/install/mocap4r2_robot_gt_msgs/share/mocap4r2_robot_gt_msgs/srv/SetGTOrigin.idl
-- Installing: /home/strain-drone/Documents/drone_position_hold/ros2_ws/install/mocap4r2_robot_gt_msgs/share/mocap4r2_robot_gt_msgs/srv/SetGTOrigin.srv
-- Installing: /home/strain-drone/Documents/drone_position_hold/ros2_ws/install/mocap4r2_robot_gt_msgs/share/ament_index/resource_index/package_run_dependencies/mocap4r2_robot_gt_msgs
-- Installing: /home/strain-drone/Documents/drone_position_hold/ros2_ws/install/mocap4r2_robot_gt_msgs/share/ament_index/resource_index/parent_prefix_path/mocap4r2_robot_gt_msgs
-- Installing: /home/strain-drone/Documents/drone_position_hold/ros2_ws/install/mocap4r2_robot_gt_msgs/share/mocap4r2_robot_gt_msgs/environment/ament_prefix_path.sh
-- Installing: /home/strain-drone/Documents/drone_position_hold/ros2_ws/install/mocap4r2_robot_gt_msgs/share/mocap4r2_robot_gt_msgs/environment/ament_prefix_path.dsv
-- Installing: /home/strain-drone/Documents/drone_position_hold/ros2_ws/install/mocap4r2_robot_gt_msgs/share/mocap4r2_robot_gt_msgs/environment/path.sh
-- Installing: /home/strain-drone/Documents/drone_position_hold/ros2_ws/install/mocap4r2_robot_gt_msgs/share/mocap4r2_robot_gt_msgs/environment/path.dsv
-- Installing: /home/strain-drone/Documents/drone_position_hold/ros2_ws/install/mocap4r2_robot_gt_msgs/share/mocap4r2_robot_gt_msgs/local_setup.bash
-- Installing: /home/strain-drone/Documents/drone_position_hold/ros2_ws/install/mocap4r2_robot_gt_msgs/share/mocap4r2_robot_gt_msgs/local_setup.sh
-- Installing: /home/strain-drone/Documents/drone_position_hold/ros2_ws/install/mocap4r2_robot_gt_msgs/share/mocap4r2_robot_gt_msgs/local_setup.zsh
-- Installing: /home/strain-drone/Documents/drone_position_hold/ros2_ws/install/mocap4r2_robot_gt_msgs/share/mocap4r2_robot_gt_msgs/local_setup.dsv
-- Installing: /home/strain-drone/Documents/drone_position_hold/ros2_ws/install/mocap4r2_robot_gt_msgs/share/mocap4r2_robot_gt_msgs/package.dsv
-- Installing: /home/strain-drone/Documents/drone_position_hold/ros2_ws/install/mocap4r2_robot_gt_msgs/share/ament_index/resource_index/packages/mocap4r2_robot_gt_msgs
-- Installing: /home/strain-drone/Documents/drone_position_hold/ros2_ws/install/mocap4r2_robot_gt_msgs/share/mocap4r2_robot_gt_msgs/cmake/export_mocap4r2_robot_gt_msgs__rosidl_generator_cExport.cmake
-- Installing: /home/strain-drone/Documents/drone_position_hold/ros2_ws/install/mocap4r2_robot_gt_msgs/share/mocap4r2_robot_gt_msgs/cmake/export_mocap4r2_robot_gt_msgs__rosidl_generator_cExport-noconfig.cmake
-- Installing: /home/strain-drone/Documents/drone_position_hold/ros2_ws/install/mocap4r2_robot_gt_msgs/share/mocap4r2_robot_gt_msgs/cmake/export_mocap4r2_robot_gt_msgs__rosidl_typesupport_fastrtps_cExport.cmake
-- Installing: /home/strain-drone/Documents/drone_position_hold/ros2_ws/install/mocap4r2_robot_gt_msgs/share/mocap4r2_robot_gt_msgs/cmake/export_mocap4r2_robot_gt_msgs__rosidl_typesupport_fastrtps_cExport-noconfig.cmake
-- Installing: /home/strain-drone/Documents/drone_position_hold/ros2_ws/install/mocap4r2_robot_gt_msgs/share/mocap4r2_robot_gt_msgs/cmake/mocap4r2_robot_gt_msgs__rosidl_typesupport_introspection_cExport.cmake
-- Installing: /home/strain-drone/Documents/drone_position_hold/ros2_ws/install/mocap4r2_robot_gt_msgs/share/mocap4r2_robot_gt_msgs/cmake/mocap4r2_robot_gt_msgs__rosidl_typesupport_introspection_cExport-noconfig.cmake
-- Installing: /home/strain-drone/Documents/drone_position_hold/ros2_ws/install/mocap4r2_robot_gt_msgs/share/mocap4r2_robot_gt_msgs/cmake/mocap4r2_robot_gt_msgs__rosidl_typesupport_cExport.cmake
-- Installing: /home/strain-drone/Documents/drone_position_hold/ros2_ws/install/mocap4r2_robot_gt_msgs/share/mocap4r2_robot_gt_msgs/cmake/mocap4r2_robot_gt_msgs__rosidl_typesupport_cExport-noconfig.cmake
-- Installing: /home/strain-drone/Documents/drone_position_hold/ros2_ws/install/mocap4r2_robot_gt_msgs/share/mocap4r2_robot_gt_msgs/cmake/export_mocap4r2_robot_gt_msgs__rosidl_generator_cppExport.cmake
-- Installing: /home/strain-drone/Documents/drone_position_hold/ros2_ws/install/mocap4r2_robot_gt_msgs/share/mocap4r2_robot_gt_msgs/cmake/export_mocap4r2_robot_gt_msgs__rosidl_typesupport_fastrtps_cppExport.cmake
-- Installing: /home/strain-drone/Documents/drone_position_hold/ros2_ws/install/mocap4r2_robot_gt_msgs/share/mocap4r2_robot_gt_msgs/cmake/export_mocap4r2_robot_gt_msgs__rosidl_typesupport_fastrtps_cppExport-noconfig.cmake
-- Installing: /home/strain-drone/Documents/drone_position_hold/ros2_ws/install/mocap4r2_robot_gt_msgs/share/mocap4r2_robot_gt_msgs/cmake/mocap4r2_robot_gt_msgs__rosidl_typesupport_introspection_cppExport.cmake
-- Installing: /home/strain-drone/Documents/drone_position_hold/ros2_ws/install/mocap4r2_robot_gt_msgs/share/mocap4r2_robot_gt_msgs/cmake/mocap4r2_robot_gt_msgs__rosidl_typesupport_introspection_cppExport-noconfig.cmake
-- Installing: /home/strain-drone/Documents/drone_position_hold/ros2_ws/install/mocap4r2_robot_gt_msgs/share/mocap4r2_robot_gt_msgs/cmake/mocap4r2_robot_gt_msgs__rosidl_typesupport_cppExport.cmake
-- Installing: /home/strain-drone/Documents/drone_position_hold/ros2_ws/install/mocap4r2_robot_gt_msgs/share/mocap4r2_robot_gt_msgs/cmake/mocap4r2_robot_gt_msgs__rosidl_typesupport_cppExport-noconfig.cmake
-- Installing: /home/strain-drone/Documents/drone_position_hold/ros2_ws/install/mocap4r2_robot_gt_msgs/share/mocap4r2_robot_gt_msgs/cmake/export_mocap4r2_robot_gt_msgs__rosidl_generator_pyExport.cmake
-- Installing: /home/strain-drone/Documents/drone_position_hold/ros2_ws/install/mocap4r2_robot_gt_msgs/share/mocap4r2_robot_gt_msgs/cmake/export_mocap4r2_robot_gt_msgs__rosidl_generator_pyExport-noconfig.cmake
-- Installing: /home/strain-drone/Documents/drone_position_hold/ros2_ws/install/mocap4r2_robot_gt_msgs/share/mocap4r2_robot_gt_msgs/cmake/rosidl_cmake-extras.cmake
-- Installing: /home/strain-drone/Documents/drone_position_hold/ros2_ws/install/mocap4r2_robot_gt_msgs/share/mocap4r2_robot_gt_msgs/cmake/ament_cmake_export_dependencies-extras.cmake
-- Installing: /home/strain-drone/Documents/drone_position_hold/ros2_ws/install/mocap4r2_robot_gt_msgs/share/mocap4r2_robot_gt_msgs/cmake/ament_cmake_export_include_directories-extras.cmake
-- Installing: /home/strain-drone/Documents/drone_position_hold/ros2_ws/install/mocap4r2_robot_gt_msgs/share/mocap4r2_robot_gt_msgs/cmake/ament_cmake_export_libraries-extras.cmake
-- Installing: /home/strain-drone/Documents/drone_position_hold/ros2_ws/install/mocap4r2_robot_gt_msgs/share/mocap4r2_robot_gt_msgs/cmake/ament_cmake_export_targets-extras.cmake
-- Installing: /home/strain-drone/Documents/drone_position_hold/ros2_ws/install/mocap4r2_robot_gt_msgs/share/mocap4r2_robot_gt_msgs/cmake/rosidl_cmake_export_typesupport_targets-extras.cmake
-- Installing: /home/strain-drone/Documents/drone_position_hold/ros2_ws/install/mocap4r2_robot_gt_msgs/share/mocap4r2_robot_gt_msgs/cmake/rosidl_cmake_export_typesupport_libraries-extras.cmake
-- Installing: /home/strain-drone/Documents/drone_position_hold/ros2_ws/install/mocap4r2_robot_gt_msgs/share/mocap4r2_robot_gt_msgs/cmake/mocap4r2_robot_gt_msgsConfig.cmake
-- Installing: /home/strain-drone/Documents/drone_position_hold/ros2_ws/install/mocap4r2_robot_gt_msgs/share/mocap4r2_robot_gt_msgs/cmake/mocap4r2_robot_gt_msgsConfig-version.cmake
-- Installing: /home/strain-drone/Documents/drone_position_hold/ros2_ws/install/mocap4r2_robot_gt_msgs/share/mocap4r2_robot_gt_msgs/package.xml
