[0.027s] Invoking command in '/home/strain-drone/Documents/ros2_ws/build/mocap4r2_control': AMENT_PREFIX_PATH=/home/strain-drone/Documents/ros2_ws/install/mocap4r2_control_msgs:${AMENT_PREFIX_PATH} CMAKE_PREFIX_PATH=/home/strain-drone/Documents/ros2_ws/install/mocap4r2_control_msgs:/opt/ros/jazzy/opt/gz_math_vendor:/opt/ros/jazzy/opt/gz_utils_vendor:/opt/ros/jazzy/opt/gz_cmake_vendor:/opt/ros/jazzy DEBUGINFOD_URLS=https://debuginfod.ubuntu.com LD_LIBRARY_PATH=/home/strain-drone/Documents/ros2_ws/install/mocap4r2_control_msgs/lib:${LD_LIBRARY_PATH} PYTHONPATH=/home/strain-drone/Documents/ros2_ws/install/mocap4r2_control_msgs/lib/python3.12/site-packages:${PYTHONPATH} /usr/bin/cmake /home/strain-drone/Documents/ros2_ws/src/mocap4r2/mocap4r2_control/mocap4r2_control -DCMAKE_INSTALL_PREFIX=/home/strain-drone/Documents/ros2_ws/install/mocap4r2_control
[0.240s] -- The C compiler identification is GNU 13.3.0
[0.521s] -- The CXX compiler identification is GNU 13.3.0
[0.587s] -- Detecting C compiler ABI info
[0.918s] -- Detecting C compiler ABI info - done
[0.943s] -- Check for working C compiler: /usr/bin/cc - skipped
[0.944s] -- Detecting C compile features
[0.947s] -- Detecting C compile features - done
[0.965s] -- Detecting CXX compiler ABI info
[1.466s] -- Detecting CXX compiler ABI info - done
[1.490s] -- Check for working CXX compiler: /usr/bin/c++ - skipped
[1.491s] -- Detecting CXX compile features
[1.506s] -- Detecting CXX compile features - done
[1.514s] -- Found ament_cmake: 2.5.4 (/opt/ros/jazzy/share/ament_cmake/cmake)
[1.986s] -- Found Python3: /usr/bin/python3 (found version "3.12.3") found components: Interpreter 
[2.250s] -- Found rclcpp: 28.1.9 (/opt/ros/jazzy/share/rclcpp/cmake)
[2.362s] -- Found rosidl_generator_c: 4.6.5 (/opt/ros/jazzy/share/rosidl_generator_c/cmake)
[2.390s] -- Found rosidl_generator_cpp: 4.6.5 (/opt/ros/jazzy/share/rosidl_generator_cpp/cmake)
[2.436s] -- Using all available rosidl_typesupport_c: rosidl_typesupport_fastrtps_c;rosidl_typesupport_introspection_c
[2.481s] -- Using all available rosidl_typesupport_cpp: rosidl_typesupport_fastrtps_cpp;rosidl_typesupport_introspection_cpp
[3.037s] -- Found rmw_implementation_cmake: 7.3.2 (/opt/ros/jazzy/share/rmw_implementation_cmake/cmake)
[3.044s] -- Found rmw_fastrtps_cpp: 8.4.2 (/opt/ros/jazzy/share/rmw_fastrtps_cpp/cmake)
[3.450s] -- Found OpenSSL: /usr/lib/aarch64-linux-gnu/libcrypto.so (found version "3.0.13")  
[3.489s] -- Found FastRTPS: /opt/ros/jazzy/include (Required is at least version "2.13") 
[3.565s] -- Using RMW implementation 'rmw_fastrtps_cpp' as default
[3.788s] -- Found rclcpp_lifecycle: 28.1.9 (/opt/ros/jazzy/share/rclcpp_lifecycle/cmake)
[3.859s] -- Found mocap4r2_control_msgs: 0.0.7 (/home/strain-drone/Documents/ros2_ws/install/mocap4r2_control_msgs/share/mocap4r2_control_msgs/cmake)
[3.973s] -- Found ament_lint_auto: 0.17.2 (/opt/ros/jazzy/share/ament_lint_auto/cmake)
[4.231s] -- Found gtest sources under '/opt/ros/jazzy/src/gtest_vendor': C++ tests using 'Google Test' will be built
[4.241s] -- Performing Test CMAKE_HAVE_LIBC_PTHREAD
[4.458s] -- Performing Test CMAKE_HAVE_LIBC_PTHREAD - Success
[4.464s] -- Found Threads: TRUE  
[4.487s] -- Added test 'copyright' to check source files copyright and LICENSE
[4.508s] -- Added test 'cppcheck' to perform static code analysis on C / C++ code
[4.509s] -- Configured cppcheck include dirs: /home/strain-drone/Documents/ros2_ws/src/mocap4r2/mocap4r2_control/mocap4r2_control/include
[4.509s] -- Configured cppcheck exclude dirs and/or files: 
[4.524s] -- Added test 'cpplint' to check C / C++ code against the Google style
[4.524s] -- Configured cpplint exclude dirs and/or files: 
[4.535s] -- Added test 'flake8' to check Python code syntax and style conventions
[4.536s] -- Configured 'flake8' exclude dirs and/or files: 
[4.543s] -- Added test 'lint_cmake' to check CMake code style
[4.551s] -- Added test 'pep257' to check Python code against some of the docstring style conventions in PEP 257
[4.559s] -- Added test 'uncrustify' to check C / C++ code style
[4.559s] -- Configured uncrustify additional arguments: 
[4.573s] -- Added test 'xmllint' to check XML markup files
[4.582s] -- Configuring done (4.5s)
[4.662s] -- Generating done (0.1s)
[4.686s] -- Build files have been written to: /home/strain-drone/Documents/ros2_ws/build/mocap4r2_control
[4.724s] Invoked command in '/home/strain-drone/Documents/ros2_ws/build/mocap4r2_control' returned '0': AMENT_PREFIX_PATH=/home/strain-drone/Documents/ros2_ws/install/mocap4r2_control_msgs:${AMENT_PREFIX_PATH} CMAKE_PREFIX_PATH=/home/strain-drone/Documents/ros2_ws/install/mocap4r2_control_msgs:/opt/ros/jazzy/opt/gz_math_vendor:/opt/ros/jazzy/opt/gz_utils_vendor:/opt/ros/jazzy/opt/gz_cmake_vendor:/opt/ros/jazzy DEBUGINFOD_URLS=https://debuginfod.ubuntu.com LD_LIBRARY_PATH=/home/strain-drone/Documents/ros2_ws/install/mocap4r2_control_msgs/lib:${LD_LIBRARY_PATH} PYTHONPATH=/home/strain-drone/Documents/ros2_ws/install/mocap4r2_control_msgs/lib/python3.12/site-packages:${PYTHONPATH} /usr/bin/cmake /home/strain-drone/Documents/ros2_ws/src/mocap4r2/mocap4r2_control/mocap4r2_control -DCMAKE_INSTALL_PREFIX=/home/strain-drone/Documents/ros2_ws/install/mocap4r2_control
[4.727s] Invoking command in '/home/strain-drone/Documents/ros2_ws/build/mocap4r2_control': AMENT_PREFIX_PATH=/home/strain-drone/Documents/ros2_ws/install/mocap4r2_control_msgs:${AMENT_PREFIX_PATH} CMAKE_PREFIX_PATH=/home/strain-drone/Documents/ros2_ws/install/mocap4r2_control_msgs:/opt/ros/jazzy/opt/gz_math_vendor:/opt/ros/jazzy/opt/gz_utils_vendor:/opt/ros/jazzy/opt/gz_cmake_vendor:/opt/ros/jazzy DEBUGINFOD_URLS=https://debuginfod.ubuntu.com LD_LIBRARY_PATH=/home/strain-drone/Documents/ros2_ws/install/mocap4r2_control_msgs/lib:${LD_LIBRARY_PATH} PYTHONPATH=/home/strain-drone/Documents/ros2_ws/install/mocap4r2_control_msgs/lib/python3.12/site-packages:${PYTHONPATH} /usr/bin/cmake --build /home/strain-drone/Documents/ros2_ws/build/mocap4r2_control -- -j4 -l4
[4.848s] [  7%] [32mBuilding CXX object CMakeFiles/mocap4r2_control.dir/src/mocap4r2_control/ControlledLifecycleNode.cpp.o[0m
[24.753s] [ 14%] [32mBuilding CXX object CMakeFiles/mocap4r2_control.dir/src/mocap4r2_control/ControllerNode.cpp.o[0m
[40.121s] [ 21%] [32mBuilding CXX object CMakeFiles/mocap4r2_control.dir/src/mocap4r2_control/AuxiliarNode.cpp.o[0m
[45.661s] [ 28%] [32m[1mLinking CXX shared library libmocap4r2_control.so[0m
[47.386s] [ 28%] Built target mocap4r2_control
[47.437s] [ 35%] [32mBuilding CXX object gtest/CMakeFiles/gtest.dir/src/gtest-all.cc.o[0m
[53.892s] [ 42%] [32m[1mLinking CXX static library libgtest.a[0m
[54.137s] [ 42%] Built target gtest
[54.197s] [ 50%] [32mBuilding CXX object CMakeFiles/auxiliar_main.dir/src/auxiliar_main.cpp.o[0m
[59.003s] [ 57%] [32m[1mLinking CXX executable auxiliar_main[0m
[59.648s] [ 57%] Built target auxiliar_main
[59.686s] [ 64%] [32mBuilding CXX object gtest/CMakeFiles/gtest_main.dir/src/gtest_main.cc.o[0m
[60.889s] [ 71%] [32m[1mLinking CXX static library libgtest_main.a[0m
[60.971s] [ 71%] Built target gtest_main
[61.008s] [ 78%] [32mBuilding CXX object test/CMakeFiles/test_control.dir/test_control.cpp.o[0m
[74.425s] [ 85%] [32m[1mLinking CXX executable test_control[0m
[75.706s] [ 85%] Built target test_control
[75.751s] [ 92%] [32mBuilding CXX object test/CMakeFiles/test_auxiliar.dir/test_auxiliar.cpp.o[0m
[87.489s] [100%] [32m[1mLinking CXX executable test_auxiliar[0m
[88.610s] [100%] Built target test_auxiliar
[88.632s] Invoked command in '/home/strain-drone/Documents/ros2_ws/build/mocap4r2_control' returned '0': AMENT_PREFIX_PATH=/home/strain-drone/Documents/ros2_ws/install/mocap4r2_control_msgs:${AMENT_PREFIX_PATH} CMAKE_PREFIX_PATH=/home/strain-drone/Documents/ros2_ws/install/mocap4r2_control_msgs:/opt/ros/jazzy/opt/gz_math_vendor:/opt/ros/jazzy/opt/gz_utils_vendor:/opt/ros/jazzy/opt/gz_cmake_vendor:/opt/ros/jazzy DEBUGINFOD_URLS=https://debuginfod.ubuntu.com LD_LIBRARY_PATH=/home/strain-drone/Documents/ros2_ws/install/mocap4r2_control_msgs/lib:${LD_LIBRARY_PATH} PYTHONPATH=/home/strain-drone/Documents/ros2_ws/install/mocap4r2_control_msgs/lib/python3.12/site-packages:${PYTHONPATH} /usr/bin/cmake --build /home/strain-drone/Documents/ros2_ws/build/mocap4r2_control -- -j4 -l4
[88.634s] Invoking command in '/home/strain-drone/Documents/ros2_ws/build/mocap4r2_control': AMENT_PREFIX_PATH=/home/strain-drone/Documents/ros2_ws/install/mocap4r2_control_msgs:${AMENT_PREFIX_PATH} CMAKE_PREFIX_PATH=/home/strain-drone/Documents/ros2_ws/install/mocap4r2_control_msgs:/opt/ros/jazzy/opt/gz_math_vendor:/opt/ros/jazzy/opt/gz_utils_vendor:/opt/ros/jazzy/opt/gz_cmake_vendor:/opt/ros/jazzy DEBUGINFOD_URLS=https://debuginfod.ubuntu.com LD_LIBRARY_PATH=/home/strain-drone/Documents/ros2_ws/install/mocap4r2_control_msgs/lib:${LD_LIBRARY_PATH} PYTHONPATH=/home/strain-drone/Documents/ros2_ws/install/mocap4r2_control_msgs/lib/python3.12/site-packages:${PYTHONPATH} /usr/bin/cmake --install /home/strain-drone/Documents/ros2_ws/build/mocap4r2_control
[88.648s] -- Install configuration: ""
[88.648s] -- Installing: /home/strain-drone/Documents/ros2_ws/install/mocap4r2_control/include/
[88.648s] -- Installing: /home/strain-drone/Documents/ros2_ws/install/mocap4r2_control/include//mocap4r2_control
[88.649s] -- Installing: /home/strain-drone/Documents/ros2_ws/install/mocap4r2_control/include//mocap4r2_control/AuxiliarNode.hpp
[88.649s] -- Installing: /home/strain-drone/Documents/ros2_ws/install/mocap4r2_control/include//mocap4r2_control/ControlledLifecycleNode.hpp
[88.649s] -- Installing: /home/strain-drone/Documents/ros2_ws/install/mocap4r2_control/include//mocap4r2_control/ControllerNode.hpp
[88.649s] -- Installing: /home/strain-drone/Documents/ros2_ws/install/mocap4r2_control/share/mocap4r2_control/config
[88.650s] -- Installing: /home/strain-drone/Documents/ros2_ws/install/mocap4r2_control/share/mocap4r2_control/config/config_example.yaml
[88.651s] -- Installing: /home/strain-drone/Documents/ros2_ws/install/mocap4r2_control/share/mocap4r2_control/launch
[88.651s] -- Installing: /home/strain-drone/Documents/ros2_ws/install/mocap4r2_control/share/mocap4r2_control/launch/auxiliar.launch.py
[88.651s] -- Installing: /home/strain-drone/Documents/ros2_ws/install/mocap4r2_control/lib/libmocap4r2_control.so
[88.663s] -- Set non-toolchain portion of runtime path of "/home/strain-drone/Documents/ros2_ws/install/mocap4r2_control/lib/libmocap4r2_control.so" to ""
[88.664s] -- Installing: /home/strain-drone/Documents/ros2_ws/install/mocap4r2_control/lib/mocap4r2_control/auxiliar_main
[88.664s] -- Set non-toolchain portion of runtime path of "/home/strain-drone/Documents/ros2_ws/install/mocap4r2_control/lib/mocap4r2_control/auxiliar_main" to ""
[88.664s] -- Installing: /home/strain-drone/Documents/ros2_ws/install/mocap4r2_control/share/mocap4r2_control/environment/library_path.sh
[88.665s] -- Installing: /home/strain-drone/Documents/ros2_ws/install/mocap4r2_control/share/mocap4r2_control/environment/library_path.dsv
[88.665s] -- Installing: /home/strain-drone/Documents/ros2_ws/install/mocap4r2_control/share/ament_index/resource_index/package_run_dependencies/mocap4r2_control
[88.665s] -- Installing: /home/strain-drone/Documents/ros2_ws/install/mocap4r2_control/share/ament_index/resource_index/parent_prefix_path/mocap4r2_control
[88.666s] -- Installing: /home/strain-drone/Documents/ros2_ws/install/mocap4r2_control/share/mocap4r2_control/environment/ament_prefix_path.sh
[88.666s] -- Installing: /home/strain-drone/Documents/ros2_ws/install/mocap4r2_control/share/mocap4r2_control/environment/ament_prefix_path.dsv
[88.666s] -- Installing: /home/strain-drone/Documents/ros2_ws/install/mocap4r2_control/share/mocap4r2_control/environment/path.sh
[88.667s] -- Installing: /home/strain-drone/Documents/ros2_ws/install/mocap4r2_control/share/mocap4r2_control/environment/path.dsv
[88.667s] -- Installing: /home/strain-drone/Documents/ros2_ws/install/mocap4r2_control/share/mocap4r2_control/local_setup.bash
[88.667s] -- Installing: /home/strain-drone/Documents/ros2_ws/install/mocap4r2_control/share/mocap4r2_control/local_setup.sh
[88.668s] -- Installing: /home/strain-drone/Documents/ros2_ws/install/mocap4r2_control/share/mocap4r2_control/local_setup.zsh
[88.668s] -- Installing: /home/strain-drone/Documents/ros2_ws/install/mocap4r2_control/share/mocap4r2_control/local_setup.dsv
[88.668s] -- Installing: /home/strain-drone/Documents/ros2_ws/install/mocap4r2_control/share/mocap4r2_control/package.dsv
[88.669s] -- Installing: /home/strain-drone/Documents/ros2_ws/install/mocap4r2_control/share/ament_index/resource_index/packages/mocap4r2_control
[88.669s] -- Installing: /home/strain-drone/Documents/ros2_ws/install/mocap4r2_control/share/mocap4r2_control/cmake/ament_cmake_export_include_directories-extras.cmake
[88.670s] -- Installing: /home/strain-drone/Documents/ros2_ws/install/mocap4r2_control/share/mocap4r2_control/cmake/ament_cmake_export_libraries-extras.cmake
[88.670s] -- Installing: /home/strain-drone/Documents/ros2_ws/install/mocap4r2_control/share/mocap4r2_control/cmake/ament_cmake_export_dependencies-extras.cmake
[88.670s] -- Installing: /home/strain-drone/Documents/ros2_ws/install/mocap4r2_control/share/mocap4r2_control/cmake/mocap4r2_controlConfig.cmake
[88.670s] -- Installing: /home/strain-drone/Documents/ros2_ws/install/mocap4r2_control/share/mocap4r2_control/cmake/mocap4r2_controlConfig-version.cmake
[88.671s] -- Installing: /home/strain-drone/Documents/ros2_ws/install/mocap4r2_control/share/mocap4r2_control/package.xml
[88.673s] Invoked command in '/home/strain-drone/Documents/ros2_ws/build/mocap4r2_control' returned '0': AMENT_PREFIX_PATH=/home/strain-drone/Documents/ros2_ws/install/mocap4r2_control_msgs:${AMENT_PREFIX_PATH} CMAKE_PREFIX_PATH=/home/strain-drone/Documents/ros2_ws/install/mocap4r2_control_msgs:/opt/ros/jazzy/opt/gz_math_vendor:/opt/ros/jazzy/opt/gz_utils_vendor:/opt/ros/jazzy/opt/gz_cmake_vendor:/opt/ros/jazzy DEBUGINFOD_URLS=https://debuginfod.ubuntu.com LD_LIBRARY_PATH=/home/strain-drone/Documents/ros2_ws/install/mocap4r2_control_msgs/lib:${LD_LIBRARY_PATH} PYTHONPATH=/home/strain-drone/Documents/ros2_ws/install/mocap4r2_control_msgs/lib/python3.12/site-packages:${PYTHONPATH} /usr/bin/cmake --install /home/strain-drone/Documents/ros2_ws/build/mocap4r2_control
