[1.870s] Invoking command in '/home/strain-drone/Documents/drone_position_hold/ros2_ws/src/visualizer': DEBUGINFOD_URLS=https://debuginfod.ubuntu.com PYTHONPATH=/home/strain-drone/Documents/drone_position_hold/ros2_ws/build/visualizer/prefix_override:/usr/lib/python3/dist-packages/colcon_core/task/python/colcon_distutils_commands:/home/strain-drone/Documents/drone_position_hold/ros2_ws/install/visualizer/lib/python3.12/site-packages:${PYTHONPATH} /usr/bin/python3 -W ignore:setup.py install is deprecated -W ignore:easy_install command is deprecated setup.py egg_info --egg-base ../../build/visualizer build --build-base /home/strain-drone/Documents/drone_position_hold/ros2_ws/build/visualizer/build install --record /home/strain-drone/Documents/drone_position_hold/ros2_ws/build/visualizer/install.log --single-version-externally-managed install_data
[2.450s] running egg_info
[2.484s] writing ../../build/visualizer/visualizer.egg-info/PKG-INFO
[2.485s] writing dependency_links to ../../build/visualizer/visualizer.egg-info/dependency_links.txt
[2.487s] writing entry points to ../../build/visualizer/visualizer.egg-info/entry_points.txt
[2.488s] writing requirements to ../../build/visualizer/visualizer.egg-info/requires.txt
[2.489s] writing top-level names to ../../build/visualizer/visualizer.egg-info/top_level.txt
[2.559s] reading manifest file '../../build/visualizer/visualizer.egg-info/SOURCES.txt'
[2.560s] writing manifest file '../../build/visualizer/visualizer.egg-info/SOURCES.txt'
[2.561s] running build
[2.561s] running build_py
[2.561s] copying visualizer/run_visualizer.py -> /home/strain-drone/Documents/drone_position_hold/ros2_ws/build/visualizer/build/lib/visualizer
[2.561s] running install
[2.572s] running install_lib
[2.604s] copying /home/strain-drone/Documents/drone_position_hold/ros2_ws/build/visualizer/build/lib/visualizer/run_visualizer.py -> /home/strain-drone/Documents/drone_position_hold/ros2_ws/install/visualizer/lib/python3.12/site-packages/visualizer
[2.605s] byte-compiling /home/strain-drone/Documents/drone_position_hold/ros2_ws/install/visualizer/lib/python3.12/site-packages/visualizer/run_visualizer.py to run_visualizer.cpython-312.pyc
[2.606s] running install_data
[2.607s] running install_egg_info
[2.644s] removing '/home/strain-drone/Documents/drone_position_hold/ros2_ws/install/visualizer/lib/python3.12/site-packages/visualizer-0.0.0-py3.12.egg-info' (and everything under it)
[2.644s] Copying ../../build/visualizer/visualizer.egg-info to /home/strain-drone/Documents/drone_position_hold/ros2_ws/install/visualizer/lib/python3.12/site-packages/visualizer-0.0.0-py3.12.egg-info
[2.648s] running install_scripts
[3.019s] Installing run_visualizer script to /home/strain-drone/Documents/drone_position_hold/ros2_ws/install/visualizer/lib/visualizer
[3.028s] writing list of installed files to '/home/strain-drone/Documents/drone_position_hold/ros2_ws/build/visualizer/install.log'
[3.160s] Invoked command in '/home/strain-drone/Documents/drone_position_hold/ros2_ws/src/visualizer' returned '0': DEBUGINFOD_URLS=https://debuginfod.ubuntu.com PYTHONPATH=/home/strain-drone/Documents/drone_position_hold/ros2_ws/build/visualizer/prefix_override:/usr/lib/python3/dist-packages/colcon_core/task/python/colcon_distutils_commands:/home/strain-drone/Documents/drone_position_hold/ros2_ws/install/visualizer/lib/python3.12/site-packages:${PYTHONPATH} /usr/bin/python3 -W ignore:setup.py install is deprecated -W ignore:easy_install command is deprecated setup.py egg_info --egg-base ../../build/visualizer build --build-base /home/strain-drone/Documents/drone_position_hold/ros2_ws/build/visualizer/build install --record /home/strain-drone/Documents/drone_position_hold/ros2_ws/build/visualizer/install.log --single-version-externally-managed install_data
