running egg_info
creating ../../build/position_publisher/position_publisher.egg-info
writing ../../build/position_publisher/position_publisher.egg-info/PKG-INFO
writing dependency_links to ../../build/position_publisher/position_publisher.egg-info/dependency_links.txt
writing entry points to ../../build/position_publisher/position_publisher.egg-info/entry_points.txt
writing requirements to ../../build/position_publisher/position_publisher.egg-info/requires.txt
writing top-level names to ../../build/position_publisher/position_publisher.egg-info/top_level.txt
writing manifest file '../../build/position_publisher/position_publisher.egg-info/SOURCES.txt'
reading manifest file '../../build/position_publisher/position_publisher.egg-info/SOURCES.txt'
writing manifest file '../../build/position_publisher/position_publisher.egg-info/SOURCES.txt'
running build
running build_py
creating /home/strain-drone/Documents/ros2_ws/build/position_publisher/build
creating /home/strain-drone/Documents/ros2_ws/build/position_publisher/build/lib
creating /home/strain-drone/Documents/ros2_ws/build/position_publisher/build/lib/position_publisher
copying position_publisher/__init__.py -> /home/strain-drone/Documents/ros2_ws/build/position_publisher/build/lib/position_publisher
copying position_publisher/position_publisher.py -> /home/strain-drone/Documents/ros2_ws/build/position_publisher/build/lib/position_publisher
running install
running install_lib
creating /home/strain-drone/Documents/ros2_ws/install/position_publisher/lib/python3.12/site-packages/position_publisher
copying /home/strain-drone/Documents/ros2_ws/build/position_publisher/build/lib/position_publisher/__init__.py -> /home/strain-drone/Documents/ros2_ws/install/position_publisher/lib/python3.12/site-packages/position_publisher
copying /home/strain-drone/Documents/ros2_ws/build/position_publisher/build/lib/position_publisher/position_publisher.py -> /home/strain-drone/Documents/ros2_ws/install/position_publisher/lib/python3.12/site-packages/position_publisher
byte-compiling /home/strain-drone/Documents/ros2_ws/install/position_publisher/lib/python3.12/site-packages/position_publisher/__init__.py to __init__.cpython-312.pyc
byte-compiling /home/strain-drone/Documents/ros2_ws/install/position_publisher/lib/python3.12/site-packages/position_publisher/position_publisher.py to position_publisher.cpython-312.pyc
running install_data
creating /home/strain-drone/Documents/ros2_ws/install/position_publisher/share/ament_index
creating /home/strain-drone/Documents/ros2_ws/install/position_publisher/share/ament_index/resource_index
creating /home/strain-drone/Documents/ros2_ws/install/position_publisher/share/ament_index/resource_index/packages
copying resource/position_publisher -> /home/strain-drone/Documents/ros2_ws/install/position_publisher/share/ament_index/resource_index/packages
copying package.xml -> /home/strain-drone/Documents/ros2_ws/install/position_publisher/share/position_publisher
running install_egg_info
Copying ../../build/position_publisher/position_publisher.egg-info to /home/strain-drone/Documents/ros2_ws/install/position_publisher/lib/python3.12/site-packages/position_publisher-0.0.0-py3.12.egg-info
running install_scripts
Installing position_publisher script to /home/strain-drone/Documents/ros2_ws/install/position_publisher/lib/position_publisher
writing list of installed files to '/home/strain-drone/Documents/ros2_ws/build/position_publisher/install.log'
