[2.078s] Invoking command in '/home/strain-drone/Documents/ros2_ws/src/position_publisher': DEBUGINFOD_URLS=https://debuginfod.ubuntu.com PYTHONPATH=/home/strain-drone/Documents/ros2_ws/build/position_publisher/prefix_override:/usr/lib/python3/dist-packages/colcon_core/task/python/colcon_distutils_commands:/home/strain-drone/Documents/ros2_ws/install/position_publisher/lib/python3.12/site-packages:${PYTHONPATH} /usr/bin/python3 -W ignore:setup.py install is deprecated -W ignore:easy_install command is deprecated setup.py egg_info --egg-base ../../build/position_publisher build --build-base /home/strain-drone/Documents/ros2_ws/build/position_publisher/build install --record /home/strain-drone/Documents/ros2_ws/build/position_publisher/install.log --single-version-externally-managed install_data
[2.720s] running egg_info
[2.721s] creating ../../build/position_publisher/position_publisher.egg-info
[2.783s] writing ../../build/position_publisher/position_publisher.egg-info/PKG-INFO
[2.784s] writing dependency_links to ../../build/position_publisher/position_publisher.egg-info/dependency_links.txt
[2.785s] writing entry points to ../../build/position_publisher/position_publisher.egg-info/entry_points.txt
[2.788s] writing requirements to ../../build/position_publisher/position_publisher.egg-info/requires.txt
[2.788s] writing top-level names to ../../build/position_publisher/position_publisher.egg-info/top_level.txt
[2.788s] writing manifest file '../../build/position_publisher/position_publisher.egg-info/SOURCES.txt'
[2.901s] reading manifest file '../../build/position_publisher/position_publisher.egg-info/SOURCES.txt'
[2.902s] writing manifest file '../../build/position_publisher/position_publisher.egg-info/SOURCES.txt'
[2.902s] running build
[2.902s] running build_py
[2.902s] creating /home/strain-drone/Documents/ros2_ws/build/position_publisher/build
[2.902s] creating /home/strain-drone/Documents/ros2_ws/build/position_publisher/build/lib
[2.902s] creating /home/strain-drone/Documents/ros2_ws/build/position_publisher/build/lib/position_publisher
[2.902s] copying position_publisher/__init__.py -> /home/strain-drone/Documents/ros2_ws/build/position_publisher/build/lib/position_publisher
[2.902s] copying position_publisher/position_publisher.py -> /home/strain-drone/Documents/ros2_ws/build/position_publisher/build/lib/position_publisher
[2.903s] running install
[2.927s] running install_lib
[2.986s] creating /home/strain-drone/Documents/ros2_ws/install/position_publisher/lib/python3.12/site-packages/position_publisher
[2.986s] copying /home/strain-drone/Documents/ros2_ws/build/position_publisher/build/lib/position_publisher/__init__.py -> /home/strain-drone/Documents/ros2_ws/install/position_publisher/lib/python3.12/site-packages/position_publisher
[2.987s] copying /home/strain-drone/Documents/ros2_ws/build/position_publisher/build/lib/position_publisher/position_publisher.py -> /home/strain-drone/Documents/ros2_ws/install/position_publisher/lib/python3.12/site-packages/position_publisher
[2.988s] byte-compiling /home/strain-drone/Documents/ros2_ws/install/position_publisher/lib/python3.12/site-packages/position_publisher/__init__.py to __init__.cpython-312.pyc
[2.995s] byte-compiling /home/strain-drone/Documents/ros2_ws/install/position_publisher/lib/python3.12/site-packages/position_publisher/position_publisher.py to position_publisher.cpython-312.pyc
[2.995s] running install_data
[2.995s] creating /home/strain-drone/Documents/ros2_ws/install/position_publisher/share/ament_index
[2.995s] creating /home/strain-drone/Documents/ros2_ws/install/position_publisher/share/ament_index/resource_index
[2.996s] creating /home/strain-drone/Documents/ros2_ws/install/position_publisher/share/ament_index/resource_index/packages
[2.996s] copying resource/position_publisher -> /home/strain-drone/Documents/ros2_ws/install/position_publisher/share/ament_index/resource_index/packages
[2.996s] copying package.xml -> /home/strain-drone/Documents/ros2_ws/install/position_publisher/share/position_publisher
[2.999s] running install_egg_info
[3.051s] Copying ../../build/position_publisher/position_publisher.egg-info to /home/strain-drone/Documents/ros2_ws/install/position_publisher/lib/python3.12/site-packages/position_publisher-0.0.0-py3.12.egg-info
[3.053s] running install_scripts
[3.363s] Installing position_publisher script to /home/strain-drone/Documents/ros2_ws/install/position_publisher/lib/position_publisher
[3.364s] writing list of installed files to '/home/strain-drone/Documents/ros2_ws/build/position_publisher/install.log'
[3.532s] Invoked command in '/home/strain-drone/Documents/ros2_ws/src/position_publisher' returned '0': DEBUGINFOD_URLS=https://debuginfod.ubuntu.com PYTHONPATH=/home/strain-drone/Documents/ros2_ws/build/position_publisher/prefix_override:/usr/lib/python3/dist-packages/colcon_core/task/python/colcon_distutils_commands:/home/strain-drone/Documents/ros2_ws/install/position_publisher/lib/python3.12/site-packages:${PYTHONPATH} /usr/bin/python3 -W ignore:setup.py install is deprecated -W ignore:easy_install command is deprecated setup.py egg_info --egg-base ../../build/position_publisher build --build-base /home/strain-drone/Documents/ros2_ws/build/position_publisher/build install --record /home/strain-drone/Documents/ros2_ws/build/position_publisher/install.log --single-version-externally-managed install_data
