[4.029s] Invoking command in '/home/strain-drone/Documents/drone_position_hold/ros2_ws/src/mavros_config': DEBUGINFOD_URLS=https://debuginfod.ubuntu.com PYTHONPATH=/home/strain-drone/Documents/drone_position_hold/ros2_ws/build/mavros_config/prefix_override:/usr/lib/python3/dist-packages/colcon_core/task/python/colcon_distutils_commands:/home/strain-drone/Documents/drone_position_hold/ros2_ws/install/mavros_config/lib/python3.12/site-packages:${PYTHONPATH} /usr/bin/python3 -W ignore:setup.py install is deprecated -W ignore:easy_install command is deprecated setup.py egg_info --egg-base ../../build/mavros_config build --build-base /home/strain-drone/Documents/drone_position_hold/ros2_ws/build/mavros_config/build install --record /home/strain-drone/Documents/drone_position_hold/ros2_ws/build/mavros_config/install.log --single-version-externally-managed install_data
[4.535s] running egg_info
[4.537s] creating ../../build/mavros_config/mavros_config.egg-info
[4.572s] writing ../../build/mavros_config/mavros_config.egg-info/PKG-INFO
[4.575s] writing dependency_links to ../../build/mavros_config/mavros_config.egg-info/dependency_links.txt
[4.575s] writing requirements to ../../build/mavros_config/mavros_config.egg-info/requires.txt
[4.575s] writing top-level names to ../../build/mavros_config/mavros_config.egg-info/top_level.txt
[4.575s] writing manifest file '../../build/mavros_config/mavros_config.egg-info/SOURCES.txt'
[4.649s] reading manifest file '../../build/mavros_config/mavros_config.egg-info/SOURCES.txt'
[4.651s] writing manifest file '../../build/mavros_config/mavros_config.egg-info/SOURCES.txt'
[4.653s] running build
[4.653s] running build_py
[4.653s] creating /home/strain-drone/Documents/drone_position_hold/ros2_ws/build/mavros_config/build
[4.653s] creating /home/strain-drone/Documents/drone_position_hold/ros2_ws/build/mavros_config/build/lib
[4.653s] creating /home/strain-drone/Documents/drone_position_hold/ros2_ws/build/mavros_config/build/lib/mavros_config
[4.657s] copying mavros_config/__init__.py -> /home/strain-drone/Documents/drone_position_hold/ros2_ws/build/mavros_config/build/lib/mavros_config
[4.657s] running install
[4.666s] running install_lib
[4.706s] creating /home/strain-drone/Documents/drone_position_hold/ros2_ws/install/mavros_config/lib/python3.12/site-packages/mavros_config
[4.707s] copying /home/strain-drone/Documents/drone_position_hold/ros2_ws/build/mavros_config/build/lib/mavros_config/__init__.py -> /home/strain-drone/Documents/drone_position_hold/ros2_ws/install/mavros_config/lib/python3.12/site-packages/mavros_config
[4.708s] byte-compiling /home/strain-drone/Documents/drone_position_hold/ros2_ws/install/mavros_config/lib/python3.12/site-packages/mavros_config/__init__.py to __init__.cpython-312.pyc
[4.709s] running install_data
[4.709s] creating /home/strain-drone/Documents/drone_position_hold/ros2_ws/install/mavros_config/share/ament_index
[4.709s] creating /home/strain-drone/Documents/drone_position_hold/ros2_ws/install/mavros_config/share/ament_index/resource_index
[4.709s] creating /home/strain-drone/Documents/drone_position_hold/ros2_ws/install/mavros_config/share/ament_index/resource_index/packages
[4.709s] copying resource/mavros_config -> /home/strain-drone/Documents/drone_position_hold/ros2_ws/install/mavros_config/share/ament_index/resource_index/packages
[4.710s] copying package.xml -> /home/strain-drone/Documents/drone_position_hold/ros2_ws/install/mavros_config/share/mavros_config
[4.710s] creating /home/strain-drone/Documents/drone_position_hold/ros2_ws/install/mavros_config/share/mavros_config/launch
[4.710s] copying launch/mavros.launch.py -> /home/strain-drone/Documents/drone_position_hold/ros2_ws/install/mavros_config/share/mavros_config/launch
[4.710s] running install_egg_info
[4.749s] Copying ../../build/mavros_config/mavros_config.egg-info to /home/strain-drone/Documents/drone_position_hold/ros2_ws/install/mavros_config/lib/python3.12/site-packages/mavros_config-0.0.0-py3.12.egg-info
[4.751s] running install_scripts
[5.007s] writing list of installed files to '/home/strain-drone/Documents/drone_position_hold/ros2_ws/build/mavros_config/install.log'
[5.140s] Invoked command in '/home/strain-drone/Documents/drone_position_hold/ros2_ws/src/mavros_config' returned '0': DEBUGINFOD_URLS=https://debuginfod.ubuntu.com PYTHONPATH=/home/strain-drone/Documents/drone_position_hold/ros2_ws/build/mavros_config/prefix_override:/usr/lib/python3/dist-packages/colcon_core/task/python/colcon_distutils_commands:/home/strain-drone/Documents/drone_position_hold/ros2_ws/install/mavros_config/lib/python3.12/site-packages:${PYTHONPATH} /usr/bin/python3 -W ignore:setup.py install is deprecated -W ignore:easy_install command is deprecated setup.py egg_info --egg-base ../../build/mavros_config build --build-base /home/strain-drone/Documents/drone_position_hold/ros2_ws/build/mavros_config/build install --record /home/strain-drone/Documents/drone_position_hold/ros2_ws/build/mavros_config/install.log --single-version-externally-managed install_data
