[0.023s] Invoking command in '/home/strain-drone/Documents/ros2_ws/build/mocap4r2_msgs': CMAKE_PREFIX_PATH=${CMAKE_PREFIX_PATH}:/opt/ros/jazzy DEBUGINFOD_URLS=https://debuginfod.ubuntu.com /usr/bin/cmake /home/strain-drone/Documents/ros2_ws/src/mocap4r2_msgs -DCMAKE_INSTALL_PREFIX=/home/strain-drone/Documents/ros2_ws/install/mocap4r2_msgs
[2.245s] -- The C compiler identification is GNU 13.3.0
[3.399s] -- The CXX compiler identification is GNU 13.3.0
[3.456s] -- Detecting C compiler ABI info
[3.818s] -- Detecting C compiler ABI info - done
[3.840s] -- Check for working C compiler: /usr/bin/cc - skipped
[3.840s] -- Detecting C compile features
[3.841s] -- Detecting C compile features - done
[3.864s] -- Detecting CXX compiler ABI info
[4.243s] -- Detecting CXX compiler ABI info - done
[4.270s] -- Check for working CXX compiler: /usr/bin/c++ - skipped
[4.271s] -- Detecting CXX compile features
[4.271s] -- Detecting CXX compile features - done
[4.271s] -- Found ament_cmake: 2.5.4 (/opt/ros/jazzy/share/ament_cmake/cmake)
[4.758s] -- Found Python3: /usr/bin/python3 (found version "3.12.3") found components: Interpreter 
[5.042s] -- Found rosidl_default_generators: 1.6.0 (/opt/ros/jazzy/share/rosidl_default_generators/cmake)
[5.058s] -- Using all available rosidl_typesupport_c: rosidl_typesupport_fastrtps_c;rosidl_typesupport_introspection_c
[5.139s] -- Using all available rosidl_typesupport_cpp: rosidl_typesupport_fastrtps_cpp;rosidl_typesupport_introspection_cpp
[5.218s] -- Found rosidl_adapter: 4.6.5 (/opt/ros/jazzy/share/rosidl_adapter/cmake)
[5.220s] -- Found builtin_interfaces: 2.0.2 (/opt/ros/jazzy/share/builtin_interfaces/cmake)
[5.248s] -- Found std_msgs: 5.3.6 (/opt/ros/jazzy/share/std_msgs/cmake)
[5.274s] -- Found geometry_msgs: 5.3.6 (/opt/ros/jazzy/share/geometry_msgs/cmake)
[7.094s] -- Found ament_cmake_ros: 0.12.0 (/opt/ros/jazzy/share/ament_cmake_ros/cmake)
[8.482s] -- Using all available rosidl_typesupport_c: rosidl_typesupport_fastrtps_c;rosidl_typesupport_introspection_c
[10.317s] -- Using all available rosidl_typesupport_cpp: rosidl_typesupport_fastrtps_cpp;rosidl_typesupport_introspection_cpp
[10.324s] -- Found python_cmake_module: 0.11.1 (/opt/ros/jazzy/share/python_cmake_module/cmake)
[10.695s] -- Found PythonExtra: /usr/bin/python3  
[11.974s] -- Found Python3: /usr/bin/python3 (found version "3.12.3") found components: Interpreter Development NumPy Development.Module Development.Embed 
[12.193s] -- Configuring done (12.2s)
[12.496s] -- Generating done (0.3s)
[12.533s] -- Build files have been written to: /home/strain-drone/Documents/ros2_ws/build/mocap4r2_msgs
[12.561s] Invoked command in '/home/strain-drone/Documents/ros2_ws/build/mocap4r2_msgs' returned '0': CMAKE_PREFIX_PATH=${CMAKE_PREFIX_PATH}:/opt/ros/jazzy DEBUGINFOD_URLS=https://debuginfod.ubuntu.com /usr/bin/cmake /home/strain-drone/Documents/ros2_ws/src/mocap4r2_msgs -DCMAKE_INSTALL_PREFIX=/home/strain-drone/Documents/ros2_ws/install/mocap4r2_msgs
[12.561s] Invoking command in '/home/strain-drone/Documents/ros2_ws/build/mocap4r2_msgs': CMAKE_PREFIX_PATH=${CMAKE_PREFIX_PATH}:/opt/ros/jazzy DEBUGINFOD_URLS=https://debuginfod.ubuntu.com /usr/bin/cmake --build /home/strain-drone/Documents/ros2_ws/build/mocap4r2_msgs -- -j4 -l4
[12.872s] [  1%] [34m[1mGenerating type hashes for ROS interfaces[0m
[12.979s] [  1%] Built target ament_cmake_python_copy_mocap4r2_msgs
[13.668s] running egg_info
[13.675s] creating mocap4r2_msgs.egg-info
[13.727s] writing mocap4r2_msgs.egg-info/PKG-INFO
[13.728s] writing dependency_links to mocap4r2_msgs.egg-info/dependency_links.txt
[13.728s] writing top-level names to mocap4r2_msgs.egg-info/top_level.txt
[13.728s] writing manifest file 'mocap4r2_msgs.egg-info/SOURCES.txt'
[13.896s] reading manifest file 'mocap4r2_msgs.egg-info/SOURCES.txt'
[13.896s] writing manifest file 'mocap4r2_msgs.egg-info/SOURCES.txt'
[14.183s] [  1%] Built target ament_cmake_python_build_mocap4r2_msgs_egg
[14.284s] [  1%] Built target mocap4r2_msgs__rosidl_generator_type_description
[14.344s] [  2%] [34m[1mGenerating C code for ROS interfaces[0m
[14.418s] [  4%] [34m[1mGenerating C++ code for ROS interfaces[0m
[17.416s] [  5%] [32mBuilding C object CMakeFiles/mocap4r2_msgs__rosidl_generator_c.dir/rosidl_generator_c/mocap4r2_msgs/msg/detail/marker__description.c.o[0m
[17.479s] [  6%] [32mBuilding C object CMakeFiles/mocap4r2_msgs__rosidl_generator_c.dir/rosidl_generator_c/mocap4r2_msgs/msg/detail/marker__functions.c.o[0m
[17.550s] [  8%] [32mBuilding C object CMakeFiles/mocap4r2_msgs__rosidl_generator_c.dir/rosidl_generator_c/mocap4r2_msgs/msg/detail/marker__type_support.c.o[0m
[17.625s] [  9%] [32mBuilding C object CMakeFiles/mocap4r2_msgs__rosidl_generator_c.dir/rosidl_generator_c/mocap4r2_msgs/msg/detail/markers__description.c.o[0m
[17.625s] [  9%] Built target mocap4r2_msgs__cpp
[17.670s] [ 10%] [32mBuilding C object CMakeFiles/mocap4r2_msgs__rosidl_generator_c.dir/rosidl_generator_c/mocap4r2_msgs/msg/detail/markers__functions.c.o[0m
[17.693s] [ 12%] [32mBuilding C object CMakeFiles/mocap4r2_msgs__rosidl_generator_c.dir/rosidl_generator_c/mocap4r2_msgs/msg/detail/markers__type_support.c.o[0m
[17.779s] [ 13%] [32mBuilding C object CMakeFiles/mocap4r2_msgs__rosidl_generator_c.dir/rosidl_generator_c/mocap4r2_msgs/msg/detail/imus_info__description.c.o[0m
[18.061s] [ 14%] [32mBuilding C object CMakeFiles/mocap4r2_msgs__rosidl_generator_c.dir/rosidl_generator_c/mocap4r2_msgs/msg/detail/imus_info__functions.c.o[0m
[18.061s] [ 16%] [32mBuilding C object CMakeFiles/mocap4r2_msgs__rosidl_generator_c.dir/rosidl_generator_c/mocap4r2_msgs/msg/detail/imus_info__type_support.c.o[0m
[18.065s] [ 17%] [32mBuilding C object CMakeFiles/mocap4r2_msgs__rosidl_generator_c.dir/rosidl_generator_c/mocap4r2_msgs/msg/detail/rigid_body__description.c.o[0m
[18.130s] [ 18%] [32mBuilding C object CMakeFiles/mocap4r2_msgs__rosidl_generator_c.dir/rosidl_generator_c/mocap4r2_msgs/msg/detail/rigid_body__functions.c.o[0m
[18.398s] [ 20%] [32mBuilding C object CMakeFiles/mocap4r2_msgs__rosidl_generator_c.dir/rosidl_generator_c/mocap4r2_msgs/msg/detail/rigid_body__type_support.c.o[0m
[18.594s] [ 21%] [32mBuilding C object CMakeFiles/mocap4r2_msgs__rosidl_generator_c.dir/rosidl_generator_c/mocap4r2_msgs/msg/detail/rigid_bodies__description.c.o[0m
[18.631s] [ 22%] [32mBuilding C object CMakeFiles/mocap4r2_msgs__rosidl_generator_c.dir/rosidl_generator_c/mocap4r2_msgs/msg/detail/rigid_bodies__functions.c.o[0m
[18.712s] [ 24%] [32mBuilding C object CMakeFiles/mocap4r2_msgs__rosidl_generator_c.dir/rosidl_generator_c/mocap4r2_msgs/msg/detail/rigid_bodies__type_support.c.o[0m
[19.101s] [ 25%] [32m[1mLinking C shared library libmocap4r2_msgs__rosidl_generator_c.so[0m
[19.249s] [ 25%] Built target mocap4r2_msgs__rosidl_generator_c
[19.345s] [ 27%] [34m[1mGenerating C++ type support dispatch for ROS interfaces[0m
[19.370s] [ 28%] [34m[1mGenerating C introspection for ROS interfaces[0m
[19.371s] [ 29%] [34m[1mGenerating C type support for eProsima Fast-RTPS[0m
[20.314s] [ 31%] [34m[1mGenerating C type support dispatch for ROS interfaces[0m
[21.373s] [ 32%] [32mBuilding CXX object CMakeFiles/mocap4r2_msgs__rosidl_typesupport_cpp.dir/rosidl_typesupport_cpp/mocap4r2_msgs/msg/marker__type_support.cpp.o[0m
[24.011s] [ 33%] [32mBuilding CXX object CMakeFiles/mocap4r2_msgs__rosidl_typesupport_fastrtps_c.dir/rosidl_typesupport_fastrtps_c/mocap4r2_msgs/msg/detail/marker__type_support_c.cpp.o[0m
[24.270s] [ 35%] [32mBuilding CXX object CMakeFiles/mocap4r2_msgs__rosidl_typesupport_cpp.dir/rosidl_typesupport_cpp/mocap4r2_msgs/msg/markers__type_support.cpp.o[0m
[24.664s] [ 36%] [32mBuilding CXX object CMakeFiles/mocap4r2_msgs__rosidl_typesupport_c.dir/rosidl_typesupport_c/mocap4r2_msgs/msg/marker__type_support.cpp.o[0m
[24.705s] [ 37%] [32mBuilding C object CMakeFiles/mocap4r2_msgs__rosidl_typesupport_introspection_c.dir/rosidl_typesupport_introspection_c/mocap4r2_msgs/msg/detail/marker__type_support.c.o[0m
[25.131s] [ 39%] [32mBuilding C object CMakeFiles/mocap4r2_msgs__rosidl_typesupport_introspection_c.dir/rosidl_typesupport_introspection_c/mocap4r2_msgs/msg/detail/markers__type_support.c.o[0m
[25.169s] [ 40%] [32mBuilding CXX object CMakeFiles/mocap4r2_msgs__rosidl_typesupport_c.dir/rosidl_typesupport_c/mocap4r2_msgs/msg/markers__type_support.cpp.o[0m
[25.488s] [ 41%] [32mBuilding C object CMakeFiles/mocap4r2_msgs__rosidl_typesupport_introspection_c.dir/rosidl_typesupport_introspection_c/mocap4r2_msgs/msg/detail/imus_info__type_support.c.o[0m
[25.625s] [ 43%] [32mBuilding CXX object CMakeFiles/mocap4r2_msgs__rosidl_typesupport_c.dir/rosidl_typesupport_c/mocap4r2_msgs/msg/imus_info__type_support.cpp.o[0m
[25.857s] [ 44%] [32mBuilding C object CMakeFiles/mocap4r2_msgs__rosidl_typesupport_introspection_c.dir/rosidl_typesupport_introspection_c/mocap4r2_msgs/msg/detail/rigid_body__type_support.c.o[0m
[25.972s] [ 45%] [32mBuilding CXX object CMakeFiles/mocap4r2_msgs__rosidl_typesupport_c.dir/rosidl_typesupport_c/mocap4r2_msgs/msg/rigid_body__type_support.cpp.o[0m
[26.208s] [ 47%] [32mBuilding C object CMakeFiles/mocap4r2_msgs__rosidl_typesupport_introspection_c.dir/rosidl_typesupport_introspection_c/mocap4r2_msgs/msg/detail/rigid_bodies__type_support.c.o[0m
[26.253s] [ 48%] [32mBuilding CXX object CMakeFiles/mocap4r2_msgs__rosidl_typesupport_c.dir/rosidl_typesupport_c/mocap4r2_msgs/msg/rigid_bodies__type_support.cpp.o[0m
[26.463s] [ 50%] [32m[1mLinking C shared library libmocap4r2_msgs__rosidl_typesupport_introspection_c.so[0m
[26.660s] [ 50%] Built target mocap4r2_msgs__rosidl_typesupport_introspection_c
[26.741s] [ 51%] [32m[1mLinking CXX shared library libmocap4r2_msgs__rosidl_typesupport_c.so[0m
[27.126s] [ 51%] Built target mocap4r2_msgs__rosidl_typesupport_c
[27.626s] [ 52%] [32mBuilding CXX object CMakeFiles/mocap4r2_msgs__rosidl_typesupport_cpp.dir/rosidl_typesupport_cpp/mocap4r2_msgs/msg/imus_info__type_support.cpp.o[0m
[28.786s] [ 54%] [32mBuilding CXX object CMakeFiles/mocap4r2_msgs__rosidl_typesupport_fastrtps_c.dir/rosidl_typesupport_fastrtps_c/mocap4r2_msgs/msg/detail/markers__type_support_c.cpp.o[0m
[29.830s] [ 55%] [32mBuilding CXX object CMakeFiles/mocap4r2_msgs__rosidl_typesupport_cpp.dir/rosidl_typesupport_cpp/mocap4r2_msgs/msg/rigid_body__type_support.cpp.o[0m
[30.017s] [ 56%] [32mBuilding CXX object CMakeFiles/mocap4r2_msgs__rosidl_typesupport_fastrtps_c.dir/rosidl_typesupport_fastrtps_c/mocap4r2_msgs/msg/detail/imus_info__type_support_c.cpp.o[0m
[31.340s] [ 58%] [32mBuilding CXX object CMakeFiles/mocap4r2_msgs__rosidl_typesupport_cpp.dir/rosidl_typesupport_cpp/mocap4r2_msgs/msg/rigid_bodies__type_support.cpp.o[0m
[31.714s] [ 59%] [32mBuilding CXX object CMakeFiles/mocap4r2_msgs__rosidl_typesupport_fastrtps_c.dir/rosidl_typesupport_fastrtps_c/mocap4r2_msgs/msg/detail/rigid_body__type_support_c.cpp.o[0m
[32.554s] [ 60%] [32m[1mLinking CXX shared library libmocap4r2_msgs__rosidl_typesupport_cpp.so[0m
[32.751s] [ 60%] Built target mocap4r2_msgs__rosidl_typesupport_cpp
[33.049s] [ 62%] [32mBuilding CXX object CMakeFiles/mocap4r2_msgs__rosidl_typesupport_fastrtps_c.dir/rosidl_typesupport_fastrtps_c/mocap4r2_msgs/msg/detail/rigid_bodies__type_support_c.cpp.o[0m
[33.923s] [ 63%] [32m[1mLinking CXX shared library libmocap4r2_msgs__rosidl_typesupport_fastrtps_c.so[0m
[34.158s] [ 63%] Built target mocap4r2_msgs__rosidl_typesupport_fastrtps_c
[34.187s] [ 64%] [34m[1mGenerating C++ introspection for ROS interfaces[0m
[35.160s] [ 66%] [32mBuilding CXX object CMakeFiles/mocap4r2_msgs__rosidl_typesupport_introspection_cpp.dir/rosidl_typesupport_introspection_cpp/mocap4r2_msgs/msg/detail/marker__type_support.cpp.o[0m
[35.926s] [ 67%] [32mBuilding CXX object CMakeFiles/mocap4r2_msgs__rosidl_typesupport_introspection_cpp.dir/rosidl_typesupport_introspection_cpp/mocap4r2_msgs/msg/detail/imus_info__type_support.cpp.o[0m
[36.860s] [ 68%] [32mBuilding CXX object CMakeFiles/mocap4r2_msgs__rosidl_typesupport_introspection_cpp.dir/rosidl_typesupport_introspection_cpp/mocap4r2_msgs/msg/detail/rigid_body__type_support.cpp.o[0m
[37.862s] [ 70%] [32mBuilding CXX object CMakeFiles/mocap4r2_msgs__rosidl_typesupport_introspection_cpp.dir/rosidl_typesupport_introspection_cpp/mocap4r2_msgs/msg/detail/rigid_bodies__type_support.cpp.o[0m
[38.927s] [ 71%] [32mBuilding CXX object CMakeFiles/mocap4r2_msgs__rosidl_typesupport_introspection_cpp.dir/rosidl_typesupport_introspection_cpp/mocap4r2_msgs/msg/detail/markers__type_support.cpp.o[0m
[39.971s] [ 72%] [32m[1mLinking CXX shared library libmocap4r2_msgs__rosidl_typesupport_introspection_cpp.so[0m
[40.191s] [ 72%] Built target mocap4r2_msgs__rosidl_typesupport_introspection_cpp
[40.214s] [ 74%] [34m[1mGenerating C++ type support for eProsima Fast-RTPS[0m
[41.040s] [ 75%] [32mBuilding CXX object CMakeFiles/mocap4r2_msgs__rosidl_typesupport_fastrtps_cpp.dir/rosidl_typesupport_fastrtps_cpp/mocap4r2_msgs/msg/detail/dds_fastrtps/marker__type_support.cpp.o[0m
[41.980s] [ 77%] [32mBuilding CXX object CMakeFiles/mocap4r2_msgs__rosidl_typesupport_fastrtps_cpp.dir/rosidl_typesupport_fastrtps_cpp/mocap4r2_msgs/msg/detail/dds_fastrtps/rigid_body__type_support.cpp.o[0m
[43.095s] [ 78%] [32mBuilding CXX object CMakeFiles/mocap4r2_msgs__rosidl_typesupport_fastrtps_cpp.dir/rosidl_typesupport_fastrtps_cpp/mocap4r2_msgs/msg/detail/dds_fastrtps/rigid_bodies__type_support.cpp.o[0m
[43.941s] [ 79%] [32mBuilding CXX object CMakeFiles/mocap4r2_msgs__rosidl_typesupport_fastrtps_cpp.dir/rosidl_typesupport_fastrtps_cpp/mocap4r2_msgs/msg/detail/dds_fastrtps/imus_info__type_support.cpp.o[0m
[44.741s] [ 81%] [32mBuilding CXX object CMakeFiles/mocap4r2_msgs__rosidl_typesupport_fastrtps_cpp.dir/rosidl_typesupport_fastrtps_cpp/mocap4r2_msgs/msg/detail/dds_fastrtps/markers__type_support.cpp.o[0m
[45.550s] [ 82%] [32m[1mLinking CXX shared library libmocap4r2_msgs__rosidl_typesupport_fastrtps_cpp.so[0m
[45.731s] [ 82%] Built target mocap4r2_msgs__rosidl_typesupport_fastrtps_cpp
[45.769s] [ 82%] Built target mocap4r2_msgs
[45.810s] [ 83%] [34m[1mGenerating Python code for ROS interfaces[0m
[46.855s] [ 83%] Built target mocap4r2_msgs__py
[46.893s] [ 85%] [32mBuilding C object CMakeFiles/mocap4r2_msgs__rosidl_generator_py.dir/rosidl_generator_py/mocap4r2_msgs/msg/_marker_s.c.o[0m
[47.127s] [ 86%] [32mBuilding C object CMakeFiles/mocap4r2_msgs__rosidl_generator_py.dir/rosidl_generator_py/mocap4r2_msgs/msg/_rigid_body_s.c.o[0m
[47.364s] [ 87%] [32mBuilding C object CMakeFiles/mocap4r2_msgs__rosidl_generator_py.dir/rosidl_generator_py/mocap4r2_msgs/msg/_rigid_bodies_s.c.o[0m
[47.585s] [ 89%] [32mBuilding C object CMakeFiles/mocap4r2_msgs__rosidl_generator_py.dir/rosidl_generator_py/mocap4r2_msgs/msg/_imus_info_s.c.o[0m
[47.808s] [ 90%] [32mBuilding C object CMakeFiles/mocap4r2_msgs__rosidl_generator_py.dir/rosidl_generator_py/mocap4r2_msgs/msg/_markers_s.c.o[0m
[48.031s] [ 91%] [32m[1mLinking C shared library libmocap4r2_msgs__rosidl_generator_py.so[0m
[48.147s] [ 91%] Built target mocap4r2_msgs__rosidl_generator_py
[48.186s] [ 93%] [32mBuilding C object CMakeFiles/mocap4r2_msgs_s__rosidl_typesupport_fastrtps_c.dir/rosidl_generator_py/mocap4r2_msgs/_mocap4r2_msgs_s.ep.rosidl_typesupport_fastrtps_c.c.o[0m
[48.409s] [ 94%] [32m[1mLinking C shared module rosidl_generator_py/mocap4r2_msgs/mocap4r2_msgs_s__rosidl_typesupport_fastrtps_c.so[0m
[48.471s] [ 94%] Built target mocap4r2_msgs_s__rosidl_typesupport_fastrtps_c
[48.508s] [ 95%] [32mBuilding C object CMakeFiles/mocap4r2_msgs_s__rosidl_typesupport_c.dir/rosidl_generator_py/mocap4r2_msgs/_mocap4r2_msgs_s.ep.rosidl_typesupport_c.c.o[0m
[48.734s] [ 97%] [32m[1mLinking C shared module rosidl_generator_py/mocap4r2_msgs/mocap4r2_msgs_s__rosidl_typesupport_c.so[0m
[48.792s] [ 97%] Built target mocap4r2_msgs_s__rosidl_typesupport_c
[48.861s] [ 98%] [32mBuilding C object CMakeFiles/mocap4r2_msgs_s__rosidl_typesupport_introspection_c.dir/rosidl_generator_py/mocap4r2_msgs/_mocap4r2_msgs_s.ep.rosidl_typesupport_introspection_c.c.o[0m
[49.076s] [100%] [32m[1mLinking C shared module rosidl_generator_py/mocap4r2_msgs/mocap4r2_msgs_s__rosidl_typesupport_introspection_c.so[0m
[49.136s] [100%] Built target mocap4r2_msgs_s__rosidl_typesupport_introspection_c
[49.171s] Invoked command in '/home/strain-drone/Documents/ros2_ws/build/mocap4r2_msgs' returned '0': CMAKE_PREFIX_PATH=${CMAKE_PREFIX_PATH}:/opt/ros/jazzy DEBUGINFOD_URLS=https://debuginfod.ubuntu.com /usr/bin/cmake --build /home/strain-drone/Documents/ros2_ws/build/mocap4r2_msgs -- -j4 -l4
[49.173s] Invoking command in '/home/strain-drone/Documents/ros2_ws/build/mocap4r2_msgs': CMAKE_PREFIX_PATH=${CMAKE_PREFIX_PATH}:/opt/ros/jazzy DEBUGINFOD_URLS=https://debuginfod.ubuntu.com /usr/bin/cmake --install /home/strain-drone/Documents/ros2_ws/build/mocap4r2_msgs
[49.189s] -- Install configuration: ""
[49.204s] -- Installing: /home/strain-drone/Documents/ros2_ws/install/mocap4r2_msgs/share/ament_index/resource_index/rosidl_interfaces/mocap4r2_msgs
[49.205s] -- Installing: /home/strain-drone/Documents/ros2_ws/install/mocap4r2_msgs/share/mocap4r2_msgs/msg/Marker.json
[49.205s] -- Installing: /home/strain-drone/Documents/ros2_ws/install/mocap4r2_msgs/share/mocap4r2_msgs/msg/Markers.json
[49.205s] -- Installing: /home/strain-drone/Documents/ros2_ws/install/mocap4r2_msgs/share/mocap4r2_msgs/msg/ImusInfo.json
[49.205s] -- Installing: /home/strain-drone/Documents/ros2_ws/install/mocap4r2_msgs/share/mocap4r2_msgs/msg/RigidBody.json
[49.205s] -- Installing: /home/strain-drone/Documents/ros2_ws/install/mocap4r2_msgs/share/mocap4r2_msgs/msg/RigidBodies.json
[49.206s] -- Installing: /home/strain-drone/Documents/ros2_ws/install/mocap4r2_msgs/include/mocap4r2_msgs/mocap4r2_msgs
[49.206s] -- Installing: /home/strain-drone/Documents/ros2_ws/install/mocap4r2_msgs/include/mocap4r2_msgs/mocap4r2_msgs/msg
[49.206s] -- Installing: /home/strain-drone/Documents/ros2_ws/install/mocap4r2_msgs/include/mocap4r2_msgs/mocap4r2_msgs/msg/rigid_bodies.h
[49.206s] -- Installing: /home/strain-drone/Documents/ros2_ws/install/mocap4r2_msgs/include/mocap4r2_msgs/mocap4r2_msgs/msg/rigid_body.h
[49.206s] -- Installing: /home/strain-drone/Documents/ros2_ws/install/mocap4r2_msgs/include/mocap4r2_msgs/mocap4r2_msgs/msg/rosidl_generator_c__visibility_control.h
[49.207s] -- Installing: /home/strain-drone/Documents/ros2_ws/install/mocap4r2_msgs/include/mocap4r2_msgs/mocap4r2_msgs/msg/imus_info.h
[49.207s] -- Installing: /home/strain-drone/Documents/ros2_ws/install/mocap4r2_msgs/include/mocap4r2_msgs/mocap4r2_msgs/msg/markers.h
[49.207s] -- Installing: /home/strain-drone/Documents/ros2_ws/install/mocap4r2_msgs/include/mocap4r2_msgs/mocap4r2_msgs/msg/detail
[49.207s] -- Installing: /home/strain-drone/Documents/ros2_ws/install/mocap4r2_msgs/include/mocap4r2_msgs/mocap4r2_msgs/msg/detail/rigid_body__struct.h
[49.207s] -- Installing: /home/strain-drone/Documents/ros2_ws/install/mocap4r2_msgs/include/mocap4r2_msgs/mocap4r2_msgs/msg/detail/markers__description.c
[49.207s] -- Installing: /home/strain-drone/Documents/ros2_ws/install/mocap4r2_msgs/include/mocap4r2_msgs/mocap4r2_msgs/msg/detail/rigid_body__description.c
[49.208s] -- Installing: /home/strain-drone/Documents/ros2_ws/install/mocap4r2_msgs/include/mocap4r2_msgs/mocap4r2_msgs/msg/detail/rigid_bodies__functions.c
[49.208s] -- Installing: /home/strain-drone/Documents/ros2_ws/install/mocap4r2_msgs/include/mocap4r2_msgs/mocap4r2_msgs/msg/detail/marker__functions.c
[49.208s] -- Installing: /home/strain-drone/Documents/ros2_ws/install/mocap4r2_msgs/include/mocap4r2_msgs/mocap4r2_msgs/msg/detail/marker__description.c
[49.208s] -- Installing: /home/strain-drone/Documents/ros2_ws/install/mocap4r2_msgs/include/mocap4r2_msgs/mocap4r2_msgs/msg/detail/marker__type_support.h
[49.208s] -- Installing: /home/strain-drone/Documents/ros2_ws/install/mocap4r2_msgs/include/mocap4r2_msgs/mocap4r2_msgs/msg/detail/rigid_bodies__type_support.h
[49.208s] -- Installing: /home/strain-drone/Documents/ros2_ws/install/mocap4r2_msgs/include/mocap4r2_msgs/mocap4r2_msgs/msg/detail/markers__functions.h
[49.209s] -- Installing: /home/strain-drone/Documents/ros2_ws/install/mocap4r2_msgs/include/mocap4r2_msgs/mocap4r2_msgs/msg/detail/imus_info__type_support.c
[49.209s] -- Installing: /home/strain-drone/Documents/ros2_ws/install/mocap4r2_msgs/include/mocap4r2_msgs/mocap4r2_msgs/msg/detail/rigid_bodies__description.c
[49.209s] -- Installing: /home/strain-drone/Documents/ros2_ws/install/mocap4r2_msgs/include/mocap4r2_msgs/mocap4r2_msgs/msg/detail/rigid_body__type_support.h
[49.209s] -- Installing: /home/strain-drone/Documents/ros2_ws/install/mocap4r2_msgs/include/mocap4r2_msgs/mocap4r2_msgs/msg/detail/rigid_body__functions.h
[49.209s] -- Installing: /home/strain-drone/Documents/ros2_ws/install/mocap4r2_msgs/include/mocap4r2_msgs/mocap4r2_msgs/msg/detail/imus_info__functions.h
[49.209s] -- Installing: /home/strain-drone/Documents/ros2_ws/install/mocap4r2_msgs/include/mocap4r2_msgs/mocap4r2_msgs/msg/detail/imus_info__type_support.h
[49.210s] -- Installing: /home/strain-drone/Documents/ros2_ws/install/mocap4r2_msgs/include/mocap4r2_msgs/mocap4r2_msgs/msg/detail/rigid_body__functions.c
[49.210s] -- Installing: /home/strain-drone/Documents/ros2_ws/install/mocap4r2_msgs/include/mocap4r2_msgs/mocap4r2_msgs/msg/detail/markers__functions.c
[49.210s] -- Installing: /home/strain-drone/Documents/ros2_ws/install/mocap4r2_msgs/include/mocap4r2_msgs/mocap4r2_msgs/msg/detail/rigid_bodies__functions.h
[49.210s] -- Installing: /home/strain-drone/Documents/ros2_ws/install/mocap4r2_msgs/include/mocap4r2_msgs/mocap4r2_msgs/msg/detail/imus_info__description.c
[49.210s] -- Installing: /home/strain-drone/Documents/ros2_ws/install/mocap4r2_msgs/include/mocap4r2_msgs/mocap4r2_msgs/msg/detail/imus_info__struct.h
[49.210s] -- Installing: /home/strain-drone/Documents/ros2_ws/install/mocap4r2_msgs/include/mocap4r2_msgs/mocap4r2_msgs/msg/detail/rigid_body__type_support.c
[49.211s] -- Installing: /home/strain-drone/Documents/ros2_ws/install/mocap4r2_msgs/include/mocap4r2_msgs/mocap4r2_msgs/msg/detail/marker__struct.h
[49.211s] -- Installing: /home/strain-drone/Documents/ros2_ws/install/mocap4r2_msgs/include/mocap4r2_msgs/mocap4r2_msgs/msg/detail/marker__type_support.c
[49.211s] -- Installing: /home/strain-drone/Documents/ros2_ws/install/mocap4r2_msgs/include/mocap4r2_msgs/mocap4r2_msgs/msg/detail/marker__functions.h
[49.211s] -- Installing: /home/strain-drone/Documents/ros2_ws/install/mocap4r2_msgs/include/mocap4r2_msgs/mocap4r2_msgs/msg/detail/rigid_bodies__type_support.c
[49.211s] -- Installing: /home/strain-drone/Documents/ros2_ws/install/mocap4r2_msgs/include/mocap4r2_msgs/mocap4r2_msgs/msg/detail/markers__type_support.h
[49.211s] -- Installing: /home/strain-drone/Documents/ros2_ws/install/mocap4r2_msgs/include/mocap4r2_msgs/mocap4r2_msgs/msg/detail/rigid_bodies__struct.h
[49.212s] -- Installing: /home/strain-drone/Documents/ros2_ws/install/mocap4r2_msgs/include/mocap4r2_msgs/mocap4r2_msgs/msg/detail/markers__struct.h
[49.212s] -- Installing: /home/strain-drone/Documents/ros2_ws/install/mocap4r2_msgs/include/mocap4r2_msgs/mocap4r2_msgs/msg/detail/markers__type_support.c
[49.212s] -- Installing: /home/strain-drone/Documents/ros2_ws/install/mocap4r2_msgs/include/mocap4r2_msgs/mocap4r2_msgs/msg/detail/imus_info__functions.c
[49.212s] -- Installing: /home/strain-drone/Documents/ros2_ws/install/mocap4r2_msgs/include/mocap4r2_msgs/mocap4r2_msgs/msg/marker.h
[49.212s] -- Installing: /home/strain-drone/Documents/ros2_ws/install/mocap4r2_msgs/share/mocap4r2_msgs/environment/library_path.sh
[49.213s] -- Installing: /home/strain-drone/Documents/ros2_ws/install/mocap4r2_msgs/share/mocap4r2_msgs/environment/library_path.dsv
[49.213s] -- Installing: /home/strain-drone/Documents/ros2_ws/install/mocap4r2_msgs/lib/libmocap4r2_msgs__rosidl_generator_c.so
[49.214s] -- Set non-toolchain portion of runtime path of "/home/strain-drone/Documents/ros2_ws/install/mocap4r2_msgs/lib/libmocap4r2_msgs__rosidl_generator_c.so" to ""
[49.214s] -- Up-to-date: /home/strain-drone/Documents/ros2_ws/install/mocap4r2_msgs/include/mocap4r2_msgs/mocap4r2_msgs
[49.214s] -- Up-to-date: /home/strain-drone/Documents/ros2_ws/install/mocap4r2_msgs/include/mocap4r2_msgs/mocap4r2_msgs/msg
[49.214s] -- Installing: /home/strain-drone/Documents/ros2_ws/install/mocap4r2_msgs/include/mocap4r2_msgs/mocap4r2_msgs/msg/rosidl_typesupport_fastrtps_c__visibility_control.h
[49.214s] -- Up-to-date: /home/strain-drone/Documents/ros2_ws/install/mocap4r2_msgs/include/mocap4r2_msgs/mocap4r2_msgs/msg/detail
[49.215s] -- Installing: /home/strain-drone/Documents/ros2_ws/install/mocap4r2_msgs/include/mocap4r2_msgs/mocap4r2_msgs/msg/detail/marker__rosidl_typesupport_fastrtps_c.h
[49.215s] -- Installing: /home/strain-drone/Documents/ros2_ws/install/mocap4r2_msgs/include/mocap4r2_msgs/mocap4r2_msgs/msg/detail/rigid_body__rosidl_typesupport_fastrtps_c.h
[49.215s] -- Installing: /home/strain-drone/Documents/ros2_ws/install/mocap4r2_msgs/include/mocap4r2_msgs/mocap4r2_msgs/msg/detail/rigid_bodies__rosidl_typesupport_fastrtps_c.h
[49.215s] -- Installing: /home/strain-drone/Documents/ros2_ws/install/mocap4r2_msgs/include/mocap4r2_msgs/mocap4r2_msgs/msg/detail/markers__rosidl_typesupport_fastrtps_c.h
[49.215s] -- Installing: /home/strain-drone/Documents/ros2_ws/install/mocap4r2_msgs/include/mocap4r2_msgs/mocap4r2_msgs/msg/detail/imus_info__rosidl_typesupport_fastrtps_c.h
[49.215s] -- Installing: /home/strain-drone/Documents/ros2_ws/install/mocap4r2_msgs/lib/libmocap4r2_msgs__rosidl_typesupport_fastrtps_c.so
[49.216s] -- Set non-toolchain portion of runtime path of "/home/strain-drone/Documents/ros2_ws/install/mocap4r2_msgs/lib/libmocap4r2_msgs__rosidl_typesupport_fastrtps_c.so" to ""
[49.216s] -- Up-to-date: /home/strain-drone/Documents/ros2_ws/install/mocap4r2_msgs/include/mocap4r2_msgs/mocap4r2_msgs
[49.217s] -- Up-to-date: /home/strain-drone/Documents/ros2_ws/install/mocap4r2_msgs/include/mocap4r2_msgs/mocap4r2_msgs/msg
[49.217s] -- Up-to-date: /home/strain-drone/Documents/ros2_ws/install/mocap4r2_msgs/include/mocap4r2_msgs/mocap4r2_msgs/msg/detail
[49.217s] -- Installing: /home/strain-drone/Documents/ros2_ws/install/mocap4r2_msgs/include/mocap4r2_msgs/mocap4r2_msgs/msg/detail/imus_info__rosidl_typesupport_introspection_c.h
[49.217s] -- Installing: /home/strain-drone/Documents/ros2_ws/install/mocap4r2_msgs/include/mocap4r2_msgs/mocap4r2_msgs/msg/detail/rigid_body__rosidl_typesupport_introspection_c.h
[49.217s] -- Installing: /home/strain-drone/Documents/ros2_ws/install/mocap4r2_msgs/include/mocap4r2_msgs/mocap4r2_msgs/msg/detail/imus_info__type_support.c
[49.217s] -- Installing: /home/strain-drone/Documents/ros2_ws/install/mocap4r2_msgs/include/mocap4r2_msgs/mocap4r2_msgs/msg/detail/marker__rosidl_typesupport_introspection_c.h
[49.217s] -- Installing: /home/strain-drone/Documents/ros2_ws/install/mocap4r2_msgs/include/mocap4r2_msgs/mocap4r2_msgs/msg/detail/rigid_bodies__rosidl_typesupport_introspection_c.h
[49.217s] -- Installing: /home/strain-drone/Documents/ros2_ws/install/mocap4r2_msgs/include/mocap4r2_msgs/mocap4r2_msgs/msg/detail/rigid_body__type_support.c
[49.218s] -- Installing: /home/strain-drone/Documents/ros2_ws/install/mocap4r2_msgs/include/mocap4r2_msgs/mocap4r2_msgs/msg/detail/markers__rosidl_typesupport_introspection_c.h
[49.219s] -- Installing: /home/strain-drone/Documents/ros2_ws/install/mocap4r2_msgs/include/mocap4r2_msgs/mocap4r2_msgs/msg/detail/marker__type_support.c
[49.219s] -- Installing: /home/strain-drone/Documents/ros2_ws/install/mocap4r2_msgs/include/mocap4r2_msgs/mocap4r2_msgs/msg/detail/rigid_bodies__type_support.c
[49.219s] -- Installing: /home/strain-drone/Documents/ros2_ws/install/mocap4r2_msgs/include/mocap4r2_msgs/mocap4r2_msgs/msg/detail/markers__type_support.c
[49.219s] -- Installing: /home/strain-drone/Documents/ros2_ws/install/mocap4r2_msgs/include/mocap4r2_msgs/mocap4r2_msgs/msg/rosidl_typesupport_introspection_c__visibility_control.h
[49.221s] -- Installing: /home/strain-drone/Documents/ros2_ws/install/mocap4r2_msgs/lib/libmocap4r2_msgs__rosidl_typesupport_introspection_c.so
[49.221s] -- Set non-toolchain portion of runtime path of "/home/strain-drone/Documents/ros2_ws/install/mocap4r2_msgs/lib/libmocap4r2_msgs__rosidl_typesupport_introspection_c.so" to ""
[49.221s] -- Installing: /home/strain-drone/Documents/ros2_ws/install/mocap4r2_msgs/lib/libmocap4r2_msgs__rosidl_typesupport_c.so
[49.221s] -- Set non-toolchain portion of runtime path of "/home/strain-drone/Documents/ros2_ws/install/mocap4r2_msgs/lib/libmocap4r2_msgs__rosidl_typesupport_c.so" to ""
[49.222s] -- Up-to-date: /home/strain-drone/Documents/ros2_ws/install/mocap4r2_msgs/include/mocap4r2_msgs/mocap4r2_msgs
[49.222s] -- Up-to-date: /home/strain-drone/Documents/ros2_ws/install/mocap4r2_msgs/include/mocap4r2_msgs/mocap4r2_msgs/msg
[49.222s] -- Installing: /home/strain-drone/Documents/ros2_ws/install/mocap4r2_msgs/include/mocap4r2_msgs/mocap4r2_msgs/msg/imus_info.hpp
[49.222s] -- Installing: /home/strain-drone/Documents/ros2_ws/install/mocap4r2_msgs/include/mocap4r2_msgs/mocap4r2_msgs/msg/markers.hpp
[49.222s] -- Installing: /home/strain-drone/Documents/ros2_ws/install/mocap4r2_msgs/include/mocap4r2_msgs/mocap4r2_msgs/msg/marker.hpp
[49.222s] -- Installing: /home/strain-drone/Documents/ros2_ws/install/mocap4r2_msgs/include/mocap4r2_msgs/mocap4r2_msgs/msg/rigid_body.hpp
[49.222s] -- Up-to-date: /home/strain-drone/Documents/ros2_ws/install/mocap4r2_msgs/include/mocap4r2_msgs/mocap4r2_msgs/msg/detail
[49.222s] -- Installing: /home/strain-drone/Documents/ros2_ws/install/mocap4r2_msgs/include/mocap4r2_msgs/mocap4r2_msgs/msg/detail/rigid_body__builder.hpp
[49.223s] -- Installing: /home/strain-drone/Documents/ros2_ws/install/mocap4r2_msgs/include/mocap4r2_msgs/mocap4r2_msgs/msg/detail/marker__builder.hpp
[49.223s] -- Installing: /home/strain-drone/Documents/ros2_ws/install/mocap4r2_msgs/include/mocap4r2_msgs/mocap4r2_msgs/msg/detail/markers__type_support.hpp
[49.223s] -- Installing: /home/strain-drone/Documents/ros2_ws/install/mocap4r2_msgs/include/mocap4r2_msgs/mocap4r2_msgs/msg/detail/imus_info__type_support.hpp
[49.223s] -- Installing: /home/strain-drone/Documents/ros2_ws/install/mocap4r2_msgs/include/mocap4r2_msgs/mocap4r2_msgs/msg/detail/imus_info__builder.hpp
[49.223s] -- Installing: /home/strain-drone/Documents/ros2_ws/install/mocap4r2_msgs/include/mocap4r2_msgs/mocap4r2_msgs/msg/detail/rigid_bodies__struct.hpp
[49.223s] -- Installing: /home/strain-drone/Documents/ros2_ws/install/mocap4r2_msgs/include/mocap4r2_msgs/mocap4r2_msgs/msg/detail/imus_info__traits.hpp
[49.223s] -- Installing: /home/strain-drone/Documents/ros2_ws/install/mocap4r2_msgs/include/mocap4r2_msgs/mocap4r2_msgs/msg/detail/rigid_body__struct.hpp
[49.224s] -- Installing: /home/strain-drone/Documents/ros2_ws/install/mocap4r2_msgs/include/mocap4r2_msgs/mocap4r2_msgs/msg/detail/imus_info__struct.hpp
[49.224s] -- Installing: /home/strain-drone/Documents/ros2_ws/install/mocap4r2_msgs/include/mocap4r2_msgs/mocap4r2_msgs/msg/detail/marker__type_support.hpp
[49.224s] -- Installing: /home/strain-drone/Documents/ros2_ws/install/mocap4r2_msgs/include/mocap4r2_msgs/mocap4r2_msgs/msg/detail/markers__traits.hpp
[49.227s] -- Installing: /home/strain-drone/Documents/ros2_ws/install/mocap4r2_msgs/include/mocap4r2_msgs/mocap4r2_msgs/msg/detail/rigid_body__traits.hpp
[49.230s] -- Installing: /home/strain-drone/Documents/ros2_ws/install/mocap4r2_msgs/include/mocap4r2_msgs/mocap4r2_msgs/msg/detail/rigid_bodies__traits.hpp
[49.230s] -- Installing: /home/strain-drone/Documents/ros2_ws/install/mocap4r2_msgs/include/mocap4r2_msgs/mocap4r2_msgs/msg/detail/markers__struct.hpp
[49.231s] -- Installing: /home/strain-drone/Documents/ros2_ws/install/mocap4r2_msgs/include/mocap4r2_msgs/mocap4r2_msgs/msg/detail/marker__traits.hpp
[49.233s] -- Installing: /home/strain-drone/Documents/ros2_ws/install/mocap4r2_msgs/include/mocap4r2_msgs/mocap4r2_msgs/msg/detail/rigid_bodies__builder.hpp
[49.233s] -- Installing: /home/strain-drone/Documents/ros2_ws/install/mocap4r2_msgs/include/mocap4r2_msgs/mocap4r2_msgs/msg/detail/marker__struct.hpp
[49.233s] -- Installing: /home/strain-drone/Documents/ros2_ws/install/mocap4r2_msgs/include/mocap4r2_msgs/mocap4r2_msgs/msg/detail/rigid_body__type_support.hpp
[49.234s] -- Installing: /home/strain-drone/Documents/ros2_ws/install/mocap4r2_msgs/include/mocap4r2_msgs/mocap4r2_msgs/msg/detail/rigid_bodies__type_support.hpp
[49.234s] -- Installing: /home/strain-drone/Documents/ros2_ws/install/mocap4r2_msgs/include/mocap4r2_msgs/mocap4r2_msgs/msg/detail/markers__builder.hpp
[49.234s] -- Installing: /home/strain-drone/Documents/ros2_ws/install/mocap4r2_msgs/include/mocap4r2_msgs/mocap4r2_msgs/msg/rigid_bodies.hpp
[49.234s] -- Installing: /home/strain-drone/Documents/ros2_ws/install/mocap4r2_msgs/include/mocap4r2_msgs/mocap4r2_msgs/msg/rosidl_generator_cpp__visibility_control.hpp
[49.234s] -- Up-to-date: /home/strain-drone/Documents/ros2_ws/install/mocap4r2_msgs/include/mocap4r2_msgs/mocap4r2_msgs
[49.234s] -- Up-to-date: /home/strain-drone/Documents/ros2_ws/install/mocap4r2_msgs/include/mocap4r2_msgs/mocap4r2_msgs/msg
[49.234s] -- Up-to-date: /home/strain-drone/Documents/ros2_ws/install/mocap4r2_msgs/include/mocap4r2_msgs/mocap4r2_msgs/msg/detail
[49.235s] -- Installing: /home/strain-drone/Documents/ros2_ws/install/mocap4r2_msgs/include/mocap4r2_msgs/mocap4r2_msgs/msg/detail/dds_fastrtps
[49.235s] -- Installing: /home/strain-drone/Documents/ros2_ws/install/mocap4r2_msgs/include/mocap4r2_msgs/mocap4r2_msgs/msg/detail/rigid_bodies__rosidl_typesupport_fastrtps_cpp.hpp
[49.236s] -- Installing: /home/strain-drone/Documents/ros2_ws/install/mocap4r2_msgs/include/mocap4r2_msgs/mocap4r2_msgs/msg/detail/imus_info__rosidl_typesupport_fastrtps_cpp.hpp
[49.236s] -- Installing: /home/strain-drone/Documents/ros2_ws/install/mocap4r2_msgs/include/mocap4r2_msgs/mocap4r2_msgs/msg/detail/markers__rosidl_typesupport_fastrtps_cpp.hpp
[49.236s] -- Installing: /home/strain-drone/Documents/ros2_ws/install/mocap4r2_msgs/include/mocap4r2_msgs/mocap4r2_msgs/msg/detail/rigid_body__rosidl_typesupport_fastrtps_cpp.hpp
[49.236s] -- Installing: /home/strain-drone/Documents/ros2_ws/install/mocap4r2_msgs/include/mocap4r2_msgs/mocap4r2_msgs/msg/detail/marker__rosidl_typesupport_fastrtps_cpp.hpp
[49.236s] -- Installing: /home/strain-drone/Documents/ros2_ws/install/mocap4r2_msgs/include/mocap4r2_msgs/mocap4r2_msgs/msg/rosidl_typesupport_fastrtps_cpp__visibility_control.h
[49.237s] -- Installing: /home/strain-drone/Documents/ros2_ws/install/mocap4r2_msgs/lib/libmocap4r2_msgs__rosidl_typesupport_fastrtps_cpp.so
[49.237s] -- Set non-toolchain portion of runtime path of "/home/strain-drone/Documents/ros2_ws/install/mocap4r2_msgs/lib/libmocap4r2_msgs__rosidl_typesupport_fastrtps_cpp.so" to ""
[49.237s] -- Up-to-date: /home/strain-drone/Documents/ros2_ws/install/mocap4r2_msgs/include/mocap4r2_msgs/mocap4r2_msgs
[49.237s] -- Up-to-date: /home/strain-drone/Documents/ros2_ws/install/mocap4r2_msgs/include/mocap4r2_msgs/mocap4r2_msgs/msg
[49.237s] -- Up-to-date: /home/strain-drone/Documents/ros2_ws/install/mocap4r2_msgs/include/mocap4r2_msgs/mocap4r2_msgs/msg/detail
[49.237s] -- Installing: /home/strain-drone/Documents/ros2_ws/install/mocap4r2_msgs/include/mocap4r2_msgs/mocap4r2_msgs/msg/detail/rigid_bodies__rosidl_typesupport_introspection_cpp.hpp
[49.238s] -- Installing: /home/strain-drone/Documents/ros2_ws/install/mocap4r2_msgs/include/mocap4r2_msgs/mocap4r2_msgs/msg/detail/rigid_bodies__type_support.cpp
[49.238s] -- Installing: /home/strain-drone/Documents/ros2_ws/install/mocap4r2_msgs/include/mocap4r2_msgs/mocap4r2_msgs/msg/detail/rigid_body__rosidl_typesupport_introspection_cpp.hpp
[49.238s] -- Installing: /home/strain-drone/Documents/ros2_ws/install/mocap4r2_msgs/include/mocap4r2_msgs/mocap4r2_msgs/msg/detail/markers__type_support.cpp
[49.238s] -- Installing: /home/strain-drone/Documents/ros2_ws/install/mocap4r2_msgs/include/mocap4r2_msgs/mocap4r2_msgs/msg/detail/markers__rosidl_typesupport_introspection_cpp.hpp
[49.238s] -- Installing: /home/strain-drone/Documents/ros2_ws/install/mocap4r2_msgs/include/mocap4r2_msgs/mocap4r2_msgs/msg/detail/imus_info__type_support.cpp
[49.238s] -- Installing: /home/strain-drone/Documents/ros2_ws/install/mocap4r2_msgs/include/mocap4r2_msgs/mocap4r2_msgs/msg/detail/marker__type_support.cpp
[49.238s] -- Installing: /home/strain-drone/Documents/ros2_ws/install/mocap4r2_msgs/include/mocap4r2_msgs/mocap4r2_msgs/msg/detail/marker__rosidl_typesupport_introspection_cpp.hpp
[49.239s] -- Installing: /home/strain-drone/Documents/ros2_ws/install/mocap4r2_msgs/include/mocap4r2_msgs/mocap4r2_msgs/msg/detail/rigid_body__type_support.cpp
[49.239s] -- Installing: /home/strain-drone/Documents/ros2_ws/install/mocap4r2_msgs/include/mocap4r2_msgs/mocap4r2_msgs/msg/detail/imus_info__rosidl_typesupport_introspection_cpp.hpp
[49.239s] -- Installing: /home/strain-drone/Documents/ros2_ws/install/mocap4r2_msgs/lib/libmocap4r2_msgs__rosidl_typesupport_introspection_cpp.so
[49.239s] -- Set non-toolchain portion of runtime path of "/home/strain-drone/Documents/ros2_ws/install/mocap4r2_msgs/lib/libmocap4r2_msgs__rosidl_typesupport_introspection_cpp.so" to ""
[49.239s] -- Installing: /home/strain-drone/Documents/ros2_ws/install/mocap4r2_msgs/lib/libmocap4r2_msgs__rosidl_typesupport_cpp.so
[49.240s] -- Set non-toolchain portion of runtime path of "/home/strain-drone/Documents/ros2_ws/install/mocap4r2_msgs/lib/libmocap4r2_msgs__rosidl_typesupport_cpp.so" to ""
[49.240s] -- Installing: /home/strain-drone/Documents/ros2_ws/install/mocap4r2_msgs/share/mocap4r2_msgs/environment/pythonpath.sh
[49.240s] -- Installing: /home/strain-drone/Documents/ros2_ws/install/mocap4r2_msgs/share/mocap4r2_msgs/environment/pythonpath.dsv
[49.240s] -- Installing: /home/strain-drone/Documents/ros2_ws/install/mocap4r2_msgs/lib/python3.12/site-packages/mocap4r2_msgs-0.0.3-py3.12.egg-info
[49.240s] -- Installing: /home/strain-drone/Documents/ros2_ws/install/mocap4r2_msgs/lib/python3.12/site-packages/mocap4r2_msgs-0.0.3-py3.12.egg-info/dependency_links.txt
[49.240s] -- Installing: /home/strain-drone/Documents/ros2_ws/install/mocap4r2_msgs/lib/python3.12/site-packages/mocap4r2_msgs-0.0.3-py3.12.egg-info/PKG-INFO
[49.241s] -- Installing: /home/strain-drone/Documents/ros2_ws/install/mocap4r2_msgs/lib/python3.12/site-packages/mocap4r2_msgs-0.0.3-py3.12.egg-info/top_level.txt
[49.241s] -- Installing: /home/strain-drone/Documents/ros2_ws/install/mocap4r2_msgs/lib/python3.12/site-packages/mocap4r2_msgs-0.0.3-py3.12.egg-info/SOURCES.txt
[49.244s] -- Installing: /home/strain-drone/Documents/ros2_ws/install/mocap4r2_msgs/lib/python3.12/site-packages/mocap4r2_msgs
[49.245s] -- Installing: /home/strain-drone/Documents/ros2_ws/install/mocap4r2_msgs/lib/python3.12/site-packages/mocap4r2_msgs/mocap4r2_msgs_s__rosidl_typesupport_fastrtps_c.so
[49.245s] -- Installing: /home/strain-drone/Documents/ros2_ws/install/mocap4r2_msgs/lib/python3.12/site-packages/mocap4r2_msgs/_mocap4r2_msgs_s.ep.rosidl_typesupport_c.c
[49.245s] -- Installing: /home/strain-drone/Documents/ros2_ws/install/mocap4r2_msgs/lib/python3.12/site-packages/mocap4r2_msgs/_mocap4r2_msgs_s.ep.rosidl_typesupport_introspection_c.c
[49.246s] -- Installing: /home/strain-drone/Documents/ros2_ws/install/mocap4r2_msgs/lib/python3.12/site-packages/mocap4r2_msgs/mocap4r2_msgs_s__rosidl_typesupport_c.so
[49.246s] -- Installing: /home/strain-drone/Documents/ros2_ws/install/mocap4r2_msgs/lib/python3.12/site-packages/mocap4r2_msgs/__init__.py
[49.246s] -- Installing: /home/strain-drone/Documents/ros2_ws/install/mocap4r2_msgs/lib/python3.12/site-packages/mocap4r2_msgs/mocap4r2_msgs_s__rosidl_typesupport_introspection_c.so
[49.246s] -- Installing: /home/strain-drone/Documents/ros2_ws/install/mocap4r2_msgs/lib/python3.12/site-packages/mocap4r2_msgs/msg
[49.246s] -- Installing: /home/strain-drone/Documents/ros2_ws/install/mocap4r2_msgs/lib/python3.12/site-packages/mocap4r2_msgs/msg/_rigid_bodies_s.c
[49.246s] -- Installing: /home/strain-drone/Documents/ros2_ws/install/mocap4r2_msgs/lib/python3.12/site-packages/mocap4r2_msgs/msg/_rigid_body.py
[49.246s] -- Installing: /home/strain-drone/Documents/ros2_ws/install/mocap4r2_msgs/lib/python3.12/site-packages/mocap4r2_msgs/msg/_markers_s.c
[49.247s] -- Installing: /home/strain-drone/Documents/ros2_ws/install/mocap4r2_msgs/lib/python3.12/site-packages/mocap4r2_msgs/msg/_imus_info_s.c
[49.247s] -- Installing: /home/strain-drone/Documents/ros2_ws/install/mocap4r2_msgs/lib/python3.12/site-packages/mocap4r2_msgs/msg/_rigid_bodies.py
[49.247s] -- Installing: /home/strain-drone/Documents/ros2_ws/install/mocap4r2_msgs/lib/python3.12/site-packages/mocap4r2_msgs/msg/_marker.py
[49.247s] -- Installing: /home/strain-drone/Documents/ros2_ws/install/mocap4r2_msgs/lib/python3.12/site-packages/mocap4r2_msgs/msg/__init__.py
[49.247s] -- Installing: /home/strain-drone/Documents/ros2_ws/install/mocap4r2_msgs/lib/python3.12/site-packages/mocap4r2_msgs/msg/_imus_info.py
[49.247s] -- Installing: /home/strain-drone/Documents/ros2_ws/install/mocap4r2_msgs/lib/python3.12/site-packages/mocap4r2_msgs/msg/_markers.py
[49.248s] -- Installing: /home/strain-drone/Documents/ros2_ws/install/mocap4r2_msgs/lib/python3.12/site-packages/mocap4r2_msgs/msg/_rigid_body_s.c
[49.248s] -- Installing: /home/strain-drone/Documents/ros2_ws/install/mocap4r2_msgs/lib/python3.12/site-packages/mocap4r2_msgs/msg/_marker_s.c
[49.248s] -- Installing: /home/strain-drone/Documents/ros2_ws/install/mocap4r2_msgs/lib/python3.12/site-packages/mocap4r2_msgs/_mocap4r2_msgs_s.ep.rosidl_typesupport_fastrtps_c.c
[49.342s] Listing '/home/strain-drone/Documents/ros2_ws/install/mocap4r2_msgs/lib/python3.12/site-packages/mocap4r2_msgs'...
[49.343s] Compiling '/home/strain-drone/Documents/ros2_ws/install/mocap4r2_msgs/lib/python3.12/site-packages/mocap4r2_msgs/__init__.py'...
[49.343s] Listing '/home/strain-drone/Documents/ros2_ws/install/mocap4r2_msgs/lib/python3.12/site-packages/mocap4r2_msgs/msg'...
[49.343s] Compiling '/home/strain-drone/Documents/ros2_ws/install/mocap4r2_msgs/lib/python3.12/site-packages/mocap4r2_msgs/msg/__init__.py'...
[49.343s] Compiling '/home/strain-drone/Documents/ros2_ws/install/mocap4r2_msgs/lib/python3.12/site-packages/mocap4r2_msgs/msg/_imus_info.py'...
[49.343s] Compiling '/home/strain-drone/Documents/ros2_ws/install/mocap4r2_msgs/lib/python3.12/site-packages/mocap4r2_msgs/msg/_marker.py'...
[49.344s] Compiling '/home/strain-drone/Documents/ros2_ws/install/mocap4r2_msgs/lib/python3.12/site-packages/mocap4r2_msgs/msg/_markers.py'...
[49.344s] Compiling '/home/strain-drone/Documents/ros2_ws/install/mocap4r2_msgs/lib/python3.12/site-packages/mocap4r2_msgs/msg/_rigid_bodies.py'...
[49.344s] Compiling '/home/strain-drone/Documents/ros2_ws/install/mocap4r2_msgs/lib/python3.12/site-packages/mocap4r2_msgs/msg/_rigid_body.py'...
[49.362s] -- Installing: /home/strain-drone/Documents/ros2_ws/install/mocap4r2_msgs/lib/python3.12/site-packages/mocap4r2_msgs/mocap4r2_msgs_s__rosidl_typesupport_fastrtps_c.so
[49.365s] -- Set non-toolchain portion of runtime path of "/home/strain-drone/Documents/ros2_ws/install/mocap4r2_msgs/lib/python3.12/site-packages/mocap4r2_msgs/mocap4r2_msgs_s__rosidl_typesupport_fastrtps_c.so" to ""
[49.365s] -- Installing: /home/strain-drone/Documents/ros2_ws/install/mocap4r2_msgs/lib/python3.12/site-packages/mocap4r2_msgs/mocap4r2_msgs_s__rosidl_typesupport_introspection_c.so
[49.366s] -- Set non-toolchain portion of runtime path of "/home/strain-drone/Documents/ros2_ws/install/mocap4r2_msgs/lib/python3.12/site-packages/mocap4r2_msgs/mocap4r2_msgs_s__rosidl_typesupport_introspection_c.so" to ""
[49.366s] -- Installing: /home/strain-drone/Documents/ros2_ws/install/mocap4r2_msgs/lib/python3.12/site-packages/mocap4r2_msgs/mocap4r2_msgs_s__rosidl_typesupport_c.so
[49.369s] -- Set non-toolchain portion of runtime path of "/home/strain-drone/Documents/ros2_ws/install/mocap4r2_msgs/lib/python3.12/site-packages/mocap4r2_msgs/mocap4r2_msgs_s__rosidl_typesupport_c.so" to ""
[49.369s] -- Installing: /home/strain-drone/Documents/ros2_ws/install/mocap4r2_msgs/lib/libmocap4r2_msgs__rosidl_generator_py.so
[49.370s] -- Set non-toolchain portion of runtime path of "/home/strain-drone/Documents/ros2_ws/install/mocap4r2_msgs/lib/libmocap4r2_msgs__rosidl_generator_py.so" to ""
[49.370s] -- Installing: /home/strain-drone/Documents/ros2_ws/install/mocap4r2_msgs/share/mocap4r2_msgs/msg/Marker.idl
[49.371s] -- Installing: /home/strain-drone/Documents/ros2_ws/install/mocap4r2_msgs/share/mocap4r2_msgs/msg/Markers.idl
[49.371s] -- Installing: /home/strain-drone/Documents/ros2_ws/install/mocap4r2_msgs/share/mocap4r2_msgs/msg/ImusInfo.idl
[49.371s] -- Installing: /home/strain-drone/Documents/ros2_ws/install/mocap4r2_msgs/share/mocap4r2_msgs/msg/RigidBody.idl
[49.372s] -- Installing: /home/strain-drone/Documents/ros2_ws/install/mocap4r2_msgs/share/mocap4r2_msgs/msg/RigidBodies.idl
[49.372s] -- Installing: /home/strain-drone/Documents/ros2_ws/install/mocap4r2_msgs/share/mocap4r2_msgs/msg/Marker.msg
[49.372s] -- Installing: /home/strain-drone/Documents/ros2_ws/install/mocap4r2_msgs/share/mocap4r2_msgs/msg/Markers.msg
[49.372s] -- Installing: /home/strain-drone/Documents/ros2_ws/install/mocap4r2_msgs/share/mocap4r2_msgs/msg/ImusInfo.msg
[49.372s] -- Installing: /home/strain-drone/Documents/ros2_ws/install/mocap4r2_msgs/share/mocap4r2_msgs/msg/RigidBody.msg
[49.372s] -- Installing: /home/strain-drone/Documents/ros2_ws/install/mocap4r2_msgs/share/mocap4r2_msgs/msg/RigidBodies.msg
[49.373s] -- Installing: /home/strain-drone/Documents/ros2_ws/install/mocap4r2_msgs/share/mocap4r2_msgs/mocap4r2_bridge_mapping_rule.yaml
[49.376s] -- Installing: /home/strain-drone/Documents/ros2_ws/install/mocap4r2_msgs/share/ament_index/resource_index/package_run_dependencies/mocap4r2_msgs
[49.376s] -- Installing: /home/strain-drone/Documents/ros2_ws/install/mocap4r2_msgs/share/ament_index/resource_index/parent_prefix_path/mocap4r2_msgs
[49.376s] -- Installing: /home/strain-drone/Documents/ros2_ws/install/mocap4r2_msgs/share/mocap4r2_msgs/environment/ament_prefix_path.sh
[49.377s] -- Installing: /home/strain-drone/Documents/ros2_ws/install/mocap4r2_msgs/share/mocap4r2_msgs/environment/ament_prefix_path.dsv
[49.377s] -- Installing: /home/strain-drone/Documents/ros2_ws/install/mocap4r2_msgs/share/mocap4r2_msgs/environment/path.sh
[49.378s] -- Installing: /home/strain-drone/Documents/ros2_ws/install/mocap4r2_msgs/share/mocap4r2_msgs/environment/path.dsv
[49.378s] -- Installing: /home/strain-drone/Documents/ros2_ws/install/mocap4r2_msgs/share/mocap4r2_msgs/local_setup.bash
[49.378s] -- Installing: /home/strain-drone/Documents/ros2_ws/install/mocap4r2_msgs/share/mocap4r2_msgs/local_setup.sh
[49.378s] -- Installing: /home/strain-drone/Documents/ros2_ws/install/mocap4r2_msgs/share/mocap4r2_msgs/local_setup.zsh
[49.380s] -- Installing: /home/strain-drone/Documents/ros2_ws/install/mocap4r2_msgs/share/mocap4r2_msgs/local_setup.dsv
[49.382s] -- Installing: /home/strain-drone/Documents/ros2_ws/install/mocap4r2_msgs/share/mocap4r2_msgs/package.dsv
[49.382s] -- Installing: /home/strain-drone/Documents/ros2_ws/install/mocap4r2_msgs/share/ament_index/resource_index/packages/mocap4r2_msgs
[49.383s] -- Installing: /home/strain-drone/Documents/ros2_ws/install/mocap4r2_msgs/share/mocap4r2_msgs/cmake/export_mocap4r2_msgs__rosidl_generator_cExport.cmake
[49.383s] -- Installing: /home/strain-drone/Documents/ros2_ws/install/mocap4r2_msgs/share/mocap4r2_msgs/cmake/export_mocap4r2_msgs__rosidl_generator_cExport-noconfig.cmake
[49.383s] -- Installing: /home/strain-drone/Documents/ros2_ws/install/mocap4r2_msgs/share/mocap4r2_msgs/cmake/export_mocap4r2_msgs__rosidl_typesupport_fastrtps_cExport.cmake
[49.383s] -- Installing: /home/strain-drone/Documents/ros2_ws/install/mocap4r2_msgs/share/mocap4r2_msgs/cmake/export_mocap4r2_msgs__rosidl_typesupport_fastrtps_cExport-noconfig.cmake
[49.384s] -- Installing: /home/strain-drone/Documents/ros2_ws/install/mocap4r2_msgs/share/mocap4r2_msgs/cmake/mocap4r2_msgs__rosidl_typesupport_introspection_cExport.cmake
[49.384s] -- Installing: /home/strain-drone/Documents/ros2_ws/install/mocap4r2_msgs/share/mocap4r2_msgs/cmake/mocap4r2_msgs__rosidl_typesupport_introspection_cExport-noconfig.cmake
[49.385s] -- Installing: /home/strain-drone/Documents/ros2_ws/install/mocap4r2_msgs/share/mocap4r2_msgs/cmake/mocap4r2_msgs__rosidl_typesupport_cExport.cmake
[49.385s] -- Installing: /home/strain-drone/Documents/ros2_ws/install/mocap4r2_msgs/share/mocap4r2_msgs/cmake/mocap4r2_msgs__rosidl_typesupport_cExport-noconfig.cmake
[49.385s] -- Installing: /home/strain-drone/Documents/ros2_ws/install/mocap4r2_msgs/share/mocap4r2_msgs/cmake/export_mocap4r2_msgs__rosidl_generator_cppExport.cmake
[49.385s] -- Installing: /home/strain-drone/Documents/ros2_ws/install/mocap4r2_msgs/share/mocap4r2_msgs/cmake/export_mocap4r2_msgs__rosidl_typesupport_fastrtps_cppExport.cmake
[49.386s] -- Installing: /home/strain-drone/Documents/ros2_ws/install/mocap4r2_msgs/share/mocap4r2_msgs/cmake/export_mocap4r2_msgs__rosidl_typesupport_fastrtps_cppExport-noconfig.cmake
[49.386s] -- Installing: /home/strain-drone/Documents/ros2_ws/install/mocap4r2_msgs/share/mocap4r2_msgs/cmake/mocap4r2_msgs__rosidl_typesupport_introspection_cppExport.cmake
[49.387s] -- Installing: /home/strain-drone/Documents/ros2_ws/install/mocap4r2_msgs/share/mocap4r2_msgs/cmake/mocap4r2_msgs__rosidl_typesupport_introspection_cppExport-noconfig.cmake
[49.388s] -- Installing: /home/strain-drone/Documents/ros2_ws/install/mocap4r2_msgs/share/mocap4r2_msgs/cmake/mocap4r2_msgs__rosidl_typesupport_cppExport.cmake
[49.388s] -- Installing: /home/strain-drone/Documents/ros2_ws/install/mocap4r2_msgs/share/mocap4r2_msgs/cmake/mocap4r2_msgs__rosidl_typesupport_cppExport-noconfig.cmake
[49.389s] -- Installing: /home/strain-drone/Documents/ros2_ws/install/mocap4r2_msgs/share/mocap4r2_msgs/cmake/export_mocap4r2_msgs__rosidl_generator_pyExport.cmake
[49.389s] -- Installing: /home/strain-drone/Documents/ros2_ws/install/mocap4r2_msgs/share/mocap4r2_msgs/cmake/export_mocap4r2_msgs__rosidl_generator_pyExport-noconfig.cmake
[49.389s] -- Installing: /home/strain-drone/Documents/ros2_ws/install/mocap4r2_msgs/share/mocap4r2_msgs/cmake/rosidl_cmake-extras.cmake
[49.390s] -- Installing: /home/strain-drone/Documents/ros2_ws/install/mocap4r2_msgs/share/mocap4r2_msgs/cmake/ament_cmake_export_dependencies-extras.cmake
[49.392s] -- Installing: /home/strain-drone/Documents/ros2_ws/install/mocap4r2_msgs/share/mocap4r2_msgs/cmake/ament_cmake_export_include_directories-extras.cmake
[49.392s] -- Installing: /home/strain-drone/Documents/ros2_ws/install/mocap4r2_msgs/share/mocap4r2_msgs/cmake/ament_cmake_export_libraries-extras.cmake
[49.392s] -- Installing: /home/strain-drone/Documents/ros2_ws/install/mocap4r2_msgs/share/mocap4r2_msgs/cmake/ament_cmake_export_targets-extras.cmake
[49.392s] -- Installing: /home/strain-drone/Documents/ros2_ws/install/mocap4r2_msgs/share/mocap4r2_msgs/cmake/rosidl_cmake_export_typesupport_targets-extras.cmake
[49.392s] -- Installing: /home/strain-drone/Documents/ros2_ws/install/mocap4r2_msgs/share/mocap4r2_msgs/cmake/rosidl_cmake_export_typesupport_libraries-extras.cmake
[49.392s] -- Installing: /home/strain-drone/Documents/ros2_ws/install/mocap4r2_msgs/share/mocap4r2_msgs/cmake/mocap4r2_msgsConfig.cmake
[49.393s] -- Installing: /home/strain-drone/Documents/ros2_ws/install/mocap4r2_msgs/share/mocap4r2_msgs/cmake/mocap4r2_msgsConfig-version.cmake
[49.393s] -- Installing: /home/strain-drone/Documents/ros2_ws/install/mocap4r2_msgs/share/mocap4r2_msgs/package.xml
[49.396s] Invoked command in '/home/strain-drone/Documents/ros2_ws/build/mocap4r2_msgs' returned '0': CMAKE_PREFIX_PATH=${CMAKE_PREFIX_PATH}:/opt/ros/jazzy DEBUGINFOD_URLS=https://debuginfod.ubuntu.com /usr/bin/cmake --install /home/strain-drone/Documents/ros2_ws/build/mocap4r2_msgs
