[4.634s] Invoking command in '/home/strain-drone/Documents/drone_position_hold/ros2_ws/src/visualizer': DEBUGINFOD_URLS=https://debuginfod.ubuntu.com PYTHONPATH=/home/strain-drone/Documents/drone_position_hold/ros2_ws/build/visualizer/prefix_override:/usr/lib/python3/dist-packages/colcon_core/task/python/colcon_distutils_commands:/home/strain-drone/Documents/drone_position_hold/ros2_ws/install/visualizer/lib/python3.12/site-packages:${PYTHONPATH} /usr/bin/python3 -W ignore:setup.py install is deprecated -W ignore:easy_install command is deprecated setup.py egg_info --egg-base ../../build/visualizer build --build-base /home/strain-drone/Documents/drone_position_hold/ros2_ws/build/visualizer/build install --record /home/strain-drone/Documents/drone_position_hold/ros2_ws/build/visualizer/install.log --single-version-externally-managed install_data
[6.716s] running egg_info
[6.920s] writing ../../build/visualizer/visualizer.egg-info/PKG-INFO
[6.925s] writing dependency_links to ../../build/visualizer/visualizer.egg-info/dependency_links.txt
[6.927s] writing entry points to ../../build/visualizer/visualizer.egg-info/entry_points.txt
[6.928s] writing requirements to ../../build/visualizer/visualizer.egg-info/requires.txt
[6.928s] writing top-level names to ../../build/visualizer/visualizer.egg-info/top_level.txt
[7.093s] reading manifest file '../../build/visualizer/visualizer.egg-info/SOURCES.txt'
[7.095s] writing manifest file '../../build/visualizer/visualizer.egg-info/SOURCES.txt'
[7.096s] running build
[7.096s] running build_py
[7.096s] copying visualizer/run_visualizer.py -> /home/strain-drone/Documents/drone_position_hold/ros2_ws/build/visualizer/build/lib/visualizer
[7.103s] running install
[7.119s] running install_lib
[7.200s] copying /home/strain-drone/Documents/drone_position_hold/ros2_ws/build/visualizer/build/lib/visualizer/run_visualizer.py -> /home/strain-drone/Documents/drone_position_hold/ros2_ws/install/visualizer/lib/python3.12/site-packages/visualizer
[7.202s] byte-compiling /home/strain-drone/Documents/drone_position_hold/ros2_ws/install/visualizer/lib/python3.12/site-packages/visualizer/run_visualizer.py to run_visualizer.cpython-312.pyc
[7.206s] running install_data
[7.206s] running install_egg_info
[7.298s] removing '/home/strain-drone/Documents/drone_position_hold/ros2_ws/install/visualizer/lib/python3.12/site-packages/visualizer-0.0.0-py3.12.egg-info' (and everything under it)
[7.299s] Copying ../../build/visualizer/visualizer.egg-info to /home/strain-drone/Documents/drone_position_hold/ros2_ws/install/visualizer/lib/python3.12/site-packages/visualizer-0.0.0-py3.12.egg-info
[7.299s] running install_scripts
[7.787s] Installing run_visualizer script to /home/strain-drone/Documents/drone_position_hold/ros2_ws/install/visualizer/lib/visualizer
[7.789s] writing list of installed files to '/home/strain-drone/Documents/drone_position_hold/ros2_ws/build/visualizer/install.log'
[8.091s] Invoked command in '/home/strain-drone/Documents/drone_position_hold/ros2_ws/src/visualizer' returned '0': DEBUGINFOD_URLS=https://debuginfod.ubuntu.com PYTHONPATH=/home/strain-drone/Documents/drone_position_hold/ros2_ws/build/visualizer/prefix_override:/usr/lib/python3/dist-packages/colcon_core/task/python/colcon_distutils_commands:/home/strain-drone/Documents/drone_position_hold/ros2_ws/install/visualizer/lib/python3.12/site-packages:${PYTHONPATH} /usr/bin/python3 -W ignore:setup.py install is deprecated -W ignore:easy_install command is deprecated setup.py egg_info --egg-base ../../build/visualizer build --build-base /home/strain-drone/Documents/drone_position_hold/ros2_ws/build/visualizer/build install --record /home/strain-drone/Documents/drone_position_hold/ros2_ws/build/visualizer/install.log --single-version-externally-managed install_data
