[0.028s] Invoking command in '/home/strain-drone/Documents/ros2_ws/build/rqt_mocap4r2_control': AMENT_PREFIX_PATH=/home/strain-drone/Documents/ros2_ws/install/mocap4r2_control:/home/strain-drone/Documents/ros2_ws/install/mocap4r2_control_msgs:${AMENT_PREFIX_PATH} CMAKE_PREFIX_PATH=/home/strain-drone/Documents/ros2_ws/install/mocap4r2_control:/home/strain-drone/Documents/ros2_ws/install/mocap4r2_control_msgs:/opt/ros/jazzy/opt/gz_math_vendor:/opt/ros/jazzy/opt/gz_utils_vendor:/opt/ros/jazzy/opt/gz_cmake_vendor:/opt/ros/jazzy DEBUGINFOD_URLS=https://debuginfod.ubuntu.com LD_LIBRARY_PATH=/home/strain-drone/Documents/ros2_ws/install/mocap4r2_control/lib:/home/strain-drone/Documents/ros2_ws/install/mocap4r2_control_msgs/lib:${LD_LIBRARY_PATH} PYTHONPATH=/home/strain-drone/Documents/ros2_ws/install/mocap4r2_control_msgs/lib/python3.12/site-packages:${PYTHONPATH} /usr/bin/cmake /home/strain-drone/Documents/ros2_ws/src/mocap4r2/mocap4r2_control/rqt_mocap4r2_control -DCMAKE_INSTALL_PREFIX=/home/strain-drone/Documents/ros2_ws/install/rqt_mocap4r2_control
[0.227s] -- The C compiler identification is GNU 13.3.0
[0.372s] -- The CXX compiler identification is GNU 13.3.0
[0.402s] -- Detecting C compiler ABI info
[0.701s] -- Detecting C compiler ABI info - done
[0.715s] -- Check for working C compiler: /usr/bin/cc - skipped
[0.715s] -- Detecting C compile features
[0.716s] -- Detecting C compile features - done
[0.731s] -- Detecting CXX compiler ABI info
[1.014s] -- Detecting CXX compiler ABI info - done
[1.028s] -- Check for working CXX compiler: /usr/bin/c++ - skipped
[1.030s] -- Detecting CXX compile features
[1.030s] -- Detecting CXX compile features - done
[1.036s] -- Found ament_cmake: 2.5.4 (/opt/ros/jazzy/share/ament_cmake/cmake)
[1.349s] -- Found Python3: /usr/bin/python3 (found version "3.12.3") found components: Interpreter 
[1.568s] -- Found rclcpp: 28.1.9 (/opt/ros/jazzy/share/rclcpp/cmake)
[1.630s] -- Found rosidl_generator_c: 4.6.5 (/opt/ros/jazzy/share/rosidl_generator_c/cmake)
[1.649s] -- Found rosidl_generator_cpp: 4.6.5 (/opt/ros/jazzy/share/rosidl_generator_cpp/cmake)
[1.676s] -- Using all available rosidl_typesupport_c: rosidl_typesupport_fastrtps_c;rosidl_typesupport_introspection_c
[1.705s] -- Using all available rosidl_typesupport_cpp: rosidl_typesupport_fastrtps_cpp;rosidl_typesupport_introspection_cpp
[1.812s] -- Found rmw_implementation_cmake: 7.3.2 (/opt/ros/jazzy/share/rmw_implementation_cmake/cmake)
[1.816s] -- Found rmw_fastrtps_cpp: 8.4.2 (/opt/ros/jazzy/share/rmw_fastrtps_cpp/cmake)
[1.966s] -- Found OpenSSL: /usr/lib/aarch64-linux-gnu/libcrypto.so (found version "3.0.13")  
[1.995s] -- Found FastRTPS: /opt/ros/jazzy/include (Required is at least version "2.13") 
[2.034s] -- Using RMW implementation 'rmw_fastrtps_cpp' as default
[2.134s] -- Found qt_gui_cpp: 2.7.5 (/opt/ros/jazzy/share/qt_gui_cpp/cmake)
[2.163s] -- Found rqt_gui_cpp: 1.6.0 (/opt/ros/jazzy/share/rqt_gui_cpp/cmake)
[2.170s] -- Found mocap4r2_control: 0.0.7 (/home/strain-drone/Documents/ros2_ws/install/mocap4r2_control/share/mocap4r2_control/cmake)
[2.397s] -- Found sensor_msgs: 5.3.6 (/opt/ros/jazzy/share/sensor_msgs/cmake)
[2.662s] -- Configuring done (2.6s)
[2.726s] -- Generating done (0.0s)
[2.736s] -- Build files have been written to: /home/strain-drone/Documents/ros2_ws/build/rqt_mocap4r2_control
[2.783s] Invoked command in '/home/strain-drone/Documents/ros2_ws/build/rqt_mocap4r2_control' returned '0': AMENT_PREFIX_PATH=/home/strain-drone/Documents/ros2_ws/install/mocap4r2_control:/home/strain-drone/Documents/ros2_ws/install/mocap4r2_control_msgs:${AMENT_PREFIX_PATH} CMAKE_PREFIX_PATH=/home/strain-drone/Documents/ros2_ws/install/mocap4r2_control:/home/strain-drone/Documents/ros2_ws/install/mocap4r2_control_msgs:/opt/ros/jazzy/opt/gz_math_vendor:/opt/ros/jazzy/opt/gz_utils_vendor:/opt/ros/jazzy/opt/gz_cmake_vendor:/opt/ros/jazzy DEBUGINFOD_URLS=https://debuginfod.ubuntu.com LD_LIBRARY_PATH=/home/strain-drone/Documents/ros2_ws/install/mocap4r2_control/lib:/home/strain-drone/Documents/ros2_ws/install/mocap4r2_control_msgs/lib:${LD_LIBRARY_PATH} PYTHONPATH=/home/strain-drone/Documents/ros2_ws/install/mocap4r2_control_msgs/lib/python3.12/site-packages:${PYTHONPATH} /usr/bin/cmake /home/strain-drone/Documents/ros2_ws/src/mocap4r2/mocap4r2_control/rqt_mocap4r2_control -DCMAKE_INSTALL_PREFIX=/home/strain-drone/Documents/ros2_ws/install/rqt_mocap4r2_control
[2.784s] Invoking command in '/home/strain-drone/Documents/ros2_ws/build/rqt_mocap4r2_control': AMENT_PREFIX_PATH=/home/strain-drone/Documents/ros2_ws/install/mocap4r2_control:/home/strain-drone/Documents/ros2_ws/install/mocap4r2_control_msgs:${AMENT_PREFIX_PATH} CMAKE_PREFIX_PATH=/home/strain-drone/Documents/ros2_ws/install/mocap4r2_control:/home/strain-drone/Documents/ros2_ws/install/mocap4r2_control_msgs:/opt/ros/jazzy/opt/gz_math_vendor:/opt/ros/jazzy/opt/gz_utils_vendor:/opt/ros/jazzy/opt/gz_cmake_vendor:/opt/ros/jazzy DEBUGINFOD_URLS=https://debuginfod.ubuntu.com LD_LIBRARY_PATH=/home/strain-drone/Documents/ros2_ws/install/mocap4r2_control/lib:/home/strain-drone/Documents/ros2_ws/install/mocap4r2_control_msgs/lib:${LD_LIBRARY_PATH} PYTHONPATH=/home/strain-drone/Documents/ros2_ws/install/mocap4r2_control_msgs/lib/python3.12/site-packages:${PYTHONPATH} /usr/bin/cmake --build /home/strain-drone/Documents/ros2_ws/build/rqt_mocap4r2_control -- -j4 -l4
[2.898s] [ 12%] [34m[1mGenerating ui_mocap4r2_control.h[0m
[2.904s] [ 25%] [34m[1mGenerating include/rqt_mocap4r2_control/moc_SystemController.cpp[0m
[2.912s] [ 37%] [34m[1mGenerating include/rqt_mocap4r2_control/moc_mocap4r2_control.cpp[0m
[2.957s] /home/strain-drone/Documents/ros2_ws/src/mocap4r2/mocap4r2_control/rqt_mocap4r2_control/include/rqt_mocap4r2_control/SystemController.hpp:0: Note: No relevant classes found. No output generated.
[3.077s] [ 50%] [32mBuilding CXX object CMakeFiles/rqt_mocap4r2_control.dir/include/rqt_mocap4r2_control/moc_mocap4r2_control.cpp.o[0m
[3.096s] [ 62%] [32mBuilding CXX object CMakeFiles/rqt_mocap4r2_control.dir/include/rqt_mocap4r2_control/moc_SystemController.cpp.o[0m
[3.096s] [ 75%] [32mBuilding CXX object CMakeFiles/rqt_mocap4r2_control.dir/src/rqt_mocap4r2_control/SystemController.cpp.o[0m
[3.102s] [ 87%] [32mBuilding CXX object CMakeFiles/rqt_mocap4r2_control.dir/src/rqt_mocap4r2_control/mocap4r2_control.cpp.o[0m
[35.305s] [100%] [32m[1mLinking CXX shared library librqt_mocap4r2_control.so[0m
[40.504s] [100%] Built target rqt_mocap4r2_control
[40.526s] Invoked command in '/home/strain-drone/Documents/ros2_ws/build/rqt_mocap4r2_control' returned '0': AMENT_PREFIX_PATH=/home/strain-drone/Documents/ros2_ws/install/mocap4r2_control:/home/strain-drone/Documents/ros2_ws/install/mocap4r2_control_msgs:${AMENT_PREFIX_PATH} CMAKE_PREFIX_PATH=/home/strain-drone/Documents/ros2_ws/install/mocap4r2_control:/home/strain-drone/Documents/ros2_ws/install/mocap4r2_control_msgs:/opt/ros/jazzy/opt/gz_math_vendor:/opt/ros/jazzy/opt/gz_utils_vendor:/opt/ros/jazzy/opt/gz_cmake_vendor:/opt/ros/jazzy DEBUGINFOD_URLS=https://debuginfod.ubuntu.com LD_LIBRARY_PATH=/home/strain-drone/Documents/ros2_ws/install/mocap4r2_control/lib:/home/strain-drone/Documents/ros2_ws/install/mocap4r2_control_msgs/lib:${LD_LIBRARY_PATH} PYTHONPATH=/home/strain-drone/Documents/ros2_ws/install/mocap4r2_control_msgs/lib/python3.12/site-packages:${PYTHONPATH} /usr/bin/cmake --build /home/strain-drone/Documents/ros2_ws/build/rqt_mocap4r2_control -- -j4 -l4
[40.529s] Invoking command in '/home/strain-drone/Documents/ros2_ws/build/rqt_mocap4r2_control': AMENT_PREFIX_PATH=/home/strain-drone/Documents/ros2_ws/install/mocap4r2_control:/home/strain-drone/Documents/ros2_ws/install/mocap4r2_control_msgs:${AMENT_PREFIX_PATH} CMAKE_PREFIX_PATH=/home/strain-drone/Documents/ros2_ws/install/mocap4r2_control:/home/strain-drone/Documents/ros2_ws/install/mocap4r2_control_msgs:/opt/ros/jazzy/opt/gz_math_vendor:/opt/ros/jazzy/opt/gz_utils_vendor:/opt/ros/jazzy/opt/gz_cmake_vendor:/opt/ros/jazzy DEBUGINFOD_URLS=https://debuginfod.ubuntu.com LD_LIBRARY_PATH=/home/strain-drone/Documents/ros2_ws/install/mocap4r2_control/lib:/home/strain-drone/Documents/ros2_ws/install/mocap4r2_control_msgs/lib:${LD_LIBRARY_PATH} PYTHONPATH=/home/strain-drone/Documents/ros2_ws/install/mocap4r2_control_msgs/lib/python3.12/site-packages:${PYTHONPATH} /usr/bin/cmake --install /home/strain-drone/Documents/ros2_ws/build/rqt_mocap4r2_control
[40.548s] -- Install configuration: ""
[40.548s] -- Installing: /home/strain-drone/Documents/ros2_ws/install/rqt_mocap4r2_control/lib/rqt_mocap4r2_control/librqt_mocap4r2_control.so
[40.587s] -- Set non-toolchain portion of runtime path of "/home/strain-drone/Documents/ros2_ws/install/rqt_mocap4r2_control/lib/rqt_mocap4r2_control/librqt_mocap4r2_control.so" to ""
[40.588s] -- Installing: /home/strain-drone/Documents/ros2_ws/install/rqt_mocap4r2_control/lib/rqt_mocap4r2_control/rqt_mocap4r2_control
[40.599s] -- Installing: /home/strain-drone/Documents/ros2_ws/install/rqt_mocap4r2_control/include
[40.599s] -- Installing: /home/strain-drone/Documents/ros2_ws/install/rqt_mocap4r2_control/include/rqt_mocap4r2_control
[40.599s] -- Installing: /home/strain-drone/Documents/ros2_ws/install/rqt_mocap4r2_control/include/rqt_mocap4r2_control/utils.hpp
[40.599s] -- Installing: /home/strain-drone/Documents/ros2_ws/install/rqt_mocap4r2_control/include/rqt_mocap4r2_control/mocap4r2_control.hpp
[40.599s] -- Installing: /home/strain-drone/Documents/ros2_ws/install/rqt_mocap4r2_control/include/rqt_mocap4r2_control/SystemController.hpp
[40.600s] -- Installing: /home/strain-drone/Documents/ros2_ws/install/rqt_mocap4r2_control/share/rqt_mocap4r2_control/plugin.xml
[40.610s] -- Up-to-date: /home/strain-drone/Documents/ros2_ws/install/rqt_mocap4r2_control/share/rqt_mocap4r2_control/plugin.xml
[40.611s] -- Installing: /home/strain-drone/Documents/ros2_ws/install/rqt_mocap4r2_control/share/rqt_mocap4r2_control/environment/library_path.sh
[40.611s] -- Installing: /home/strain-drone/Documents/ros2_ws/install/rqt_mocap4r2_control/share/rqt_mocap4r2_control/environment/library_path.dsv
[40.611s] -- Installing: /home/strain-drone/Documents/ros2_ws/install/rqt_mocap4r2_control/share/ament_index/resource_index/package_run_dependencies/rqt_mocap4r2_control
[40.611s] -- Installing: /home/strain-drone/Documents/ros2_ws/install/rqt_mocap4r2_control/share/ament_index/resource_index/parent_prefix_path/rqt_mocap4r2_control
[40.612s] -- Installing: /home/strain-drone/Documents/ros2_ws/install/rqt_mocap4r2_control/share/rqt_mocap4r2_control/environment/ament_prefix_path.sh
[40.612s] -- Installing: /home/strain-drone/Documents/ros2_ws/install/rqt_mocap4r2_control/share/rqt_mocap4r2_control/environment/ament_prefix_path.dsv
[40.612s] -- Installing: /home/strain-drone/Documents/ros2_ws/install/rqt_mocap4r2_control/share/rqt_mocap4r2_control/environment/path.sh
[40.612s] -- Installing: /home/strain-drone/Documents/ros2_ws/install/rqt_mocap4r2_control/share/rqt_mocap4r2_control/environment/path.dsv
[40.612s] -- Installing: /home/strain-drone/Documents/ros2_ws/install/rqt_mocap4r2_control/share/rqt_mocap4r2_control/local_setup.bash
[40.616s] -- Installing: /home/strain-drone/Documents/ros2_ws/install/rqt_mocap4r2_control/share/rqt_mocap4r2_control/local_setup.sh
[40.616s] -- Installing: /home/strain-drone/Documents/ros2_ws/install/rqt_mocap4r2_control/share/rqt_mocap4r2_control/local_setup.zsh
[40.616s] -- Installing: /home/strain-drone/Documents/ros2_ws/install/rqt_mocap4r2_control/share/rqt_mocap4r2_control/local_setup.dsv
[40.617s] -- Installing: /home/strain-drone/Documents/ros2_ws/install/rqt_mocap4r2_control/share/rqt_mocap4r2_control/package.dsv
[40.617s] -- Installing: /home/strain-drone/Documents/ros2_ws/install/rqt_mocap4r2_control/share/ament_index/resource_index/packages/rqt_mocap4r2_control
[40.617s] -- Installing: /home/strain-drone/Documents/ros2_ws/install/rqt_mocap4r2_control/share/ament_index/resource_index/rqt_gui__pluginlib__plugin/rqt_mocap4r2_control
[40.617s] -- Installing: /home/strain-drone/Documents/ros2_ws/install/rqt_mocap4r2_control/share/rqt_mocap4r2_control/cmake/ament_cmake_export_include_directories-extras.cmake
[40.618s] -- Installing: /home/strain-drone/Documents/ros2_ws/install/rqt_mocap4r2_control/share/rqt_mocap4r2_control/cmake/ament_cmake_export_libraries-extras.cmake
[40.618s] -- Installing: /home/strain-drone/Documents/ros2_ws/install/rqt_mocap4r2_control/share/rqt_mocap4r2_control/cmake/rqt_mocap4r2_controlConfig.cmake
[40.618s] -- Installing: /home/strain-drone/Documents/ros2_ws/install/rqt_mocap4r2_control/share/rqt_mocap4r2_control/cmake/rqt_mocap4r2_controlConfig-version.cmake
[40.618s] -- Installing: /home/strain-drone/Documents/ros2_ws/install/rqt_mocap4r2_control/share/rqt_mocap4r2_control/package.xml
[40.640s] Invoked command in '/home/strain-drone/Documents/ros2_ws/build/rqt_mocap4r2_control' returned '0': AMENT_PREFIX_PATH=/home/strain-drone/Documents/ros2_ws/install/mocap4r2_control:/home/strain-drone/Documents/ros2_ws/install/mocap4r2_control_msgs:${AMENT_PREFIX_PATH} CMAKE_PREFIX_PATH=/home/strain-drone/Documents/ros2_ws/install/mocap4r2_control:/home/strain-drone/Documents/ros2_ws/install/mocap4r2_control_msgs:/opt/ros/jazzy/opt/gz_math_vendor:/opt/ros/jazzy/opt/gz_utils_vendor:/opt/ros/jazzy/opt/gz_cmake_vendor:/opt/ros/jazzy DEBUGINFOD_URLS=https://debuginfod.ubuntu.com LD_LIBRARY_PATH=/home/strain-drone/Documents/ros2_ws/install/mocap4r2_control/lib:/home/strain-drone/Documents/ros2_ws/install/mocap4r2_control_msgs/lib:${LD_LIBRARY_PATH} PYTHONPATH=/home/strain-drone/Documents/ros2_ws/install/mocap4r2_control_msgs/lib/python3.12/site-packages:${PYTHONPATH} /usr/bin/cmake --install /home/strain-drone/Documents/ros2_ws/build/rqt_mocap4r2_control
