running egg_info
writing ../../build/position_publisher/position_publisher.egg-info/PKG-INFO
writing dependency_links to ../../build/position_publisher/position_publisher.egg-info/dependency_links.txt
writing entry points to ../../build/position_publisher/position_publisher.egg-info/entry_points.txt
writing requirements to ../../build/position_publisher/position_publisher.egg-info/requires.txt
writing top-level names to ../../build/position_publisher/position_publisher.egg-info/top_level.txt
reading manifest file '../../build/position_publisher/position_publisher.egg-info/SOURCES.txt'
writing manifest file '../../build/position_publisher/position_publisher.egg-info/SOURCES.txt'
running build
running build_py
copying position_publisher/position_publisher.py -> /home/strain-drone/Documents/drone_position_hold/ros2_ws/build/position_publisher/build/lib/position_publisher
running install
running install_lib
copying /home/strain-drone/Documents/drone_position_hold/ros2_ws/build/position_publisher/build/lib/position_publisher/position_publisher.py -> /home/strain-drone/Documents/drone_position_hold/ros2_ws/install/position_publisher/lib/python3.12/site-packages/position_publisher
byte-compiling /home/strain-drone/Documents/drone_position_hold/ros2_ws/install/position_publisher/lib/python3.12/site-packages/position_publisher/position_publisher.py to position_publisher.cpython-312.pyc
Sorry: TabError: inconsistent use of tabs and spaces in indentation (position_publisher.py, line 119)
running install_data
running install_egg_info
removing '/home/strain-drone/Documents/drone_position_hold/ros2_ws/install/position_publisher/lib/python3.12/site-packages/position_publisher-0.0.0-py3.12.egg-info' (and everything under it)
Copying ../../build/position_publisher/position_publisher.egg-info to /home/strain-drone/Documents/drone_position_hold/ros2_ws/install/position_publisher/lib/python3.12/site-packages/position_publisher-0.0.0-py3.12.egg-info
running install_scripts
Installing position_publisher script to /home/strain-drone/Documents/drone_position_hold/ros2_ws/install/position_publisher/lib/position_publisher
writing list of installed files to '/home/strain-drone/Documents/drone_position_hold/ros2_ws/build/position_publisher/install.log'
