[4.839s] Invoking command in '/home/strain-drone/Documents/drone_position_hold/ros2_ws/src/position_publisher': DEBUGINFOD_URLS=https://debuginfod.ubuntu.com PYTHONPATH=/home/strain-drone/Documents/drone_position_hold/ros2_ws/build/position_publisher/prefix_override:/usr/lib/python3/dist-packages/colcon_core/task/python/colcon_distutils_commands:/home/strain-drone/Documents/drone_position_hold/ros2_ws/install/position_publisher/lib/python3.12/site-packages:${PYTHONPATH} /usr/bin/python3 -W ignore:setup.py install is deprecated -W ignore:easy_install command is deprecated setup.py egg_info --egg-base ../../build/position_publisher build --build-base /home/strain-drone/Documents/drone_position_hold/ros2_ws/build/position_publisher/build install --record /home/strain-drone/Documents/drone_position_hold/ros2_ws/build/position_publisher/install.log --single-version-externally-managed install_data
[7.248s] running egg_info
[7.319s] writing ../../build/position_publisher/position_publisher.egg-info/PKG-INFO
[7.319s] writing dependency_links to ../../build/position_publisher/position_publisher.egg-info/dependency_links.txt
[7.319s] writing entry points to ../../build/position_publisher/position_publisher.egg-info/entry_points.txt
[7.319s] writing requirements to ../../build/position_publisher/position_publisher.egg-info/requires.txt
[7.327s] writing top-level names to ../../build/position_publisher/position_publisher.egg-info/top_level.txt
[7.468s] reading manifest file '../../build/position_publisher/position_publisher.egg-info/SOURCES.txt'
[7.471s] writing manifest file '../../build/position_publisher/position_publisher.egg-info/SOURCES.txt'
[7.477s] running build
[7.477s] running build_py
[7.478s] copying position_publisher/position_publisher.py -> /home/strain-drone/Documents/drone_position_hold/ros2_ws/build/position_publisher/build/lib/position_publisher
[7.478s] running install
[7.508s] running install_lib
[7.610s] copying /home/strain-drone/Documents/drone_position_hold/ros2_ws/build/position_publisher/build/lib/position_publisher/position_publisher.py -> /home/strain-drone/Documents/drone_position_hold/ros2_ws/install/position_publisher/lib/python3.12/site-packages/position_publisher
[7.616s] byte-compiling /home/strain-drone/Documents/drone_position_hold/ros2_ws/install/position_publisher/lib/python3.12/site-packages/position_publisher/position_publisher.py to position_publisher.cpython-312.pyc
[7.624s] running install_data
[7.629s] running install_egg_info
[7.727s] removing '/home/strain-drone/Documents/drone_position_hold/ros2_ws/install/position_publisher/lib/python3.12/site-packages/position_publisher-0.0.0-py3.12.egg-info' (and everything under it)
[7.733s] Copying ../../build/position_publisher/position_publisher.egg-info to /home/strain-drone/Documents/drone_position_hold/ros2_ws/install/position_publisher/lib/python3.12/site-packages/position_publisher-0.0.0-py3.12.egg-info
[7.733s] running install_scripts
[8.548s] Installing position_publisher script to /home/strain-drone/Documents/drone_position_hold/ros2_ws/install/position_publisher/lib/position_publisher
[8.553s] writing list of installed files to '/home/strain-drone/Documents/drone_position_hold/ros2_ws/build/position_publisher/install.log'
[8.961s] Invoked command in '/home/strain-drone/Documents/drone_position_hold/ros2_ws/src/position_publisher' returned '0': DEBUGINFOD_URLS=https://debuginfod.ubuntu.com PYTHONPATH=/home/strain-drone/Documents/drone_position_hold/ros2_ws/build/position_publisher/prefix_override:/usr/lib/python3/dist-packages/colcon_core/task/python/colcon_distutils_commands:/home/strain-drone/Documents/drone_position_hold/ros2_ws/install/position_publisher/lib/python3.12/site-packages:${PYTHONPATH} /usr/bin/python3 -W ignore:setup.py install is deprecated -W ignore:easy_install command is deprecated setup.py egg_info --egg-base ../../build/position_publisher build --build-base /home/strain-drone/Documents/drone_position_hold/ros2_ws/build/position_publisher/build install --record /home/strain-drone/Documents/drone_position_hold/ros2_ws/build/position_publisher/install.log --single-version-externally-managed install_data
