[0.051s] Invoking command in '/home/strain-drone/Documents/drone_position_hold/ros2_ws/build/mocap4r2_marker_viz_srvs': CMAKE_PREFIX_PATH=${CMAKE_PREFIX_PATH}:/home/strain-drone/Documents/drone_position_hold/ros2_ws/install/position_publisher:/home/strain-drone/Documents/drone_position_hold/ros2_ws/install/mocap4r2cli:/home/strain-drone/Documents/drone_position_hold/ros2_ws/install/mavros_config:/opt/ros/jazzy DEBUGINFOD_URLS=https://debuginfod.ubuntu.com /usr/bin/cmake --build /home/strain-drone/Documents/drone_position_hold/ros2_ws/build/mocap4r2_marker_viz_srvs -- -j4 -l4
[0.278s] [  2%] Built target mocap4r2_marker_viz_srvs__rosidl_generator_type_description
[0.290s] [  2%] Built target ament_cmake_python_copy_mocap4r2_marker_viz_srvs
[0.482s] [ 20%] Built target mocap4r2_marker_viz_srvs__rosidl_generator_c
[0.506s] [ 22%] Built target mocap4r2_marker_viz_srvs__cpp
[0.731s] [ 31%] Built target mocap4r2_marker_viz_srvs__rosidl_typesupport_introspection_c
[0.747s] [ 40%] Built target mocap4r2_marker_viz_srvs__rosidl_typesupport_fastrtps_c
[0.780s] [ 50%] Built target mocap4r2_marker_viz_srvs__rosidl_typesupport_c
[0.992s] [ 59%] Built target mocap4r2_marker_viz_srvs__rosidl_typesupport_fastrtps_cpp
[1.096s] [ 68%] Built target mocap4r2_marker_viz_srvs__rosidl_typesupport_introspection_cpp
[1.100s] [ 77%] Built target mocap4r2_marker_viz_srvs__rosidl_typesupport_cpp
[1.250s] [ 77%] Built target mocap4r2_marker_viz_srvs
[1.393s] [ 79%] Built target mocap4r2_marker_viz_srvs__py
[1.557s] [ 86%] Built target mocap4r2_marker_viz_srvs__rosidl_generator_py
[1.761s] [ 90%] Built target mocap4r2_marker_viz_srvs_s__rosidl_typesupport_introspection_c
[1.798s] [ 95%] Built target mocap4r2_marker_viz_srvs_s__rosidl_typesupport_c
[1.830s] [100%] Built target mocap4r2_marker_viz_srvs_s__rosidl_typesupport_fastrtps_c
[1.919s] running egg_info
[1.964s] writing mocap4r2_marker_viz_srvs.egg-info/PKG-INFO
[1.966s] writing dependency_links to mocap4r2_marker_viz_srvs.egg-info/dependency_links.txt
[1.969s] writing top-level names to mocap4r2_marker_viz_srvs.egg-info/top_level.txt
[2.077s] reading manifest file 'mocap4r2_marker_viz_srvs.egg-info/SOURCES.txt'
[2.078s] writing manifest file 'mocap4r2_marker_viz_srvs.egg-info/SOURCES.txt'
[2.208s] [100%] Built target ament_cmake_python_build_mocap4r2_marker_viz_srvs_egg
[2.249s] Invoked command in '/home/strain-drone/Documents/drone_position_hold/ros2_ws/build/mocap4r2_marker_viz_srvs' returned '0': CMAKE_PREFIX_PATH=${CMAKE_PREFIX_PATH}:/home/strain-drone/Documents/drone_position_hold/ros2_ws/install/position_publisher:/home/strain-drone/Documents/drone_position_hold/ros2_ws/install/mocap4r2cli:/home/strain-drone/Documents/drone_position_hold/ros2_ws/install/mavros_config:/opt/ros/jazzy DEBUGINFOD_URLS=https://debuginfod.ubuntu.com /usr/bin/cmake --build /home/strain-drone/Documents/drone_position_hold/ros2_ws/build/mocap4r2_marker_viz_srvs -- -j4 -l4
[2.282s] Invoking command in '/home/strain-drone/Documents/drone_position_hold/ros2_ws/build/mocap4r2_marker_viz_srvs': CMAKE_PREFIX_PATH=${CMAKE_PREFIX_PATH}:/home/strain-drone/Documents/drone_position_hold/ros2_ws/install/position_publisher:/home/strain-drone/Documents/drone_position_hold/ros2_ws/install/mocap4r2cli:/home/strain-drone/Documents/drone_position_hold/ros2_ws/install/mavros_config:/opt/ros/jazzy DEBUGINFOD_URLS=https://debuginfod.ubuntu.com /usr/bin/cmake --install /home/strain-drone/Documents/drone_position_hold/ros2_ws/build/mocap4r2_marker_viz_srvs
[2.305s] -- Install configuration: ""
[2.306s] -- Up-to-date: /home/strain-drone/Documents/drone_position_hold/ros2_ws/install/mocap4r2_marker_viz_srvs/share/ament_index/resource_index/rosidl_interfaces/mocap4r2_marker_viz_srvs
[2.306s] -- Up-to-date: /home/strain-drone/Documents/drone_position_hold/ros2_ws/install/mocap4r2_marker_viz_srvs/share/mocap4r2_marker_viz_srvs/srv/SetMarkerColor.json
[2.307s] -- Up-to-date: /home/strain-drone/Documents/drone_position_hold/ros2_ws/install/mocap4r2_marker_viz_srvs/share/mocap4r2_marker_viz_srvs/srv/ResetMarkerColor.json
[2.308s] -- Up-to-date: /home/strain-drone/Documents/drone_position_hold/ros2_ws/install/mocap4r2_marker_viz_srvs/include/mocap4r2_marker_viz_srvs/mocap4r2_marker_viz_srvs
[2.308s] -- Up-to-date: /home/strain-drone/Documents/drone_position_hold/ros2_ws/install/mocap4r2_marker_viz_srvs/include/mocap4r2_marker_viz_srvs/mocap4r2_marker_viz_srvs/srv
[2.309s] -- Up-to-date: /home/strain-drone/Documents/drone_position_hold/ros2_ws/install/mocap4r2_marker_viz_srvs/include/mocap4r2_marker_viz_srvs/mocap4r2_marker_viz_srvs/srv/detail
[2.312s] -- Up-to-date: /home/strain-drone/Documents/drone_position_hold/ros2_ws/install/mocap4r2_marker_viz_srvs/include/mocap4r2_marker_viz_srvs/mocap4r2_marker_viz_srvs/srv/detail/set_marker_color__functions.c
[2.313s] -- Up-to-date: /home/strain-drone/Documents/drone_position_hold/ros2_ws/install/mocap4r2_marker_viz_srvs/include/mocap4r2_marker_viz_srvs/mocap4r2_marker_viz_srvs/srv/detail/reset_marker_color__functions.h
[2.314s] -- Up-to-date: /home/strain-drone/Documents/drone_position_hold/ros2_ws/install/mocap4r2_marker_viz_srvs/include/mocap4r2_marker_viz_srvs/mocap4r2_marker_viz_srvs/srv/detail/reset_marker_color__struct.h
[2.315s] -- Up-to-date: /home/strain-drone/Documents/drone_position_hold/ros2_ws/install/mocap4r2_marker_viz_srvs/include/mocap4r2_marker_viz_srvs/mocap4r2_marker_viz_srvs/srv/detail/reset_marker_color__description.c
[2.316s] -- Up-to-date: /home/strain-drone/Documents/drone_position_hold/ros2_ws/install/mocap4r2_marker_viz_srvs/include/mocap4r2_marker_viz_srvs/mocap4r2_marker_viz_srvs/srv/detail/set_marker_color__functions.h
[2.316s] -- Up-to-date: /home/strain-drone/Documents/drone_position_hold/ros2_ws/install/mocap4r2_marker_viz_srvs/include/mocap4r2_marker_viz_srvs/mocap4r2_marker_viz_srvs/srv/detail/set_marker_color__type_support.h
[2.317s] -- Up-to-date: /home/strain-drone/Documents/drone_position_hold/ros2_ws/install/mocap4r2_marker_viz_srvs/include/mocap4r2_marker_viz_srvs/mocap4r2_marker_viz_srvs/srv/detail/reset_marker_color__type_support.h
[2.317s] -- Installing: /home/strain-drone/Documents/drone_position_hold/ros2_ws/install/mocap4r2_marker_viz_srvs/include/mocap4r2_marker_viz_srvs/mocap4r2_marker_viz_srvs/srv/detail/set_marker_color__type_support.c
[2.317s] -- Up-to-date: /home/strain-drone/Documents/drone_position_hold/ros2_ws/install/mocap4r2_marker_viz_srvs/include/mocap4r2_marker_viz_srvs/mocap4r2_marker_viz_srvs/srv/detail/reset_marker_color__functions.c
[2.317s] -- Up-to-date: /home/strain-drone/Documents/drone_position_hold/ros2_ws/install/mocap4r2_marker_viz_srvs/include/mocap4r2_marker_viz_srvs/mocap4r2_marker_viz_srvs/srv/detail/set_marker_color__description.c
[2.317s] -- Installing: /home/strain-drone/Documents/drone_position_hold/ros2_ws/install/mocap4r2_marker_viz_srvs/include/mocap4r2_marker_viz_srvs/mocap4r2_marker_viz_srvs/srv/detail/reset_marker_color__type_support.c
[2.317s] -- Up-to-date: /home/strain-drone/Documents/drone_position_hold/ros2_ws/install/mocap4r2_marker_viz_srvs/include/mocap4r2_marker_viz_srvs/mocap4r2_marker_viz_srvs/srv/detail/set_marker_color__struct.h
[2.317s] -- Up-to-date: /home/strain-drone/Documents/drone_position_hold/ros2_ws/install/mocap4r2_marker_viz_srvs/include/mocap4r2_marker_viz_srvs/mocap4r2_marker_viz_srvs/srv/set_marker_color.h
[2.318s] -- Up-to-date: /home/strain-drone/Documents/drone_position_hold/ros2_ws/install/mocap4r2_marker_viz_srvs/include/mocap4r2_marker_viz_srvs/mocap4r2_marker_viz_srvs/srv/reset_marker_color.h
[2.318s] -- Up-to-date: /home/strain-drone/Documents/drone_position_hold/ros2_ws/install/mocap4r2_marker_viz_srvs/include/mocap4r2_marker_viz_srvs/mocap4r2_marker_viz_srvs/msg
[2.318s] -- Up-to-date: /home/strain-drone/Documents/drone_position_hold/ros2_ws/install/mocap4r2_marker_viz_srvs/include/mocap4r2_marker_viz_srvs/mocap4r2_marker_viz_srvs/msg/rosidl_generator_c__visibility_control.h
[2.318s] -- Up-to-date: /home/strain-drone/Documents/drone_position_hold/ros2_ws/install/mocap4r2_marker_viz_srvs/share/mocap4r2_marker_viz_srvs/environment/library_path.sh
[2.318s] -- Up-to-date: /home/strain-drone/Documents/drone_position_hold/ros2_ws/install/mocap4r2_marker_viz_srvs/share/mocap4r2_marker_viz_srvs/environment/library_path.dsv
[2.318s] -- Up-to-date: /home/strain-drone/Documents/drone_position_hold/ros2_ws/install/mocap4r2_marker_viz_srvs/lib/libmocap4r2_marker_viz_srvs__rosidl_generator_c.so
[2.318s] -- Up-to-date: /home/strain-drone/Documents/drone_position_hold/ros2_ws/install/mocap4r2_marker_viz_srvs/include/mocap4r2_marker_viz_srvs/mocap4r2_marker_viz_srvs
[2.318s] -- Up-to-date: /home/strain-drone/Documents/drone_position_hold/ros2_ws/install/mocap4r2_marker_viz_srvs/include/mocap4r2_marker_viz_srvs/mocap4r2_marker_viz_srvs/srv
[2.319s] -- Up-to-date: /home/strain-drone/Documents/drone_position_hold/ros2_ws/install/mocap4r2_marker_viz_srvs/include/mocap4r2_marker_viz_srvs/mocap4r2_marker_viz_srvs/srv/detail
[2.319s] -- Up-to-date: /home/strain-drone/Documents/drone_position_hold/ros2_ws/install/mocap4r2_marker_viz_srvs/include/mocap4r2_marker_viz_srvs/mocap4r2_marker_viz_srvs/srv/detail/reset_marker_color__rosidl_typesupport_fastrtps_c.h
[2.323s] -- Up-to-date: /home/strain-drone/Documents/drone_position_hold/ros2_ws/install/mocap4r2_marker_viz_srvs/include/mocap4r2_marker_viz_srvs/mocap4r2_marker_viz_srvs/srv/detail/set_marker_color__rosidl_typesupport_fastrtps_c.h
[2.324s] -- Up-to-date: /home/strain-drone/Documents/drone_position_hold/ros2_ws/install/mocap4r2_marker_viz_srvs/include/mocap4r2_marker_viz_srvs/mocap4r2_marker_viz_srvs/msg
[2.324s] -- Up-to-date: /home/strain-drone/Documents/drone_position_hold/ros2_ws/install/mocap4r2_marker_viz_srvs/include/mocap4r2_marker_viz_srvs/mocap4r2_marker_viz_srvs/msg/rosidl_typesupport_fastrtps_c__visibility_control.h
[2.324s] -- Up-to-date: /home/strain-drone/Documents/drone_position_hold/ros2_ws/install/mocap4r2_marker_viz_srvs/lib/libmocap4r2_marker_viz_srvs__rosidl_typesupport_fastrtps_c.so
[2.324s] -- Up-to-date: /home/strain-drone/Documents/drone_position_hold/ros2_ws/install/mocap4r2_marker_viz_srvs/include/mocap4r2_marker_viz_srvs/mocap4r2_marker_viz_srvs
[2.324s] -- Up-to-date: /home/strain-drone/Documents/drone_position_hold/ros2_ws/install/mocap4r2_marker_viz_srvs/include/mocap4r2_marker_viz_srvs/mocap4r2_marker_viz_srvs/srv
[2.325s] -- Up-to-date: /home/strain-drone/Documents/drone_position_hold/ros2_ws/install/mocap4r2_marker_viz_srvs/include/mocap4r2_marker_viz_srvs/mocap4r2_marker_viz_srvs/srv/detail
[2.325s] -- Up-to-date: /home/strain-drone/Documents/drone_position_hold/ros2_ws/install/mocap4r2_marker_viz_srvs/include/mocap4r2_marker_viz_srvs/mocap4r2_marker_viz_srvs/srv/detail/set_marker_color__rosidl_typesupport_introspection_c.h
[2.325s] -- Up-to-date: /home/strain-drone/Documents/drone_position_hold/ros2_ws/install/mocap4r2_marker_viz_srvs/include/mocap4r2_marker_viz_srvs/mocap4r2_marker_viz_srvs/srv/detail/reset_marker_color__rosidl_typesupport_introspection_c.h
[2.325s] -- Installing: /home/strain-drone/Documents/drone_position_hold/ros2_ws/install/mocap4r2_marker_viz_srvs/include/mocap4r2_marker_viz_srvs/mocap4r2_marker_viz_srvs/srv/detail/set_marker_color__type_support.c
[2.325s] -- Installing: /home/strain-drone/Documents/drone_position_hold/ros2_ws/install/mocap4r2_marker_viz_srvs/include/mocap4r2_marker_viz_srvs/mocap4r2_marker_viz_srvs/srv/detail/reset_marker_color__type_support.c
[2.325s] -- Up-to-date: /home/strain-drone/Documents/drone_position_hold/ros2_ws/install/mocap4r2_marker_viz_srvs/include/mocap4r2_marker_viz_srvs/mocap4r2_marker_viz_srvs/msg
[2.325s] -- Up-to-date: /home/strain-drone/Documents/drone_position_hold/ros2_ws/install/mocap4r2_marker_viz_srvs/include/mocap4r2_marker_viz_srvs/mocap4r2_marker_viz_srvs/msg/rosidl_typesupport_introspection_c__visibility_control.h
[2.326s] -- Up-to-date: /home/strain-drone/Documents/drone_position_hold/ros2_ws/install/mocap4r2_marker_viz_srvs/lib/libmocap4r2_marker_viz_srvs__rosidl_typesupport_introspection_c.so
[2.326s] -- Up-to-date: /home/strain-drone/Documents/drone_position_hold/ros2_ws/install/mocap4r2_marker_viz_srvs/lib/libmocap4r2_marker_viz_srvs__rosidl_typesupport_c.so
[2.326s] -- Up-to-date: /home/strain-drone/Documents/drone_position_hold/ros2_ws/install/mocap4r2_marker_viz_srvs/include/mocap4r2_marker_viz_srvs/mocap4r2_marker_viz_srvs
[2.329s] -- Up-to-date: /home/strain-drone/Documents/drone_position_hold/ros2_ws/install/mocap4r2_marker_viz_srvs/include/mocap4r2_marker_viz_srvs/mocap4r2_marker_viz_srvs/srv
[2.330s] -- Up-to-date: /home/strain-drone/Documents/drone_position_hold/ros2_ws/install/mocap4r2_marker_viz_srvs/include/mocap4r2_marker_viz_srvs/mocap4r2_marker_viz_srvs/srv/reset_marker_color.hpp
[2.330s] -- Up-to-date: /home/strain-drone/Documents/drone_position_hold/ros2_ws/install/mocap4r2_marker_viz_srvs/include/mocap4r2_marker_viz_srvs/mocap4r2_marker_viz_srvs/srv/set_marker_color.hpp
[2.330s] -- Up-to-date: /home/strain-drone/Documents/drone_position_hold/ros2_ws/install/mocap4r2_marker_viz_srvs/include/mocap4r2_marker_viz_srvs/mocap4r2_marker_viz_srvs/srv/detail
[2.330s] -- Up-to-date: /home/strain-drone/Documents/drone_position_hold/ros2_ws/install/mocap4r2_marker_viz_srvs/include/mocap4r2_marker_viz_srvs/mocap4r2_marker_viz_srvs/srv/detail/reset_marker_color__struct.hpp
[2.333s] -- Up-to-date: /home/strain-drone/Documents/drone_position_hold/ros2_ws/install/mocap4r2_marker_viz_srvs/include/mocap4r2_marker_viz_srvs/mocap4r2_marker_viz_srvs/srv/detail/set_marker_color__type_support.hpp
[2.334s] -- Up-to-date: /home/strain-drone/Documents/drone_position_hold/ros2_ws/install/mocap4r2_marker_viz_srvs/include/mocap4r2_marker_viz_srvs/mocap4r2_marker_viz_srvs/srv/detail/reset_marker_color__type_support.hpp
[2.334s] -- Up-to-date: /home/strain-drone/Documents/drone_position_hold/ros2_ws/install/mocap4r2_marker_viz_srvs/include/mocap4r2_marker_viz_srvs/mocap4r2_marker_viz_srvs/srv/detail/reset_marker_color__traits.hpp
[2.335s] -- Up-to-date: /home/strain-drone/Documents/drone_position_hold/ros2_ws/install/mocap4r2_marker_viz_srvs/include/mocap4r2_marker_viz_srvs/mocap4r2_marker_viz_srvs/srv/detail/set_marker_color__struct.hpp
[2.335s] -- Up-to-date: /home/strain-drone/Documents/drone_position_hold/ros2_ws/install/mocap4r2_marker_viz_srvs/include/mocap4r2_marker_viz_srvs/mocap4r2_marker_viz_srvs/srv/detail/set_marker_color__builder.hpp
[2.335s] -- Up-to-date: /home/strain-drone/Documents/drone_position_hold/ros2_ws/install/mocap4r2_marker_viz_srvs/include/mocap4r2_marker_viz_srvs/mocap4r2_marker_viz_srvs/srv/detail/set_marker_color__traits.hpp
[2.337s] -- Up-to-date: /home/strain-drone/Documents/drone_position_hold/ros2_ws/install/mocap4r2_marker_viz_srvs/include/mocap4r2_marker_viz_srvs/mocap4r2_marker_viz_srvs/srv/detail/reset_marker_color__builder.hpp
[2.337s] -- Up-to-date: /home/strain-drone/Documents/drone_position_hold/ros2_ws/install/mocap4r2_marker_viz_srvs/include/mocap4r2_marker_viz_srvs/mocap4r2_marker_viz_srvs/msg
[2.337s] -- Up-to-date: /home/strain-drone/Documents/drone_position_hold/ros2_ws/install/mocap4r2_marker_viz_srvs/include/mocap4r2_marker_viz_srvs/mocap4r2_marker_viz_srvs/msg/rosidl_generator_cpp__visibility_control.hpp
[2.337s] -- Up-to-date: /home/strain-drone/Documents/drone_position_hold/ros2_ws/install/mocap4r2_marker_viz_srvs/include/mocap4r2_marker_viz_srvs/mocap4r2_marker_viz_srvs
[2.337s] -- Up-to-date: /home/strain-drone/Documents/drone_position_hold/ros2_ws/install/mocap4r2_marker_viz_srvs/include/mocap4r2_marker_viz_srvs/mocap4r2_marker_viz_srvs/srv
[2.337s] -- Up-to-date: /home/strain-drone/Documents/drone_position_hold/ros2_ws/install/mocap4r2_marker_viz_srvs/include/mocap4r2_marker_viz_srvs/mocap4r2_marker_viz_srvs/srv/detail
[2.337s] -- Up-to-date: /home/strain-drone/Documents/drone_position_hold/ros2_ws/install/mocap4r2_marker_viz_srvs/include/mocap4r2_marker_viz_srvs/mocap4r2_marker_viz_srvs/srv/detail/dds_fastrtps
[2.337s] -- Up-to-date: /home/strain-drone/Documents/drone_position_hold/ros2_ws/install/mocap4r2_marker_viz_srvs/include/mocap4r2_marker_viz_srvs/mocap4r2_marker_viz_srvs/srv/detail/reset_marker_color__rosidl_typesupport_fastrtps_cpp.hpp
[2.338s] -- Up-to-date: /home/strain-drone/Documents/drone_position_hold/ros2_ws/install/mocap4r2_marker_viz_srvs/include/mocap4r2_marker_viz_srvs/mocap4r2_marker_viz_srvs/srv/detail/set_marker_color__rosidl_typesupport_fastrtps_cpp.hpp
[2.338s] -- Up-to-date: /home/strain-drone/Documents/drone_position_hold/ros2_ws/install/mocap4r2_marker_viz_srvs/include/mocap4r2_marker_viz_srvs/mocap4r2_marker_viz_srvs/msg
[2.338s] -- Up-to-date: /home/strain-drone/Documents/drone_position_hold/ros2_ws/install/mocap4r2_marker_viz_srvs/include/mocap4r2_marker_viz_srvs/mocap4r2_marker_viz_srvs/msg/rosidl_typesupport_fastrtps_cpp__visibility_control.h
[2.338s] -- Up-to-date: /home/strain-drone/Documents/drone_position_hold/ros2_ws/install/mocap4r2_marker_viz_srvs/lib/libmocap4r2_marker_viz_srvs__rosidl_typesupport_fastrtps_cpp.so
[2.338s] -- Up-to-date: /home/strain-drone/Documents/drone_position_hold/ros2_ws/install/mocap4r2_marker_viz_srvs/include/mocap4r2_marker_viz_srvs/mocap4r2_marker_viz_srvs
[2.338s] -- Up-to-date: /home/strain-drone/Documents/drone_position_hold/ros2_ws/install/mocap4r2_marker_viz_srvs/include/mocap4r2_marker_viz_srvs/mocap4r2_marker_viz_srvs/srv
[2.338s] -- Up-to-date: /home/strain-drone/Documents/drone_position_hold/ros2_ws/install/mocap4r2_marker_viz_srvs/include/mocap4r2_marker_viz_srvs/mocap4r2_marker_viz_srvs/srv/detail
[2.338s] -- Up-to-date: /home/strain-drone/Documents/drone_position_hold/ros2_ws/install/mocap4r2_marker_viz_srvs/include/mocap4r2_marker_viz_srvs/mocap4r2_marker_viz_srvs/srv/detail/reset_marker_color__type_support.cpp
[2.339s] -- Up-to-date: /home/strain-drone/Documents/drone_position_hold/ros2_ws/install/mocap4r2_marker_viz_srvs/include/mocap4r2_marker_viz_srvs/mocap4r2_marker_viz_srvs/srv/detail/set_marker_color__rosidl_typesupport_introspection_cpp.hpp
[2.339s] -- Up-to-date: /home/strain-drone/Documents/drone_position_hold/ros2_ws/install/mocap4r2_marker_viz_srvs/include/mocap4r2_marker_viz_srvs/mocap4r2_marker_viz_srvs/srv/detail/set_marker_color__type_support.cpp
[2.341s] -- Up-to-date: /home/strain-drone/Documents/drone_position_hold/ros2_ws/install/mocap4r2_marker_viz_srvs/include/mocap4r2_marker_viz_srvs/mocap4r2_marker_viz_srvs/srv/detail/reset_marker_color__rosidl_typesupport_introspection_cpp.hpp
[2.341s] -- Up-to-date: /home/strain-drone/Documents/drone_position_hold/ros2_ws/install/mocap4r2_marker_viz_srvs/lib/libmocap4r2_marker_viz_srvs__rosidl_typesupport_introspection_cpp.so
[2.341s] -- Up-to-date: /home/strain-drone/Documents/drone_position_hold/ros2_ws/install/mocap4r2_marker_viz_srvs/lib/libmocap4r2_marker_viz_srvs__rosidl_typesupport_cpp.so
[2.342s] -- Up-to-date: /home/strain-drone/Documents/drone_position_hold/ros2_ws/install/mocap4r2_marker_viz_srvs/share/mocap4r2_marker_viz_srvs/environment/pythonpath.sh
[2.342s] -- Up-to-date: /home/strain-drone/Documents/drone_position_hold/ros2_ws/install/mocap4r2_marker_viz_srvs/share/mocap4r2_marker_viz_srvs/environment/pythonpath.dsv
[2.342s] -- Up-to-date: /home/strain-drone/Documents/drone_position_hold/ros2_ws/install/mocap4r2_marker_viz_srvs/lib/python3.12/site-packages/mocap4r2_marker_viz_srvs-0.0.7-py3.12.egg-info
[2.342s] -- Installing: /home/strain-drone/Documents/drone_position_hold/ros2_ws/install/mocap4r2_marker_viz_srvs/lib/python3.12/site-packages/mocap4r2_marker_viz_srvs-0.0.7-py3.12.egg-info/dependency_links.txt
[2.342s] -- Installing: /home/strain-drone/Documents/drone_position_hold/ros2_ws/install/mocap4r2_marker_viz_srvs/lib/python3.12/site-packages/mocap4r2_marker_viz_srvs-0.0.7-py3.12.egg-info/PKG-INFO
[2.342s] -- Installing: /home/strain-drone/Documents/drone_position_hold/ros2_ws/install/mocap4r2_marker_viz_srvs/lib/python3.12/site-packages/mocap4r2_marker_viz_srvs-0.0.7-py3.12.egg-info/top_level.txt
[2.342s] -- Installing: /home/strain-drone/Documents/drone_position_hold/ros2_ws/install/mocap4r2_marker_viz_srvs/lib/python3.12/site-packages/mocap4r2_marker_viz_srvs-0.0.7-py3.12.egg-info/SOURCES.txt
[2.342s] -- Up-to-date: /home/strain-drone/Documents/drone_position_hold/ros2_ws/install/mocap4r2_marker_viz_srvs/lib/python3.12/site-packages/mocap4r2_marker_viz_srvs
[2.343s] -- Up-to-date: /home/strain-drone/Documents/drone_position_hold/ros2_ws/install/mocap4r2_marker_viz_srvs/lib/python3.12/site-packages/mocap4r2_marker_viz_srvs/mocap4r2_marker_viz_srvs_s__rosidl_typesupport_fastrtps_c.so
[2.347s] -- Up-to-date: /home/strain-drone/Documents/drone_position_hold/ros2_ws/install/mocap4r2_marker_viz_srvs/lib/python3.12/site-packages/mocap4r2_marker_viz_srvs/mocap4r2_marker_viz_srvs_s__rosidl_typesupport_c.so
[2.349s] -- Up-to-date: /home/strain-drone/Documents/drone_position_hold/ros2_ws/install/mocap4r2_marker_viz_srvs/lib/python3.12/site-packages/mocap4r2_marker_viz_srvs/srv
[2.349s] -- Up-to-date: /home/strain-drone/Documents/drone_position_hold/ros2_ws/install/mocap4r2_marker_viz_srvs/lib/python3.12/site-packages/mocap4r2_marker_viz_srvs/srv/_reset_marker_color_s.c
[2.349s] -- Up-to-date: /home/strain-drone/Documents/drone_position_hold/ros2_ws/install/mocap4r2_marker_viz_srvs/lib/python3.12/site-packages/mocap4r2_marker_viz_srvs/srv/_set_marker_color_s.c
[2.349s] -- Up-to-date: /home/strain-drone/Documents/drone_position_hold/ros2_ws/install/mocap4r2_marker_viz_srvs/lib/python3.12/site-packages/mocap4r2_marker_viz_srvs/srv/_reset_marker_color.py
[2.349s] -- Up-to-date: /home/strain-drone/Documents/drone_position_hold/ros2_ws/install/mocap4r2_marker_viz_srvs/lib/python3.12/site-packages/mocap4r2_marker_viz_srvs/srv/__init__.py
[2.350s] -- Up-to-date: /home/strain-drone/Documents/drone_position_hold/ros2_ws/install/mocap4r2_marker_viz_srvs/lib/python3.12/site-packages/mocap4r2_marker_viz_srvs/srv/_set_marker_color.py
[2.350s] -- Up-to-date: /home/strain-drone/Documents/drone_position_hold/ros2_ws/install/mocap4r2_marker_viz_srvs/lib/python3.12/site-packages/mocap4r2_marker_viz_srvs/mocap4r2_marker_viz_srvs_s__rosidl_typesupport_introspection_c.so
[2.352s] -- Up-to-date: /home/strain-drone/Documents/drone_position_hold/ros2_ws/install/mocap4r2_marker_viz_srvs/lib/python3.12/site-packages/mocap4r2_marker_viz_srvs/_mocap4r2_marker_viz_srvs_s.ep.rosidl_typesupport_fastrtps_c.c
[2.352s] -- Up-to-date: /home/strain-drone/Documents/drone_position_hold/ros2_ws/install/mocap4r2_marker_viz_srvs/lib/python3.12/site-packages/mocap4r2_marker_viz_srvs/__init__.py
[2.353s] -- Up-to-date: /home/strain-drone/Documents/drone_position_hold/ros2_ws/install/mocap4r2_marker_viz_srvs/lib/python3.12/site-packages/mocap4r2_marker_viz_srvs/_mocap4r2_marker_viz_srvs_s.ep.rosidl_typesupport_introspection_c.c
[2.353s] -- Up-to-date: /home/strain-drone/Documents/drone_position_hold/ros2_ws/install/mocap4r2_marker_viz_srvs/lib/python3.12/site-packages/mocap4r2_marker_viz_srvs/_mocap4r2_marker_viz_srvs_s.ep.rosidl_typesupport_c.c
[2.460s] Listing '/home/strain-drone/Documents/drone_position_hold/ros2_ws/install/mocap4r2_marker_viz_srvs/lib/python3.12/site-packages/mocap4r2_marker_viz_srvs'...
[2.461s] Listing '/home/strain-drone/Documents/drone_position_hold/ros2_ws/install/mocap4r2_marker_viz_srvs/lib/python3.12/site-packages/mocap4r2_marker_viz_srvs/srv'...
[2.469s] -- Up-to-date: /home/strain-drone/Documents/drone_position_hold/ros2_ws/install/mocap4r2_marker_viz_srvs/lib/python3.12/site-packages/mocap4r2_marker_viz_srvs/mocap4r2_marker_viz_srvs_s__rosidl_typesupport_fastrtps_c.so
[2.474s] -- Up-to-date: /home/strain-drone/Documents/drone_position_hold/ros2_ws/install/mocap4r2_marker_viz_srvs/lib/python3.12/site-packages/mocap4r2_marker_viz_srvs/mocap4r2_marker_viz_srvs_s__rosidl_typesupport_introspection_c.so
[2.474s] -- Up-to-date: /home/strain-drone/Documents/drone_position_hold/ros2_ws/install/mocap4r2_marker_viz_srvs/lib/python3.12/site-packages/mocap4r2_marker_viz_srvs/mocap4r2_marker_viz_srvs_s__rosidl_typesupport_c.so
[2.475s] -- Up-to-date: /home/strain-drone/Documents/drone_position_hold/ros2_ws/install/mocap4r2_marker_viz_srvs/lib/libmocap4r2_marker_viz_srvs__rosidl_generator_py.so
[2.475s] -- Up-to-date: /home/strain-drone/Documents/drone_position_hold/ros2_ws/install/mocap4r2_marker_viz_srvs/share/mocap4r2_marker_viz_srvs/srv/SetMarkerColor.idl
[2.475s] -- Up-to-date: /home/strain-drone/Documents/drone_position_hold/ros2_ws/install/mocap4r2_marker_viz_srvs/share/mocap4r2_marker_viz_srvs/srv/ResetMarkerColor.idl
[2.475s] -- Up-to-date: /home/strain-drone/Documents/drone_position_hold/ros2_ws/install/mocap4r2_marker_viz_srvs/share/mocap4r2_marker_viz_srvs/srv/SetMarkerColor.srv
[2.475s] -- Up-to-date: /home/strain-drone/Documents/drone_position_hold/ros2_ws/install/mocap4r2_marker_viz_srvs/share/mocap4r2_marker_viz_srvs/srv/ResetMarkerColor.srv
[2.475s] -- Up-to-date: /home/strain-drone/Documents/drone_position_hold/ros2_ws/install/mocap4r2_marker_viz_srvs/share/ament_index/resource_index/package_run_dependencies/mocap4r2_marker_viz_srvs
[2.475s] -- Up-to-date: /home/strain-drone/Documents/drone_position_hold/ros2_ws/install/mocap4r2_marker_viz_srvs/share/ament_index/resource_index/parent_prefix_path/mocap4r2_marker_viz_srvs
[2.475s] -- Up-to-date: /home/strain-drone/Documents/drone_position_hold/ros2_ws/install/mocap4r2_marker_viz_srvs/share/mocap4r2_marker_viz_srvs/environment/ament_prefix_path.sh
[2.476s] -- Up-to-date: /home/strain-drone/Documents/drone_position_hold/ros2_ws/install/mocap4r2_marker_viz_srvs/share/mocap4r2_marker_viz_srvs/environment/ament_prefix_path.dsv
[2.476s] -- Up-to-date: /home/strain-drone/Documents/drone_position_hold/ros2_ws/install/mocap4r2_marker_viz_srvs/share/mocap4r2_marker_viz_srvs/environment/path.sh
[2.476s] -- Up-to-date: /home/strain-drone/Documents/drone_position_hold/ros2_ws/install/mocap4r2_marker_viz_srvs/share/mocap4r2_marker_viz_srvs/environment/path.dsv
[2.476s] -- Up-to-date: /home/strain-drone/Documents/drone_position_hold/ros2_ws/install/mocap4r2_marker_viz_srvs/share/mocap4r2_marker_viz_srvs/local_setup.bash
[2.476s] -- Up-to-date: /home/strain-drone/Documents/drone_position_hold/ros2_ws/install/mocap4r2_marker_viz_srvs/share/mocap4r2_marker_viz_srvs/local_setup.sh
[2.476s] -- Up-to-date: /home/strain-drone/Documents/drone_position_hold/ros2_ws/install/mocap4r2_marker_viz_srvs/share/mocap4r2_marker_viz_srvs/local_setup.zsh
[2.476s] -- Up-to-date: /home/strain-drone/Documents/drone_position_hold/ros2_ws/install/mocap4r2_marker_viz_srvs/share/mocap4r2_marker_viz_srvs/local_setup.dsv
[2.476s] -- Installing: /home/strain-drone/Documents/drone_position_hold/ros2_ws/install/mocap4r2_marker_viz_srvs/share/mocap4r2_marker_viz_srvs/package.dsv
[2.477s] -- Up-to-date: /home/strain-drone/Documents/drone_position_hold/ros2_ws/install/mocap4r2_marker_viz_srvs/share/ament_index/resource_index/packages/mocap4r2_marker_viz_srvs
[2.478s] -- Up-to-date: /home/strain-drone/Documents/drone_position_hold/ros2_ws/install/mocap4r2_marker_viz_srvs/share/mocap4r2_marker_viz_srvs/cmake/export_mocap4r2_marker_viz_srvs__rosidl_generator_cExport.cmake
[2.479s] -- Up-to-date: /home/strain-drone/Documents/drone_position_hold/ros2_ws/install/mocap4r2_marker_viz_srvs/share/mocap4r2_marker_viz_srvs/cmake/export_mocap4r2_marker_viz_srvs__rosidl_generator_cExport-noconfig.cmake
[2.479s] -- Up-to-date: /home/strain-drone/Documents/drone_position_hold/ros2_ws/install/mocap4r2_marker_viz_srvs/share/mocap4r2_marker_viz_srvs/cmake/export_mocap4r2_marker_viz_srvs__rosidl_typesupport_fastrtps_cExport.cmake
[2.480s] -- Up-to-date: /home/strain-drone/Documents/drone_position_hold/ros2_ws/install/mocap4r2_marker_viz_srvs/share/mocap4r2_marker_viz_srvs/cmake/export_mocap4r2_marker_viz_srvs__rosidl_typesupport_fastrtps_cExport-noconfig.cmake
[2.480s] -- Up-to-date: /home/strain-drone/Documents/drone_position_hold/ros2_ws/install/mocap4r2_marker_viz_srvs/share/mocap4r2_marker_viz_srvs/cmake/mocap4r2_marker_viz_srvs__rosidl_typesupport_introspection_cExport.cmake
[2.481s] -- Up-to-date: /home/strain-drone/Documents/drone_position_hold/ros2_ws/install/mocap4r2_marker_viz_srvs/share/mocap4r2_marker_viz_srvs/cmake/mocap4r2_marker_viz_srvs__rosidl_typesupport_introspection_cExport-noconfig.cmake
[2.482s] -- Up-to-date: /home/strain-drone/Documents/drone_position_hold/ros2_ws/install/mocap4r2_marker_viz_srvs/share/mocap4r2_marker_viz_srvs/cmake/mocap4r2_marker_viz_srvs__rosidl_typesupport_cExport.cmake
[2.483s] -- Up-to-date: /home/strain-drone/Documents/drone_position_hold/ros2_ws/install/mocap4r2_marker_viz_srvs/share/mocap4r2_marker_viz_srvs/cmake/mocap4r2_marker_viz_srvs__rosidl_typesupport_cExport-noconfig.cmake
[2.484s] -- Up-to-date: /home/strain-drone/Documents/drone_position_hold/ros2_ws/install/mocap4r2_marker_viz_srvs/share/mocap4r2_marker_viz_srvs/cmake/export_mocap4r2_marker_viz_srvs__rosidl_generator_cppExport.cmake
[2.485s] -- Up-to-date: /home/strain-drone/Documents/drone_position_hold/ros2_ws/install/mocap4r2_marker_viz_srvs/share/mocap4r2_marker_viz_srvs/cmake/export_mocap4r2_marker_viz_srvs__rosidl_typesupport_fastrtps_cppExport.cmake
[2.485s] -- Up-to-date: /home/strain-drone/Documents/drone_position_hold/ros2_ws/install/mocap4r2_marker_viz_srvs/share/mocap4r2_marker_viz_srvs/cmake/export_mocap4r2_marker_viz_srvs__rosidl_typesupport_fastrtps_cppExport-noconfig.cmake
[2.487s] -- Up-to-date: /home/strain-drone/Documents/drone_position_hold/ros2_ws/install/mocap4r2_marker_viz_srvs/share/mocap4r2_marker_viz_srvs/cmake/mocap4r2_marker_viz_srvs__rosidl_typesupport_introspection_cppExport.cmake
[2.488s] -- Up-to-date: /home/strain-drone/Documents/drone_position_hold/ros2_ws/install/mocap4r2_marker_viz_srvs/share/mocap4r2_marker_viz_srvs/cmake/mocap4r2_marker_viz_srvs__rosidl_typesupport_introspection_cppExport-noconfig.cmake
[2.489s] -- Up-to-date: /home/strain-drone/Documents/drone_position_hold/ros2_ws/install/mocap4r2_marker_viz_srvs/share/mocap4r2_marker_viz_srvs/cmake/mocap4r2_marker_viz_srvs__rosidl_typesupport_cppExport.cmake
[2.489s] -- Up-to-date: /home/strain-drone/Documents/drone_position_hold/ros2_ws/install/mocap4r2_marker_viz_srvs/share/mocap4r2_marker_viz_srvs/cmake/mocap4r2_marker_viz_srvs__rosidl_typesupport_cppExport-noconfig.cmake
[2.490s] -- Up-to-date: /home/strain-drone/Documents/drone_position_hold/ros2_ws/install/mocap4r2_marker_viz_srvs/share/mocap4r2_marker_viz_srvs/cmake/export_mocap4r2_marker_viz_srvs__rosidl_generator_pyExport.cmake
[2.491s] -- Up-to-date: /home/strain-drone/Documents/drone_position_hold/ros2_ws/install/mocap4r2_marker_viz_srvs/share/mocap4r2_marker_viz_srvs/cmake/export_mocap4r2_marker_viz_srvs__rosidl_generator_pyExport-noconfig.cmake
[2.492s] -- Up-to-date: /home/strain-drone/Documents/drone_position_hold/ros2_ws/install/mocap4r2_marker_viz_srvs/share/mocap4r2_marker_viz_srvs/cmake/rosidl_cmake-extras.cmake
[2.492s] -- Up-to-date: /home/strain-drone/Documents/drone_position_hold/ros2_ws/install/mocap4r2_marker_viz_srvs/share/mocap4r2_marker_viz_srvs/cmake/ament_cmake_export_dependencies-extras.cmake
[2.492s] -- Up-to-date: /home/strain-drone/Documents/drone_position_hold/ros2_ws/install/mocap4r2_marker_viz_srvs/share/mocap4r2_marker_viz_srvs/cmake/ament_cmake_export_include_directories-extras.cmake
[2.493s] -- Up-to-date: /home/strain-drone/Documents/drone_position_hold/ros2_ws/install/mocap4r2_marker_viz_srvs/share/mocap4r2_marker_viz_srvs/cmake/ament_cmake_export_libraries-extras.cmake
[2.493s] -- Up-to-date: /home/strain-drone/Documents/drone_position_hold/ros2_ws/install/mocap4r2_marker_viz_srvs/share/mocap4r2_marker_viz_srvs/cmake/ament_cmake_export_targets-extras.cmake
[2.493s] -- Up-to-date: /home/strain-drone/Documents/drone_position_hold/ros2_ws/install/mocap4r2_marker_viz_srvs/share/mocap4r2_marker_viz_srvs/cmake/rosidl_cmake_export_typesupport_targets-extras.cmake
[2.494s] -- Up-to-date: /home/strain-drone/Documents/drone_position_hold/ros2_ws/install/mocap4r2_marker_viz_srvs/share/mocap4r2_marker_viz_srvs/cmake/rosidl_cmake_export_typesupport_libraries-extras.cmake
[2.494s] -- Up-to-date: /home/strain-drone/Documents/drone_position_hold/ros2_ws/install/mocap4r2_marker_viz_srvs/share/mocap4r2_marker_viz_srvs/cmake/mocap4r2_marker_viz_srvsConfig.cmake
[2.494s] -- Up-to-date: /home/strain-drone/Documents/drone_position_hold/ros2_ws/install/mocap4r2_marker_viz_srvs/share/mocap4r2_marker_viz_srvs/cmake/mocap4r2_marker_viz_srvsConfig-version.cmake
[2.501s] -- Up-to-date: /home/strain-drone/Documents/drone_position_hold/ros2_ws/install/mocap4r2_marker_viz_srvs/share/mocap4r2_marker_viz_srvs/package.xml
[2.507s] Invoked command in '/home/strain-drone/Documents/drone_position_hold/ros2_ws/build/mocap4r2_marker_viz_srvs' returned '0': CMAKE_PREFIX_PATH=${CMAKE_PREFIX_PATH}:/home/strain-drone/Documents/drone_position_hold/ros2_ws/install/position_publisher:/home/strain-drone/Documents/drone_position_hold/ros2_ws/install/mocap4r2cli:/home/strain-drone/Documents/drone_position_hold/ros2_ws/install/mavros_config:/opt/ros/jazzy DEBUGINFOD_URLS=https://debuginfod.ubuntu.com /usr/bin/cmake --install /home/strain-drone/Documents/drone_position_hold/ros2_ws/build/mocap4r2_marker_viz_srvs
