[0.045s] Invoking command in '/home/strain-drone/Documents/drone_position_hold/ros2_ws/build/mocap4r2_msgs': CMAKE_PREFIX_PATH=${CMAKE_PREFIX_PATH}:/home/strain-drone/Documents/drone_position_hold/ros2_ws/install/position_publisher:/home/strain-drone/Documents/drone_position_hold/ros2_ws/install/mocap4r2cli:/home/strain-drone/Documents/drone_position_hold/ros2_ws/install/mavros_config:/opt/ros/jazzy DEBUGINFOD_URLS=https://debuginfod.ubuntu.com /usr/bin/cmake --build /home/strain-drone/Documents/drone_position_hold/ros2_ws/build/mocap4r2_msgs -- -j4 -l4
[0.226s] [  1%] Built target mocap4r2_msgs__rosidl_generator_type_description
[0.311s] [  1%] Built target ament_cmake_python_copy_mocap4r2_msgs
[0.364s] [ 24%] Built target mocap4r2_msgs__rosidl_generator_c
[0.446s] [ 25%] Built target mocap4r2_msgs__cpp
[0.607s] [ 35%] Built target mocap4r2_msgs__rosidl_typesupport_c
[0.747s] [ 44%] Built target mocap4r2_msgs__rosidl_typesupport_fastrtps_c
[0.861s] [ 54%] Built target mocap4r2_msgs__rosidl_typesupport_fastrtps_cpp
[0.998s] [ 63%] Built target mocap4r2_msgs__rosidl_typesupport_introspection_cpp
[1.122s] [ 72%] Built target mocap4r2_msgs__rosidl_typesupport_cpp
[1.287s] running egg_info
[1.329s] writing mocap4r2_msgs.egg-info/PKG-INFO
[1.329s] writing dependency_links to mocap4r2_msgs.egg-info/dependency_links.txt
[1.331s] writing top-level names to mocap4r2_msgs.egg-info/top_level.txt
[1.446s] reading manifest file 'mocap4r2_msgs.egg-info/SOURCES.txt'
[1.455s] writing manifest file 'mocap4r2_msgs.egg-info/SOURCES.txt'
[1.631s] [ 72%] Built target ament_cmake_python_build_mocap4r2_msgs_egg
[1.692s] [ 82%] Built target mocap4r2_msgs__rosidl_typesupport_introspection_c
[1.740s] [ 82%] Built target mocap4r2_msgs
[1.792s] [ 83%] Built target mocap4r2_msgs__py
[1.858s] [ 91%] Built target mocap4r2_msgs__rosidl_generator_py
[1.942s] [ 94%] Built target mocap4r2_msgs_s__rosidl_typesupport_fastrtps_c
[2.052s] [ 97%] Built target mocap4r2_msgs_s__rosidl_typesupport_c
[2.140s] [100%] Built target mocap4r2_msgs_s__rosidl_typesupport_introspection_c
[2.200s] Invoked command in '/home/strain-drone/Documents/drone_position_hold/ros2_ws/build/mocap4r2_msgs' returned '0': CMAKE_PREFIX_PATH=${CMAKE_PREFIX_PATH}:/home/strain-drone/Documents/drone_position_hold/ros2_ws/install/position_publisher:/home/strain-drone/Documents/drone_position_hold/ros2_ws/install/mocap4r2cli:/home/strain-drone/Documents/drone_position_hold/ros2_ws/install/mavros_config:/opt/ros/jazzy DEBUGINFOD_URLS=https://debuginfod.ubuntu.com /usr/bin/cmake --build /home/strain-drone/Documents/drone_position_hold/ros2_ws/build/mocap4r2_msgs -- -j4 -l4
[2.245s] Invoking command in '/home/strain-drone/Documents/drone_position_hold/ros2_ws/build/mocap4r2_msgs': CMAKE_PREFIX_PATH=${CMAKE_PREFIX_PATH}:/home/strain-drone/Documents/drone_position_hold/ros2_ws/install/position_publisher:/home/strain-drone/Documents/drone_position_hold/ros2_ws/install/mocap4r2cli:/home/strain-drone/Documents/drone_position_hold/ros2_ws/install/mavros_config:/opt/ros/jazzy DEBUGINFOD_URLS=https://debuginfod.ubuntu.com /usr/bin/cmake --install /home/strain-drone/Documents/drone_position_hold/ros2_ws/build/mocap4r2_msgs
[2.290s] -- Install configuration: ""
[2.290s] -- Up-to-date: /home/strain-drone/Documents/drone_position_hold/ros2_ws/install/mocap4r2_msgs/share/ament_index/resource_index/rosidl_interfaces/mocap4r2_msgs
[2.290s] -- Up-to-date: /home/strain-drone/Documents/drone_position_hold/ros2_ws/install/mocap4r2_msgs/share/mocap4r2_msgs/msg/Marker.json
[2.290s] -- Up-to-date: /home/strain-drone/Documents/drone_position_hold/ros2_ws/install/mocap4r2_msgs/share/mocap4r2_msgs/msg/Markers.json
[2.290s] -- Up-to-date: /home/strain-drone/Documents/drone_position_hold/ros2_ws/install/mocap4r2_msgs/share/mocap4r2_msgs/msg/ImusInfo.json
[2.290s] -- Up-to-date: /home/strain-drone/Documents/drone_position_hold/ros2_ws/install/mocap4r2_msgs/share/mocap4r2_msgs/msg/RigidBody.json
[2.290s] -- Up-to-date: /home/strain-drone/Documents/drone_position_hold/ros2_ws/install/mocap4r2_msgs/share/mocap4r2_msgs/msg/RigidBodies.json
[2.291s] -- Up-to-date: /home/strain-drone/Documents/drone_position_hold/ros2_ws/install/mocap4r2_msgs/include/mocap4r2_msgs/mocap4r2_msgs
[2.291s] -- Up-to-date: /home/strain-drone/Documents/drone_position_hold/ros2_ws/install/mocap4r2_msgs/include/mocap4r2_msgs/mocap4r2_msgs/msg
[2.291s] -- Up-to-date: /home/strain-drone/Documents/drone_position_hold/ros2_ws/install/mocap4r2_msgs/include/mocap4r2_msgs/mocap4r2_msgs/msg/rigid_bodies.h
[2.291s] -- Up-to-date: /home/strain-drone/Documents/drone_position_hold/ros2_ws/install/mocap4r2_msgs/include/mocap4r2_msgs/mocap4r2_msgs/msg/rigid_body.h
[2.291s] -- Up-to-date: /home/strain-drone/Documents/drone_position_hold/ros2_ws/install/mocap4r2_msgs/include/mocap4r2_msgs/mocap4r2_msgs/msg/rosidl_generator_c__visibility_control.h
[2.291s] -- Up-to-date: /home/strain-drone/Documents/drone_position_hold/ros2_ws/install/mocap4r2_msgs/include/mocap4r2_msgs/mocap4r2_msgs/msg/imus_info.h
[2.291s] -- Up-to-date: /home/strain-drone/Documents/drone_position_hold/ros2_ws/install/mocap4r2_msgs/include/mocap4r2_msgs/mocap4r2_msgs/msg/markers.h
[2.291s] -- Up-to-date: /home/strain-drone/Documents/drone_position_hold/ros2_ws/install/mocap4r2_msgs/include/mocap4r2_msgs/mocap4r2_msgs/msg/detail
[2.291s] -- Up-to-date: /home/strain-drone/Documents/drone_position_hold/ros2_ws/install/mocap4r2_msgs/include/mocap4r2_msgs/mocap4r2_msgs/msg/detail/rigid_body__struct.h
[2.299s] -- Up-to-date: /home/strain-drone/Documents/drone_position_hold/ros2_ws/install/mocap4r2_msgs/include/mocap4r2_msgs/mocap4r2_msgs/msg/detail/markers__description.c
[2.299s] -- Up-to-date: /home/strain-drone/Documents/drone_position_hold/ros2_ws/install/mocap4r2_msgs/include/mocap4r2_msgs/mocap4r2_msgs/msg/detail/rigid_body__description.c
[2.299s] -- Up-to-date: /home/strain-drone/Documents/drone_position_hold/ros2_ws/install/mocap4r2_msgs/include/mocap4r2_msgs/mocap4r2_msgs/msg/detail/rigid_bodies__functions.c
[2.299s] -- Up-to-date: /home/strain-drone/Documents/drone_position_hold/ros2_ws/install/mocap4r2_msgs/include/mocap4r2_msgs/mocap4r2_msgs/msg/detail/marker__functions.c
[2.300s] -- Up-to-date: /home/strain-drone/Documents/drone_position_hold/ros2_ws/install/mocap4r2_msgs/include/mocap4r2_msgs/mocap4r2_msgs/msg/detail/marker__description.c
[2.300s] -- Up-to-date: /home/strain-drone/Documents/drone_position_hold/ros2_ws/install/mocap4r2_msgs/include/mocap4r2_msgs/mocap4r2_msgs/msg/detail/marker__type_support.h
[2.300s] -- Up-to-date: /home/strain-drone/Documents/drone_position_hold/ros2_ws/install/mocap4r2_msgs/include/mocap4r2_msgs/mocap4r2_msgs/msg/detail/rigid_bodies__type_support.h
[2.300s] -- Up-to-date: /home/strain-drone/Documents/drone_position_hold/ros2_ws/install/mocap4r2_msgs/include/mocap4r2_msgs/mocap4r2_msgs/msg/detail/markers__functions.h
[2.300s] -- Installing: /home/strain-drone/Documents/drone_position_hold/ros2_ws/install/mocap4r2_msgs/include/mocap4r2_msgs/mocap4r2_msgs/msg/detail/imus_info__type_support.c
[2.300s] -- Up-to-date: /home/strain-drone/Documents/drone_position_hold/ros2_ws/install/mocap4r2_msgs/include/mocap4r2_msgs/mocap4r2_msgs/msg/detail/rigid_bodies__description.c
[2.300s] -- Up-to-date: /home/strain-drone/Documents/drone_position_hold/ros2_ws/install/mocap4r2_msgs/include/mocap4r2_msgs/mocap4r2_msgs/msg/detail/rigid_body__type_support.h
[2.300s] -- Up-to-date: /home/strain-drone/Documents/drone_position_hold/ros2_ws/install/mocap4r2_msgs/include/mocap4r2_msgs/mocap4r2_msgs/msg/detail/rigid_body__functions.h
[2.300s] -- Up-to-date: /home/strain-drone/Documents/drone_position_hold/ros2_ws/install/mocap4r2_msgs/include/mocap4r2_msgs/mocap4r2_msgs/msg/detail/imus_info__functions.h
[2.300s] -- Up-to-date: /home/strain-drone/Documents/drone_position_hold/ros2_ws/install/mocap4r2_msgs/include/mocap4r2_msgs/mocap4r2_msgs/msg/detail/imus_info__type_support.h
[2.301s] -- Up-to-date: /home/strain-drone/Documents/drone_position_hold/ros2_ws/install/mocap4r2_msgs/include/mocap4r2_msgs/mocap4r2_msgs/msg/detail/rigid_body__functions.c
[2.301s] -- Up-to-date: /home/strain-drone/Documents/drone_position_hold/ros2_ws/install/mocap4r2_msgs/include/mocap4r2_msgs/mocap4r2_msgs/msg/detail/markers__functions.c
[2.301s] -- Up-to-date: /home/strain-drone/Documents/drone_position_hold/ros2_ws/install/mocap4r2_msgs/include/mocap4r2_msgs/mocap4r2_msgs/msg/detail/rigid_bodies__functions.h
[2.301s] -- Up-to-date: /home/strain-drone/Documents/drone_position_hold/ros2_ws/install/mocap4r2_msgs/include/mocap4r2_msgs/mocap4r2_msgs/msg/detail/imus_info__description.c
[2.301s] -- Up-to-date: /home/strain-drone/Documents/drone_position_hold/ros2_ws/install/mocap4r2_msgs/include/mocap4r2_msgs/mocap4r2_msgs/msg/detail/imus_info__struct.h
[2.301s] -- Installing: /home/strain-drone/Documents/drone_position_hold/ros2_ws/install/mocap4r2_msgs/include/mocap4r2_msgs/mocap4r2_msgs/msg/detail/rigid_body__type_support.c
[2.301s] -- Up-to-date: /home/strain-drone/Documents/drone_position_hold/ros2_ws/install/mocap4r2_msgs/include/mocap4r2_msgs/mocap4r2_msgs/msg/detail/marker__struct.h
[2.301s] -- Installing: /home/strain-drone/Documents/drone_position_hold/ros2_ws/install/mocap4r2_msgs/include/mocap4r2_msgs/mocap4r2_msgs/msg/detail/marker__type_support.c
[2.301s] -- Up-to-date: /home/strain-drone/Documents/drone_position_hold/ros2_ws/install/mocap4r2_msgs/include/mocap4r2_msgs/mocap4r2_msgs/msg/detail/marker__functions.h
[2.301s] -- Installing: /home/strain-drone/Documents/drone_position_hold/ros2_ws/install/mocap4r2_msgs/include/mocap4r2_msgs/mocap4r2_msgs/msg/detail/rigid_bodies__type_support.c
[2.302s] -- Up-to-date: /home/strain-drone/Documents/drone_position_hold/ros2_ws/install/mocap4r2_msgs/include/mocap4r2_msgs/mocap4r2_msgs/msg/detail/markers__type_support.h
[2.310s] -- Up-to-date: /home/strain-drone/Documents/drone_position_hold/ros2_ws/install/mocap4r2_msgs/include/mocap4r2_msgs/mocap4r2_msgs/msg/detail/rigid_bodies__struct.h
[2.310s] -- Up-to-date: /home/strain-drone/Documents/drone_position_hold/ros2_ws/install/mocap4r2_msgs/include/mocap4r2_msgs/mocap4r2_msgs/msg/detail/markers__struct.h
[2.310s] -- Installing: /home/strain-drone/Documents/drone_position_hold/ros2_ws/install/mocap4r2_msgs/include/mocap4r2_msgs/mocap4r2_msgs/msg/detail/markers__type_support.c
[2.310s] -- Up-to-date: /home/strain-drone/Documents/drone_position_hold/ros2_ws/install/mocap4r2_msgs/include/mocap4r2_msgs/mocap4r2_msgs/msg/detail/imus_info__functions.c
[2.310s] -- Up-to-date: /home/strain-drone/Documents/drone_position_hold/ros2_ws/install/mocap4r2_msgs/include/mocap4r2_msgs/mocap4r2_msgs/msg/marker.h
[2.311s] -- Up-to-date: /home/strain-drone/Documents/drone_position_hold/ros2_ws/install/mocap4r2_msgs/share/mocap4r2_msgs/environment/library_path.sh
[2.311s] -- Up-to-date: /home/strain-drone/Documents/drone_position_hold/ros2_ws/install/mocap4r2_msgs/share/mocap4r2_msgs/environment/library_path.dsv
[2.311s] -- Up-to-date: /home/strain-drone/Documents/drone_position_hold/ros2_ws/install/mocap4r2_msgs/lib/libmocap4r2_msgs__rosidl_generator_c.so
[2.311s] -- Up-to-date: /home/strain-drone/Documents/drone_position_hold/ros2_ws/install/mocap4r2_msgs/include/mocap4r2_msgs/mocap4r2_msgs
[2.311s] -- Up-to-date: /home/strain-drone/Documents/drone_position_hold/ros2_ws/install/mocap4r2_msgs/include/mocap4r2_msgs/mocap4r2_msgs/msg
[2.312s] -- Up-to-date: /home/strain-drone/Documents/drone_position_hold/ros2_ws/install/mocap4r2_msgs/include/mocap4r2_msgs/mocap4r2_msgs/msg/rosidl_typesupport_fastrtps_c__visibility_control.h
[2.315s] -- Up-to-date: /home/strain-drone/Documents/drone_position_hold/ros2_ws/install/mocap4r2_msgs/include/mocap4r2_msgs/mocap4r2_msgs/msg/detail
[2.317s] -- Up-to-date: /home/strain-drone/Documents/drone_position_hold/ros2_ws/install/mocap4r2_msgs/include/mocap4r2_msgs/mocap4r2_msgs/msg/detail/marker__rosidl_typesupport_fastrtps_c.h
[2.322s] -- Up-to-date: /home/strain-drone/Documents/drone_position_hold/ros2_ws/install/mocap4r2_msgs/include/mocap4r2_msgs/mocap4r2_msgs/msg/detail/rigid_body__rosidl_typesupport_fastrtps_c.h
[2.322s] -- Up-to-date: /home/strain-drone/Documents/drone_position_hold/ros2_ws/install/mocap4r2_msgs/include/mocap4r2_msgs/mocap4r2_msgs/msg/detail/rigid_bodies__rosidl_typesupport_fastrtps_c.h
[2.325s] -- Up-to-date: /home/strain-drone/Documents/drone_position_hold/ros2_ws/install/mocap4r2_msgs/include/mocap4r2_msgs/mocap4r2_msgs/msg/detail/markers__rosidl_typesupport_fastrtps_c.h
[2.325s] -- Up-to-date: /home/strain-drone/Documents/drone_position_hold/ros2_ws/install/mocap4r2_msgs/include/mocap4r2_msgs/mocap4r2_msgs/msg/detail/imus_info__rosidl_typesupport_fastrtps_c.h
[2.325s] -- Up-to-date: /home/strain-drone/Documents/drone_position_hold/ros2_ws/install/mocap4r2_msgs/lib/libmocap4r2_msgs__rosidl_typesupport_fastrtps_c.so
[2.325s] -- Up-to-date: /home/strain-drone/Documents/drone_position_hold/ros2_ws/install/mocap4r2_msgs/include/mocap4r2_msgs/mocap4r2_msgs
[2.325s] -- Up-to-date: /home/strain-drone/Documents/drone_position_hold/ros2_ws/install/mocap4r2_msgs/include/mocap4r2_msgs/mocap4r2_msgs/msg
[2.326s] -- Up-to-date: /home/strain-drone/Documents/drone_position_hold/ros2_ws/install/mocap4r2_msgs/include/mocap4r2_msgs/mocap4r2_msgs/msg/detail
[2.326s] -- Up-to-date: /home/strain-drone/Documents/drone_position_hold/ros2_ws/install/mocap4r2_msgs/include/mocap4r2_msgs/mocap4r2_msgs/msg/detail/imus_info__rosidl_typesupport_introspection_c.h
[2.326s] -- Up-to-date: /home/strain-drone/Documents/drone_position_hold/ros2_ws/install/mocap4r2_msgs/include/mocap4r2_msgs/mocap4r2_msgs/msg/detail/rigid_body__rosidl_typesupport_introspection_c.h
[2.326s] -- Installing: /home/strain-drone/Documents/drone_position_hold/ros2_ws/install/mocap4r2_msgs/include/mocap4r2_msgs/mocap4r2_msgs/msg/detail/imus_info__type_support.c
[2.326s] -- Up-to-date: /home/strain-drone/Documents/drone_position_hold/ros2_ws/install/mocap4r2_msgs/include/mocap4r2_msgs/mocap4r2_msgs/msg/detail/marker__rosidl_typesupport_introspection_c.h
[2.326s] -- Up-to-date: /home/strain-drone/Documents/drone_position_hold/ros2_ws/install/mocap4r2_msgs/include/mocap4r2_msgs/mocap4r2_msgs/msg/detail/rigid_bodies__rosidl_typesupport_introspection_c.h
[2.326s] -- Installing: /home/strain-drone/Documents/drone_position_hold/ros2_ws/install/mocap4r2_msgs/include/mocap4r2_msgs/mocap4r2_msgs/msg/detail/rigid_body__type_support.c
[2.326s] -- Up-to-date: /home/strain-drone/Documents/drone_position_hold/ros2_ws/install/mocap4r2_msgs/include/mocap4r2_msgs/mocap4r2_msgs/msg/detail/markers__rosidl_typesupport_introspection_c.h
[2.326s] -- Installing: /home/strain-drone/Documents/drone_position_hold/ros2_ws/install/mocap4r2_msgs/include/mocap4r2_msgs/mocap4r2_msgs/msg/detail/marker__type_support.c
[2.353s] -- Installing: /home/strain-drone/Documents/drone_position_hold/ros2_ws/install/mocap4r2_msgs/include/mocap4r2_msgs/mocap4r2_msgs/msg/detail/rigid_bodies__type_support.c
[2.353s] -- Installing: /home/strain-drone/Documents/drone_position_hold/ros2_ws/install/mocap4r2_msgs/include/mocap4r2_msgs/mocap4r2_msgs/msg/detail/markers__type_support.c
[2.354s] -- Up-to-date: /home/strain-drone/Documents/drone_position_hold/ros2_ws/install/mocap4r2_msgs/include/mocap4r2_msgs/mocap4r2_msgs/msg/rosidl_typesupport_introspection_c__visibility_control.h
[2.354s] -- Up-to-date: /home/strain-drone/Documents/drone_position_hold/ros2_ws/install/mocap4r2_msgs/lib/libmocap4r2_msgs__rosidl_typesupport_introspection_c.so
[2.354s] -- Up-to-date: /home/strain-drone/Documents/drone_position_hold/ros2_ws/install/mocap4r2_msgs/lib/libmocap4r2_msgs__rosidl_typesupport_c.so
[2.354s] -- Up-to-date: /home/strain-drone/Documents/drone_position_hold/ros2_ws/install/mocap4r2_msgs/include/mocap4r2_msgs/mocap4r2_msgs
[2.354s] -- Up-to-date: /home/strain-drone/Documents/drone_position_hold/ros2_ws/install/mocap4r2_msgs/include/mocap4r2_msgs/mocap4r2_msgs/msg
[2.354s] -- Up-to-date: /home/strain-drone/Documents/drone_position_hold/ros2_ws/install/mocap4r2_msgs/include/mocap4r2_msgs/mocap4r2_msgs/msg/imus_info.hpp
[2.356s] -- Up-to-date: /home/strain-drone/Documents/drone_position_hold/ros2_ws/install/mocap4r2_msgs/include/mocap4r2_msgs/mocap4r2_msgs/msg/markers.hpp
[2.356s] -- Up-to-date: /home/strain-drone/Documents/drone_position_hold/ros2_ws/install/mocap4r2_msgs/include/mocap4r2_msgs/mocap4r2_msgs/msg/marker.hpp
[2.356s] -- Up-to-date: /home/strain-drone/Documents/drone_position_hold/ros2_ws/install/mocap4r2_msgs/include/mocap4r2_msgs/mocap4r2_msgs/msg/rigid_body.hpp
[2.356s] -- Up-to-date: /home/strain-drone/Documents/drone_position_hold/ros2_ws/install/mocap4r2_msgs/include/mocap4r2_msgs/mocap4r2_msgs/msg/detail
[2.361s] -- Up-to-date: /home/strain-drone/Documents/drone_position_hold/ros2_ws/install/mocap4r2_msgs/include/mocap4r2_msgs/mocap4r2_msgs/msg/detail/rigid_body__builder.hpp
[2.361s] -- Up-to-date: /home/strain-drone/Documents/drone_position_hold/ros2_ws/install/mocap4r2_msgs/include/mocap4r2_msgs/mocap4r2_msgs/msg/detail/marker__builder.hpp
[2.361s] -- Up-to-date: /home/strain-drone/Documents/drone_position_hold/ros2_ws/install/mocap4r2_msgs/include/mocap4r2_msgs/mocap4r2_msgs/msg/detail/markers__type_support.hpp
[2.361s] -- Up-to-date: /home/strain-drone/Documents/drone_position_hold/ros2_ws/install/mocap4r2_msgs/include/mocap4r2_msgs/mocap4r2_msgs/msg/detail/imus_info__type_support.hpp
[2.361s] -- Up-to-date: /home/strain-drone/Documents/drone_position_hold/ros2_ws/install/mocap4r2_msgs/include/mocap4r2_msgs/mocap4r2_msgs/msg/detail/imus_info__builder.hpp
[2.362s] -- Up-to-date: /home/strain-drone/Documents/drone_position_hold/ros2_ws/install/mocap4r2_msgs/include/mocap4r2_msgs/mocap4r2_msgs/msg/detail/rigid_bodies__struct.hpp
[2.362s] -- Up-to-date: /home/strain-drone/Documents/drone_position_hold/ros2_ws/install/mocap4r2_msgs/include/mocap4r2_msgs/mocap4r2_msgs/msg/detail/imus_info__traits.hpp
[2.362s] -- Up-to-date: /home/strain-drone/Documents/drone_position_hold/ros2_ws/install/mocap4r2_msgs/include/mocap4r2_msgs/mocap4r2_msgs/msg/detail/rigid_body__struct.hpp
[2.362s] -- Up-to-date: /home/strain-drone/Documents/drone_position_hold/ros2_ws/install/mocap4r2_msgs/include/mocap4r2_msgs/mocap4r2_msgs/msg/detail/imus_info__struct.hpp
[2.362s] -- Up-to-date: /home/strain-drone/Documents/drone_position_hold/ros2_ws/install/mocap4r2_msgs/include/mocap4r2_msgs/mocap4r2_msgs/msg/detail/marker__type_support.hpp
[2.362s] -- Up-to-date: /home/strain-drone/Documents/drone_position_hold/ros2_ws/install/mocap4r2_msgs/include/mocap4r2_msgs/mocap4r2_msgs/msg/detail/markers__traits.hpp
[2.362s] -- Up-to-date: /home/strain-drone/Documents/drone_position_hold/ros2_ws/install/mocap4r2_msgs/include/mocap4r2_msgs/mocap4r2_msgs/msg/detail/rigid_body__traits.hpp
[2.363s] -- Up-to-date: /home/strain-drone/Documents/drone_position_hold/ros2_ws/install/mocap4r2_msgs/include/mocap4r2_msgs/mocap4r2_msgs/msg/detail/rigid_bodies__traits.hpp
[2.363s] -- Up-to-date: /home/strain-drone/Documents/drone_position_hold/ros2_ws/install/mocap4r2_msgs/include/mocap4r2_msgs/mocap4r2_msgs/msg/detail/markers__struct.hpp
[2.363s] -- Up-to-date: /home/strain-drone/Documents/drone_position_hold/ros2_ws/install/mocap4r2_msgs/include/mocap4r2_msgs/mocap4r2_msgs/msg/detail/marker__traits.hpp
[2.363s] -- Up-to-date: /home/strain-drone/Documents/drone_position_hold/ros2_ws/install/mocap4r2_msgs/include/mocap4r2_msgs/mocap4r2_msgs/msg/detail/rigid_bodies__builder.hpp
[2.363s] -- Up-to-date: /home/strain-drone/Documents/drone_position_hold/ros2_ws/install/mocap4r2_msgs/include/mocap4r2_msgs/mocap4r2_msgs/msg/detail/marker__struct.hpp
[2.363s] -- Up-to-date: /home/strain-drone/Documents/drone_position_hold/ros2_ws/install/mocap4r2_msgs/include/mocap4r2_msgs/mocap4r2_msgs/msg/detail/rigid_body__type_support.hpp
[2.363s] -- Up-to-date: /home/strain-drone/Documents/drone_position_hold/ros2_ws/install/mocap4r2_msgs/include/mocap4r2_msgs/mocap4r2_msgs/msg/detail/rigid_bodies__type_support.hpp
[2.372s] -- Up-to-date: /home/strain-drone/Documents/drone_position_hold/ros2_ws/install/mocap4r2_msgs/include/mocap4r2_msgs/mocap4r2_msgs/msg/detail/markers__builder.hpp
[2.372s] -- Up-to-date: /home/strain-drone/Documents/drone_position_hold/ros2_ws/install/mocap4r2_msgs/include/mocap4r2_msgs/mocap4r2_msgs/msg/rigid_bodies.hpp
[2.373s] -- Up-to-date: /home/strain-drone/Documents/drone_position_hold/ros2_ws/install/mocap4r2_msgs/include/mocap4r2_msgs/mocap4r2_msgs/msg/rosidl_generator_cpp__visibility_control.hpp
[2.373s] -- Up-to-date: /home/strain-drone/Documents/drone_position_hold/ros2_ws/install/mocap4r2_msgs/include/mocap4r2_msgs/mocap4r2_msgs
[2.373s] -- Up-to-date: /home/strain-drone/Documents/drone_position_hold/ros2_ws/install/mocap4r2_msgs/include/mocap4r2_msgs/mocap4r2_msgs/msg
[2.373s] -- Up-to-date: /home/strain-drone/Documents/drone_position_hold/ros2_ws/install/mocap4r2_msgs/include/mocap4r2_msgs/mocap4r2_msgs/msg/detail
[2.376s] -- Up-to-date: /home/strain-drone/Documents/drone_position_hold/ros2_ws/install/mocap4r2_msgs/include/mocap4r2_msgs/mocap4r2_msgs/msg/detail/dds_fastrtps
[2.376s] -- Up-to-date: /home/strain-drone/Documents/drone_position_hold/ros2_ws/install/mocap4r2_msgs/include/mocap4r2_msgs/mocap4r2_msgs/msg/detail/rigid_bodies__rosidl_typesupport_fastrtps_cpp.hpp
[2.376s] -- Up-to-date: /home/strain-drone/Documents/drone_position_hold/ros2_ws/install/mocap4r2_msgs/include/mocap4r2_msgs/mocap4r2_msgs/msg/detail/imus_info__rosidl_typesupport_fastrtps_cpp.hpp
[2.376s] -- Up-to-date: /home/strain-drone/Documents/drone_position_hold/ros2_ws/install/mocap4r2_msgs/include/mocap4r2_msgs/mocap4r2_msgs/msg/detail/markers__rosidl_typesupport_fastrtps_cpp.hpp
[2.380s] -- Up-to-date: /home/strain-drone/Documents/drone_position_hold/ros2_ws/install/mocap4r2_msgs/include/mocap4r2_msgs/mocap4r2_msgs/msg/detail/rigid_body__rosidl_typesupport_fastrtps_cpp.hpp
[2.380s] -- Up-to-date: /home/strain-drone/Documents/drone_position_hold/ros2_ws/install/mocap4r2_msgs/include/mocap4r2_msgs/mocap4r2_msgs/msg/detail/marker__rosidl_typesupport_fastrtps_cpp.hpp
[2.380s] -- Up-to-date: /home/strain-drone/Documents/drone_position_hold/ros2_ws/install/mocap4r2_msgs/include/mocap4r2_msgs/mocap4r2_msgs/msg/rosidl_typesupport_fastrtps_cpp__visibility_control.h
[2.413s] -- Up-to-date: /home/strain-drone/Documents/drone_position_hold/ros2_ws/install/mocap4r2_msgs/lib/libmocap4r2_msgs__rosidl_typesupport_fastrtps_cpp.so
[2.415s] -- Up-to-date: /home/strain-drone/Documents/drone_position_hold/ros2_ws/install/mocap4r2_msgs/include/mocap4r2_msgs/mocap4r2_msgs
[2.415s] -- Up-to-date: /home/strain-drone/Documents/drone_position_hold/ros2_ws/install/mocap4r2_msgs/include/mocap4r2_msgs/mocap4r2_msgs/msg
[2.415s] -- Up-to-date: /home/strain-drone/Documents/drone_position_hold/ros2_ws/install/mocap4r2_msgs/include/mocap4r2_msgs/mocap4r2_msgs/msg/detail
[2.415s] -- Up-to-date: /home/strain-drone/Documents/drone_position_hold/ros2_ws/install/mocap4r2_msgs/include/mocap4r2_msgs/mocap4r2_msgs/msg/detail/rigid_bodies__rosidl_typesupport_introspection_cpp.hpp
[2.415s] -- Up-to-date: /home/strain-drone/Documents/drone_position_hold/ros2_ws/install/mocap4r2_msgs/include/mocap4r2_msgs/mocap4r2_msgs/msg/detail/rigid_bodies__type_support.cpp
[2.416s] -- Up-to-date: /home/strain-drone/Documents/drone_position_hold/ros2_ws/install/mocap4r2_msgs/include/mocap4r2_msgs/mocap4r2_msgs/msg/detail/rigid_body__rosidl_typesupport_introspection_cpp.hpp
[2.416s] -- Up-to-date: /home/strain-drone/Documents/drone_position_hold/ros2_ws/install/mocap4r2_msgs/include/mocap4r2_msgs/mocap4r2_msgs/msg/detail/markers__type_support.cpp
[2.416s] -- Up-to-date: /home/strain-drone/Documents/drone_position_hold/ros2_ws/install/mocap4r2_msgs/include/mocap4r2_msgs/mocap4r2_msgs/msg/detail/markers__rosidl_typesupport_introspection_cpp.hpp
[2.416s] -- Up-to-date: /home/strain-drone/Documents/drone_position_hold/ros2_ws/install/mocap4r2_msgs/include/mocap4r2_msgs/mocap4r2_msgs/msg/detail/imus_info__type_support.cpp
[2.416s] -- Up-to-date: /home/strain-drone/Documents/drone_position_hold/ros2_ws/install/mocap4r2_msgs/include/mocap4r2_msgs/mocap4r2_msgs/msg/detail/marker__type_support.cpp
[2.416s] -- Up-to-date: /home/strain-drone/Documents/drone_position_hold/ros2_ws/install/mocap4r2_msgs/include/mocap4r2_msgs/mocap4r2_msgs/msg/detail/marker__rosidl_typesupport_introspection_cpp.hpp
[2.416s] -- Up-to-date: /home/strain-drone/Documents/drone_position_hold/ros2_ws/install/mocap4r2_msgs/include/mocap4r2_msgs/mocap4r2_msgs/msg/detail/rigid_body__type_support.cpp
[2.416s] -- Up-to-date: /home/strain-drone/Documents/drone_position_hold/ros2_ws/install/mocap4r2_msgs/include/mocap4r2_msgs/mocap4r2_msgs/msg/detail/imus_info__rosidl_typesupport_introspection_cpp.hpp
[2.416s] -- Up-to-date: /home/strain-drone/Documents/drone_position_hold/ros2_ws/install/mocap4r2_msgs/lib/libmocap4r2_msgs__rosidl_typesupport_introspection_cpp.so
[2.416s] -- Up-to-date: /home/strain-drone/Documents/drone_position_hold/ros2_ws/install/mocap4r2_msgs/lib/libmocap4r2_msgs__rosidl_typesupport_cpp.so
[2.417s] -- Up-to-date: /home/strain-drone/Documents/drone_position_hold/ros2_ws/install/mocap4r2_msgs/share/mocap4r2_msgs/environment/pythonpath.sh
[2.420s] -- Up-to-date: /home/strain-drone/Documents/drone_position_hold/ros2_ws/install/mocap4r2_msgs/share/mocap4r2_msgs/environment/pythonpath.dsv
[2.421s] -- Up-to-date: /home/strain-drone/Documents/drone_position_hold/ros2_ws/install/mocap4r2_msgs/lib/python3.12/site-packages/mocap4r2_msgs-0.0.3-py3.12.egg-info
[2.421s] -- Installing: /home/strain-drone/Documents/drone_position_hold/ros2_ws/install/mocap4r2_msgs/lib/python3.12/site-packages/mocap4r2_msgs-0.0.3-py3.12.egg-info/dependency_links.txt
[2.421s] -- Installing: /home/strain-drone/Documents/drone_position_hold/ros2_ws/install/mocap4r2_msgs/lib/python3.12/site-packages/mocap4r2_msgs-0.0.3-py3.12.egg-info/PKG-INFO
[2.424s] -- Installing: /home/strain-drone/Documents/drone_position_hold/ros2_ws/install/mocap4r2_msgs/lib/python3.12/site-packages/mocap4r2_msgs-0.0.3-py3.12.egg-info/top_level.txt
[2.424s] -- Installing: /home/strain-drone/Documents/drone_position_hold/ros2_ws/install/mocap4r2_msgs/lib/python3.12/site-packages/mocap4r2_msgs-0.0.3-py3.12.egg-info/SOURCES.txt
[2.424s] -- Up-to-date: /home/strain-drone/Documents/drone_position_hold/ros2_ws/install/mocap4r2_msgs/lib/python3.12/site-packages/mocap4r2_msgs
[2.425s] -- Up-to-date: /home/strain-drone/Documents/drone_position_hold/ros2_ws/install/mocap4r2_msgs/lib/python3.12/site-packages/mocap4r2_msgs/mocap4r2_msgs_s__rosidl_typesupport_fastrtps_c.so
[2.427s] -- Up-to-date: /home/strain-drone/Documents/drone_position_hold/ros2_ws/install/mocap4r2_msgs/lib/python3.12/site-packages/mocap4r2_msgs/_mocap4r2_msgs_s.ep.rosidl_typesupport_c.c
[2.427s] -- Up-to-date: /home/strain-drone/Documents/drone_position_hold/ros2_ws/install/mocap4r2_msgs/lib/python3.12/site-packages/mocap4r2_msgs/_mocap4r2_msgs_s.ep.rosidl_typesupport_introspection_c.c
[2.427s] -- Up-to-date: /home/strain-drone/Documents/drone_position_hold/ros2_ws/install/mocap4r2_msgs/lib/python3.12/site-packages/mocap4r2_msgs/mocap4r2_msgs_s__rosidl_typesupport_c.so
[2.432s] -- Up-to-date: /home/strain-drone/Documents/drone_position_hold/ros2_ws/install/mocap4r2_msgs/lib/python3.12/site-packages/mocap4r2_msgs/__init__.py
[2.432s] -- Up-to-date: /home/strain-drone/Documents/drone_position_hold/ros2_ws/install/mocap4r2_msgs/lib/python3.12/site-packages/mocap4r2_msgs/mocap4r2_msgs_s__rosidl_typesupport_introspection_c.so
[2.432s] -- Up-to-date: /home/strain-drone/Documents/drone_position_hold/ros2_ws/install/mocap4r2_msgs/lib/python3.12/site-packages/mocap4r2_msgs/msg
[2.436s] -- Up-to-date: /home/strain-drone/Documents/drone_position_hold/ros2_ws/install/mocap4r2_msgs/lib/python3.12/site-packages/mocap4r2_msgs/msg/_rigid_bodies_s.c
[2.436s] -- Up-to-date: /home/strain-drone/Documents/drone_position_hold/ros2_ws/install/mocap4r2_msgs/lib/python3.12/site-packages/mocap4r2_msgs/msg/_rigid_body.py
[2.437s] -- Up-to-date: /home/strain-drone/Documents/drone_position_hold/ros2_ws/install/mocap4r2_msgs/lib/python3.12/site-packages/mocap4r2_msgs/msg/_markers_s.c
[2.437s] -- Up-to-date: /home/strain-drone/Documents/drone_position_hold/ros2_ws/install/mocap4r2_msgs/lib/python3.12/site-packages/mocap4r2_msgs/msg/_imus_info_s.c
[2.437s] -- Up-to-date: /home/strain-drone/Documents/drone_position_hold/ros2_ws/install/mocap4r2_msgs/lib/python3.12/site-packages/mocap4r2_msgs/msg/_rigid_bodies.py
[2.437s] -- Up-to-date: /home/strain-drone/Documents/drone_position_hold/ros2_ws/install/mocap4r2_msgs/lib/python3.12/site-packages/mocap4r2_msgs/msg/_marker.py
[2.437s] -- Up-to-date: /home/strain-drone/Documents/drone_position_hold/ros2_ws/install/mocap4r2_msgs/lib/python3.12/site-packages/mocap4r2_msgs/msg/__init__.py
[2.438s] -- Up-to-date: /home/strain-drone/Documents/drone_position_hold/ros2_ws/install/mocap4r2_msgs/lib/python3.12/site-packages/mocap4r2_msgs/msg/_imus_info.py
[2.438s] -- Up-to-date: /home/strain-drone/Documents/drone_position_hold/ros2_ws/install/mocap4r2_msgs/lib/python3.12/site-packages/mocap4r2_msgs/msg/_markers.py
[2.438s] -- Up-to-date: /home/strain-drone/Documents/drone_position_hold/ros2_ws/install/mocap4r2_msgs/lib/python3.12/site-packages/mocap4r2_msgs/msg/_rigid_body_s.c
[2.438s] -- Up-to-date: /home/strain-drone/Documents/drone_position_hold/ros2_ws/install/mocap4r2_msgs/lib/python3.12/site-packages/mocap4r2_msgs/msg/_marker_s.c
[2.473s] -- Up-to-date: /home/strain-drone/Documents/drone_position_hold/ros2_ws/install/mocap4r2_msgs/lib/python3.12/site-packages/mocap4r2_msgs/_mocap4r2_msgs_s.ep.rosidl_typesupport_fastrtps_c.c
[2.642s] Listing '/home/strain-drone/Documents/drone_position_hold/ros2_ws/install/mocap4r2_msgs/lib/python3.12/site-packages/mocap4r2_msgs'...
[2.642s] Listing '/home/strain-drone/Documents/drone_position_hold/ros2_ws/install/mocap4r2_msgs/lib/python3.12/site-packages/mocap4r2_msgs/msg'...
[2.642s] -- Up-to-date: /home/strain-drone/Documents/drone_position_hold/ros2_ws/install/mocap4r2_msgs/lib/python3.12/site-packages/mocap4r2_msgs/mocap4r2_msgs_s__rosidl_typesupport_fastrtps_c.so
[2.642s] -- Up-to-date: /home/strain-drone/Documents/drone_position_hold/ros2_ws/install/mocap4r2_msgs/lib/python3.12/site-packages/mocap4r2_msgs/mocap4r2_msgs_s__rosidl_typesupport_introspection_c.so
[2.642s] -- Up-to-date: /home/strain-drone/Documents/drone_position_hold/ros2_ws/install/mocap4r2_msgs/lib/python3.12/site-packages/mocap4r2_msgs/mocap4r2_msgs_s__rosidl_typesupport_c.so
[2.643s] -- Up-to-date: /home/strain-drone/Documents/drone_position_hold/ros2_ws/install/mocap4r2_msgs/lib/libmocap4r2_msgs__rosidl_generator_py.so
[2.643s] -- Up-to-date: /home/strain-drone/Documents/drone_position_hold/ros2_ws/install/mocap4r2_msgs/share/mocap4r2_msgs/msg/Marker.idl
[2.643s] -- Up-to-date: /home/strain-drone/Documents/drone_position_hold/ros2_ws/install/mocap4r2_msgs/share/mocap4r2_msgs/msg/Markers.idl
[2.643s] -- Up-to-date: /home/strain-drone/Documents/drone_position_hold/ros2_ws/install/mocap4r2_msgs/share/mocap4r2_msgs/msg/ImusInfo.idl
[2.643s] -- Up-to-date: /home/strain-drone/Documents/drone_position_hold/ros2_ws/install/mocap4r2_msgs/share/mocap4r2_msgs/msg/RigidBody.idl
[2.643s] -- Up-to-date: /home/strain-drone/Documents/drone_position_hold/ros2_ws/install/mocap4r2_msgs/share/mocap4r2_msgs/msg/RigidBodies.idl
[2.643s] -- Up-to-date: /home/strain-drone/Documents/drone_position_hold/ros2_ws/install/mocap4r2_msgs/share/mocap4r2_msgs/msg/Marker.msg
[2.643s] -- Up-to-date: /home/strain-drone/Documents/drone_position_hold/ros2_ws/install/mocap4r2_msgs/share/mocap4r2_msgs/msg/Markers.msg
[2.643s] -- Up-to-date: /home/strain-drone/Documents/drone_position_hold/ros2_ws/install/mocap4r2_msgs/share/mocap4r2_msgs/msg/ImusInfo.msg
[2.643s] -- Up-to-date: /home/strain-drone/Documents/drone_position_hold/ros2_ws/install/mocap4r2_msgs/share/mocap4r2_msgs/msg/RigidBody.msg
[2.643s] -- Up-to-date: /home/strain-drone/Documents/drone_position_hold/ros2_ws/install/mocap4r2_msgs/share/mocap4r2_msgs/msg/RigidBodies.msg
[2.643s] -- Up-to-date: /home/strain-drone/Documents/drone_position_hold/ros2_ws/install/mocap4r2_msgs/share/mocap4r2_msgs/mocap4r2_bridge_mapping_rule.yaml
[2.644s] -- Up-to-date: /home/strain-drone/Documents/drone_position_hold/ros2_ws/install/mocap4r2_msgs/share/ament_index/resource_index/package_run_dependencies/mocap4r2_msgs
[2.644s] -- Up-to-date: /home/strain-drone/Documents/drone_position_hold/ros2_ws/install/mocap4r2_msgs/share/ament_index/resource_index/parent_prefix_path/mocap4r2_msgs
[2.644s] -- Up-to-date: /home/strain-drone/Documents/drone_position_hold/ros2_ws/install/mocap4r2_msgs/share/mocap4r2_msgs/environment/ament_prefix_path.sh
[2.644s] -- Up-to-date: /home/strain-drone/Documents/drone_position_hold/ros2_ws/install/mocap4r2_msgs/share/mocap4r2_msgs/environment/ament_prefix_path.dsv
[2.644s] -- Up-to-date: /home/strain-drone/Documents/drone_position_hold/ros2_ws/install/mocap4r2_msgs/share/mocap4r2_msgs/environment/path.sh
[2.644s] -- Up-to-date: /home/strain-drone/Documents/drone_position_hold/ros2_ws/install/mocap4r2_msgs/share/mocap4r2_msgs/environment/path.dsv
[2.644s] -- Up-to-date: /home/strain-drone/Documents/drone_position_hold/ros2_ws/install/mocap4r2_msgs/share/mocap4r2_msgs/local_setup.bash
[2.644s] -- Up-to-date: /home/strain-drone/Documents/drone_position_hold/ros2_ws/install/mocap4r2_msgs/share/mocap4r2_msgs/local_setup.sh
[2.644s] -- Up-to-date: /home/strain-drone/Documents/drone_position_hold/ros2_ws/install/mocap4r2_msgs/share/mocap4r2_msgs/local_setup.zsh
[2.645s] -- Up-to-date: /home/strain-drone/Documents/drone_position_hold/ros2_ws/install/mocap4r2_msgs/share/mocap4r2_msgs/local_setup.dsv
[2.645s] -- Installing: /home/strain-drone/Documents/drone_position_hold/ros2_ws/install/mocap4r2_msgs/share/mocap4r2_msgs/package.dsv
[2.645s] -- Up-to-date: /home/strain-drone/Documents/drone_position_hold/ros2_ws/install/mocap4r2_msgs/share/ament_index/resource_index/packages/mocap4r2_msgs
[2.646s] -- Up-to-date: /home/strain-drone/Documents/drone_position_hold/ros2_ws/install/mocap4r2_msgs/share/mocap4r2_msgs/cmake/export_mocap4r2_msgs__rosidl_generator_cExport.cmake
[2.646s] -- Up-to-date: /home/strain-drone/Documents/drone_position_hold/ros2_ws/install/mocap4r2_msgs/share/mocap4r2_msgs/cmake/export_mocap4r2_msgs__rosidl_generator_cExport-noconfig.cmake
[2.646s] -- Up-to-date: /home/strain-drone/Documents/drone_position_hold/ros2_ws/install/mocap4r2_msgs/share/mocap4r2_msgs/cmake/export_mocap4r2_msgs__rosidl_typesupport_fastrtps_cExport.cmake
[2.647s] -- Up-to-date: /home/strain-drone/Documents/drone_position_hold/ros2_ws/install/mocap4r2_msgs/share/mocap4r2_msgs/cmake/export_mocap4r2_msgs__rosidl_typesupport_fastrtps_cExport-noconfig.cmake
[2.647s] -- Up-to-date: /home/strain-drone/Documents/drone_position_hold/ros2_ws/install/mocap4r2_msgs/share/mocap4r2_msgs/cmake/mocap4r2_msgs__rosidl_typesupport_introspection_cExport.cmake
[2.647s] -- Up-to-date: /home/strain-drone/Documents/drone_position_hold/ros2_ws/install/mocap4r2_msgs/share/mocap4r2_msgs/cmake/mocap4r2_msgs__rosidl_typesupport_introspection_cExport-noconfig.cmake
[2.647s] -- Up-to-date: /home/strain-drone/Documents/drone_position_hold/ros2_ws/install/mocap4r2_msgs/share/mocap4r2_msgs/cmake/mocap4r2_msgs__rosidl_typesupport_cExport.cmake
[2.647s] -- Up-to-date: /home/strain-drone/Documents/drone_position_hold/ros2_ws/install/mocap4r2_msgs/share/mocap4r2_msgs/cmake/mocap4r2_msgs__rosidl_typesupport_cExport-noconfig.cmake
[2.647s] -- Up-to-date: /home/strain-drone/Documents/drone_position_hold/ros2_ws/install/mocap4r2_msgs/share/mocap4r2_msgs/cmake/export_mocap4r2_msgs__rosidl_generator_cppExport.cmake
[2.648s] -- Up-to-date: /home/strain-drone/Documents/drone_position_hold/ros2_ws/install/mocap4r2_msgs/share/mocap4r2_msgs/cmake/export_mocap4r2_msgs__rosidl_typesupport_fastrtps_cppExport.cmake
[2.648s] -- Up-to-date: /home/strain-drone/Documents/drone_position_hold/ros2_ws/install/mocap4r2_msgs/share/mocap4r2_msgs/cmake/export_mocap4r2_msgs__rosidl_typesupport_fastrtps_cppExport-noconfig.cmake
[2.648s] -- Up-to-date: /home/strain-drone/Documents/drone_position_hold/ros2_ws/install/mocap4r2_msgs/share/mocap4r2_msgs/cmake/mocap4r2_msgs__rosidl_typesupport_introspection_cppExport.cmake
[2.648s] -- Up-to-date: /home/strain-drone/Documents/drone_position_hold/ros2_ws/install/mocap4r2_msgs/share/mocap4r2_msgs/cmake/mocap4r2_msgs__rosidl_typesupport_introspection_cppExport-noconfig.cmake
[2.649s] -- Up-to-date: /home/strain-drone/Documents/drone_position_hold/ros2_ws/install/mocap4r2_msgs/share/mocap4r2_msgs/cmake/mocap4r2_msgs__rosidl_typesupport_cppExport.cmake
[2.649s] -- Up-to-date: /home/strain-drone/Documents/drone_position_hold/ros2_ws/install/mocap4r2_msgs/share/mocap4r2_msgs/cmake/mocap4r2_msgs__rosidl_typesupport_cppExport-noconfig.cmake
[2.649s] -- Up-to-date: /home/strain-drone/Documents/drone_position_hold/ros2_ws/install/mocap4r2_msgs/share/mocap4r2_msgs/cmake/export_mocap4r2_msgs__rosidl_generator_pyExport.cmake
[2.649s] -- Up-to-date: /home/strain-drone/Documents/drone_position_hold/ros2_ws/install/mocap4r2_msgs/share/mocap4r2_msgs/cmake/export_mocap4r2_msgs__rosidl_generator_pyExport-noconfig.cmake
[2.649s] -- Up-to-date: /home/strain-drone/Documents/drone_position_hold/ros2_ws/install/mocap4r2_msgs/share/mocap4r2_msgs/cmake/rosidl_cmake-extras.cmake
[2.649s] -- Up-to-date: /home/strain-drone/Documents/drone_position_hold/ros2_ws/install/mocap4r2_msgs/share/mocap4r2_msgs/cmake/ament_cmake_export_dependencies-extras.cmake
[2.649s] -- Up-to-date: /home/strain-drone/Documents/drone_position_hold/ros2_ws/install/mocap4r2_msgs/share/mocap4r2_msgs/cmake/ament_cmake_export_include_directories-extras.cmake
[2.649s] -- Up-to-date: /home/strain-drone/Documents/drone_position_hold/ros2_ws/install/mocap4r2_msgs/share/mocap4r2_msgs/cmake/ament_cmake_export_libraries-extras.cmake
[2.649s] -- Up-to-date: /home/strain-drone/Documents/drone_position_hold/ros2_ws/install/mocap4r2_msgs/share/mocap4r2_msgs/cmake/ament_cmake_export_targets-extras.cmake
[2.649s] -- Up-to-date: /home/strain-drone/Documents/drone_position_hold/ros2_ws/install/mocap4r2_msgs/share/mocap4r2_msgs/cmake/rosidl_cmake_export_typesupport_targets-extras.cmake
[2.650s] -- Up-to-date: /home/strain-drone/Documents/drone_position_hold/ros2_ws/install/mocap4r2_msgs/share/mocap4r2_msgs/cmake/rosidl_cmake_export_typesupport_libraries-extras.cmake
[2.650s] -- Up-to-date: /home/strain-drone/Documents/drone_position_hold/ros2_ws/install/mocap4r2_msgs/share/mocap4r2_msgs/cmake/mocap4r2_msgsConfig.cmake
[2.650s] -- Up-to-date: /home/strain-drone/Documents/drone_position_hold/ros2_ws/install/mocap4r2_msgs/share/mocap4r2_msgs/cmake/mocap4r2_msgsConfig-version.cmake
[2.650s] -- Up-to-date: /home/strain-drone/Documents/drone_position_hold/ros2_ws/install/mocap4r2_msgs/share/mocap4r2_msgs/package.xml
[2.700s] Invoked command in '/home/strain-drone/Documents/drone_position_hold/ros2_ws/build/mocap4r2_msgs' returned '0': CMAKE_PREFIX_PATH=${CMAKE_PREFIX_PATH}:/home/strain-drone/Documents/drone_position_hold/ros2_ws/install/position_publisher:/home/strain-drone/Documents/drone_position_hold/ros2_ws/install/mocap4r2cli:/home/strain-drone/Documents/drone_position_hold/ros2_ws/install/mavros_config:/opt/ros/jazzy DEBUGINFOD_URLS=https://debuginfod.ubuntu.com /usr/bin/cmake --install /home/strain-drone/Documents/drone_position_hold/ros2_ws/build/mocap4r2_msgs
