[3.538s] Invoking command in '/home/strain-drone/Documents/drone_position_hold/ros2_ws/src/mocap4r2/mocap4r2cli': AMENT_PREFIX_PATH=/home/strain-drone/Documents/drone_position_hold/ros2_ws/install/mocap4r2_control_msgs:${AMENT_PREFIX_PATH} CMAKE_PREFIX_PATH=/home/strain-drone/Documents/drone_position_hold/ros2_ws/install/mocap4r2_control_msgs:${CMAKE_PREFIX_PATH} DEBUGINFOD_URLS=https://debuginfod.ubuntu.com LD_LIBRARY_PATH=/home/strain-drone/Documents/drone_position_hold/ros2_ws/install/mocap4r2_control_msgs/lib:${LD_LIBRARY_PATH} PYTHONPATH=/home/strain-drone/Documents/drone_position_hold/ros2_ws/build/mocap4r2cli/prefix_override:/usr/lib/python3/dist-packages/colcon_core/task/python/colcon_distutils_commands:/home/strain-drone/Documents/drone_position_hold/ros2_ws/install/mocap4r2cli/lib/python3.12/site-packages:/home/strain-drone/Documents/drone_position_hold/ros2_ws/install/mocap4r2_control_msgs/lib/python3.12/site-packages:${PYTHONPATH} /usr/bin/python3 -W ignore:setup.py install is deprecated -W ignore:easy_install command is deprecated setup.py egg_info --egg-base ../../../build/mocap4r2cli build --build-base /home/strain-drone/Documents/drone_position_hold/ros2_ws/build/mocap4r2cli/build install --record /home/strain-drone/Documents/drone_position_hold/ros2_ws/build/mocap4r2cli/install.log --single-version-externally-managed install_data
[5.000s] running egg_info
[5.130s] writing ../../../build/mocap4r2cli/mocap4r2cli.egg-info/PKG-INFO
[5.132s] writing dependency_links to ../../../build/mocap4r2cli/mocap4r2cli.egg-info/dependency_links.txt
[5.133s] writing entry points to ../../../build/mocap4r2cli/mocap4r2cli.egg-info/entry_points.txt
[5.135s] writing requirements to ../../../build/mocap4r2cli/mocap4r2cli.egg-info/requires.txt
[5.139s] writing top-level names to ../../../build/mocap4r2cli/mocap4r2cli.egg-info/top_level.txt
[5.345s] reading manifest file '../../../build/mocap4r2cli/mocap4r2cli.egg-info/SOURCES.txt'
[5.346s] adding license file 'LICENSE'
[5.347s] writing manifest file '../../../build/mocap4r2cli/mocap4r2cli.egg-info/SOURCES.txt'
[5.347s] running build
[5.348s] running build_py
[5.350s] running install
[5.370s] running install_lib
[5.465s] running install_data
[5.469s] running install_egg_info
[5.569s] removing '/home/strain-drone/Documents/drone_position_hold/ros2_ws/install/mocap4r2cli/lib/python3.12/site-packages/mocap4r2cli-0.0.1-py3.12.egg-info' (and everything under it)
[5.577s] Copying ../../../build/mocap4r2cli/mocap4r2cli.egg-info to /home/strain-drone/Documents/drone_position_hold/ros2_ws/install/mocap4r2cli/lib/python3.12/site-packages/mocap4r2cli-0.0.1-py3.12.egg-info
[5.581s] running install_scripts
[6.138s] writing list of installed files to '/home/strain-drone/Documents/drone_position_hold/ros2_ws/build/mocap4r2cli/install.log'
[6.367s] Invoked command in '/home/strain-drone/Documents/drone_position_hold/ros2_ws/src/mocap4r2/mocap4r2cli' returned '0': AMENT_PREFIX_PATH=/home/strain-drone/Documents/drone_position_hold/ros2_ws/install/mocap4r2_control_msgs:${AMENT_PREFIX_PATH} CMAKE_PREFIX_PATH=/home/strain-drone/Documents/drone_position_hold/ros2_ws/install/mocap4r2_control_msgs:${CMAKE_PREFIX_PATH} DEBUGINFOD_URLS=https://debuginfod.ubuntu.com LD_LIBRARY_PATH=/home/strain-drone/Documents/drone_position_hold/ros2_ws/install/mocap4r2_control_msgs/lib:${LD_LIBRARY_PATH} PYTHONPATH=/home/strain-drone/Documents/drone_position_hold/ros2_ws/build/mocap4r2cli/prefix_override:/usr/lib/python3/dist-packages/colcon_core/task/python/colcon_distutils_commands:/home/strain-drone/Documents/drone_position_hold/ros2_ws/install/mocap4r2cli/lib/python3.12/site-packages:/home/strain-drone/Documents/drone_position_hold/ros2_ws/install/mocap4r2_control_msgs/lib/python3.12/site-packages:${PYTHONPATH} /usr/bin/python3 -W ignore:setup.py install is deprecated -W ignore:easy_install command is deprecated setup.py egg_info --egg-base ../../../build/mocap4r2cli build --build-base /home/strain-drone/Documents/drone_position_hold/ros2_ws/build/mocap4r2cli/build install --record /home/strain-drone/Documents/drone_position_hold/ros2_ws/build/mocap4r2cli/install.log --single-version-externally-managed install_data
