[2.012s] Invoking command in '/home/strain-drone/Documents/ros2_ws/src/position_publisher': DEBUGINFOD_URLS=https://debuginfod.ubuntu.com PYTHONPATH=/home/strain-drone/Documents/ros2_ws/build/position_publisher/prefix_override:/usr/lib/python3/dist-packages/colcon_core/task/python/colcon_distutils_commands:/home/strain-drone/Documents/ros2_ws/install/position_publisher/lib/python3.12/site-packages:${PYTHONPATH} /usr/bin/python3 -W ignore:setup.py install is deprecated -W ignore:easy_install command is deprecated setup.py egg_info --egg-base ../../build/position_publisher build --build-base /home/strain-drone/Documents/ros2_ws/build/position_publisher/build install --record /home/strain-drone/Documents/ros2_ws/build/position_publisher/install.log --single-version-externally-managed install_data
[2.681s] running egg_info
[2.718s] writing ../../build/position_publisher/position_publisher.egg-info/PKG-INFO
[2.718s] writing dependency_links to ../../build/position_publisher/position_publisher.egg-info/dependency_links.txt
[2.718s] writing entry points to ../../build/position_publisher/position_publisher.egg-info/entry_points.txt
[2.718s] writing requirements to ../../build/position_publisher/position_publisher.egg-info/requires.txt
[2.719s] writing top-level names to ../../build/position_publisher/position_publisher.egg-info/top_level.txt
[2.804s] reading manifest file '../../build/position_publisher/position_publisher.egg-info/SOURCES.txt'
[2.810s] writing manifest file '../../build/position_publisher/position_publisher.egg-info/SOURCES.txt'
[2.810s] running build
[2.810s] running build_py
[2.810s] running install
[2.819s] running install_lib
[2.855s] running install_data
[2.855s] running install_egg_info
[2.891s] removing '/home/strain-drone/Documents/ros2_ws/install/position_publisher/lib/python3.12/site-packages/position_publisher-0.0.0-py3.12.egg-info' (and everything under it)
[2.892s] Copying ../../build/position_publisher/position_publisher.egg-info to /home/strain-drone/Documents/ros2_ws/install/position_publisher/lib/python3.12/site-packages/position_publisher-0.0.0-py3.12.egg-info
[2.894s] running install_scripts
[3.111s] Installing position_publisher script to /home/strain-drone/Documents/ros2_ws/install/position_publisher/lib/position_publisher
[3.134s] writing list of installed files to '/home/strain-drone/Documents/ros2_ws/build/position_publisher/install.log'
[3.598s] Invoked command in '/home/strain-drone/Documents/ros2_ws/src/position_publisher' returned '0': DEBUGINFOD_URLS=https://debuginfod.ubuntu.com PYTHONPATH=/home/strain-drone/Documents/ros2_ws/build/position_publisher/prefix_override:/usr/lib/python3/dist-packages/colcon_core/task/python/colcon_distutils_commands:/home/strain-drone/Documents/ros2_ws/install/position_publisher/lib/python3.12/site-packages:${PYTHONPATH} /usr/bin/python3 -W ignore:setup.py install is deprecated -W ignore:easy_install command is deprecated setup.py egg_info --egg-base ../../build/position_publisher build --build-base /home/strain-drone/Documents/ros2_ws/build/position_publisher/build install --record /home/strain-drone/Documents/ros2_ws/build/position_publisher/install.log --single-version-externally-managed install_data
