[7.861s] Invoking command in '/home/strain-drone/Documents/drone_position_hold/ros2_ws/src/position_publisher': DEBUGINFOD_URLS=https://debuginfod.ubuntu.com PS1=(mavlink_env) \[\e]0;\u@\h: \w\a\]${debian_chroot:+($debian_chroot)}\[\033[01;32m\]\u@\h\[\033[00m\]:\[\033[01;34m\]\w\[\033[00m\]\$ PYTHONPATH=/home/strain-drone/Documents/drone_position_hold/ros2_ws/build/position_publisher/prefix_override:/usr/lib/python3/dist-packages/colcon_core/task/python/colcon_distutils_commands:/home/strain-drone/Documents/drone_position_hold/ros2_ws/install/position_publisher/lib/python3.12/site-packages:${PYTHONPATH} VIRTUAL_ENV_PROMPT=(mavlink_env) /usr/bin/python3 -W ignore:setup.py install is deprecated -W ignore:easy_install command is deprecated setup.py egg_info --egg-base ../../build/position_publisher build --build-base /home/strain-drone/Documents/drone_position_hold/ros2_ws/build/position_publisher/build install --record /home/strain-drone/Documents/drone_position_hold/ros2_ws/build/position_publisher/install.log --single-version-externally-managed install_data
[10.059s] running egg_info
[10.167s] writing ../../build/position_publisher/position_publisher.egg-info/PKG-INFO
[10.169s] writing dependency_links to ../../build/position_publisher/position_publisher.egg-info/dependency_links.txt
[10.171s] writing entry points to ../../build/position_publisher/position_publisher.egg-info/entry_points.txt
[10.173s] writing requirements to ../../build/position_publisher/position_publisher.egg-info/requires.txt
[10.175s] writing top-level names to ../../build/position_publisher/position_publisher.egg-info/top_level.txt
[10.361s] reading manifest file '../../build/position_publisher/position_publisher.egg-info/SOURCES.txt'
[10.365s] writing manifest file '../../build/position_publisher/position_publisher.egg-info/SOURCES.txt'
[10.366s] running build
[10.368s] running build_py
[10.371s] running install
[10.392s] running install_lib
[10.464s] running install_data
[10.464s] running install_egg_info
[10.560s] removing '/home/strain-drone/Documents/drone_position_hold/ros2_ws/install/position_publisher/lib/python3.12/site-packages/position_publisher-0.0.0-py3.12.egg-info' (and everything under it)
[10.567s] Copying ../../build/position_publisher/position_publisher.egg-info to /home/strain-drone/Documents/drone_position_hold/ros2_ws/install/position_publisher/lib/python3.12/site-packages/position_publisher-0.0.0-py3.12.egg-info
[10.583s] running install_scripts
[12.452s] Installing position_publisher script to /home/strain-drone/Documents/drone_position_hold/ros2_ws/install/position_publisher/lib/position_publisher
[12.466s] writing list of installed files to '/home/strain-drone/Documents/drone_position_hold/ros2_ws/build/position_publisher/install.log'
[13.078s] Invoked command in '/home/strain-drone/Documents/drone_position_hold/ros2_ws/src/position_publisher' returned '0': DEBUGINFOD_URLS=https://debuginfod.ubuntu.com PS1=(mavlink_env) \[\e]0;\u@\h: \w\a\]${debian_chroot:+($debian_chroot)}\[\033[01;32m\]\u@\h\[\033[00m\]:\[\033[01;34m\]\w\[\033[00m\]\$ PYTHONPATH=/home/strain-drone/Documents/drone_position_hold/ros2_ws/build/position_publisher/prefix_override:/usr/lib/python3/dist-packages/colcon_core/task/python/colcon_distutils_commands:/home/strain-drone/Documents/drone_position_hold/ros2_ws/install/position_publisher/lib/python3.12/site-packages:${PYTHONPATH} VIRTUAL_ENV_PROMPT=(mavlink_env) /usr/bin/python3 -W ignore:setup.py install is deprecated -W ignore:easy_install command is deprecated setup.py egg_info --egg-base ../../build/position_publisher build --build-base /home/strain-drone/Documents/drone_position_hold/ros2_ws/build/position_publisher/build install --record /home/strain-drone/Documents/drone_position_hold/ros2_ws/build/position_publisher/install.log --single-version-externally-managed install_data
