[3.342s] Invoking command in '/home/strain-drone/Documents/drone_position_hold/ros2_ws/src/visualizer': DEBUGINFOD_URLS=https://debuginfod.ubuntu.com PYTHONPATH=/home/strain-drone/Documents/drone_position_hold/ros2_ws/build/visualizer/prefix_override:/usr/lib/python3/dist-packages/colcon_core/task/python/colcon_distutils_commands:/home/strain-drone/Documents/drone_position_hold/ros2_ws/install/visualizer/lib/python3.12/site-packages:${PYTHONPATH} /usr/bin/python3 -W ignore:setup.py install is deprecated -W ignore:easy_install command is deprecated setup.py egg_info --egg-base ../../build/visualizer build --build-base /home/strain-drone/Documents/drone_position_hold/ros2_ws/build/visualizer/build install --record /home/strain-drone/Documents/drone_position_hold/ros2_ws/build/visualizer/install.log --single-version-externally-managed install_data
[3.819s] running egg_info
[3.828s] creating ../../build/visualizer/visualizer.egg-info
[3.869s] writing ../../build/visualizer/visualizer.egg-info/PKG-INFO
[3.870s] writing dependency_links to ../../build/visualizer/visualizer.egg-info/dependency_links.txt
[3.870s] writing entry points to ../../build/visualizer/visualizer.egg-info/entry_points.txt
[3.871s] writing requirements to ../../build/visualizer/visualizer.egg-info/requires.txt
[3.871s] writing top-level names to ../../build/visualizer/visualizer.egg-info/top_level.txt
[3.873s] writing manifest file '../../build/visualizer/visualizer.egg-info/SOURCES.txt'
[3.963s] reading manifest file '../../build/visualizer/visualizer.egg-info/SOURCES.txt'
[3.969s] writing manifest file '../../build/visualizer/visualizer.egg-info/SOURCES.txt'
[3.969s] running build
[3.969s] running build_py
[3.970s] creating /home/strain-drone/Documents/drone_position_hold/ros2_ws/build/visualizer/build
[3.970s] creating /home/strain-drone/Documents/drone_position_hold/ros2_ws/build/visualizer/build/lib
[3.970s] creating /home/strain-drone/Documents/drone_position_hold/ros2_ws/build/visualizer/build/lib/visualizer
[3.970s] copying visualizer/__init__.py -> /home/strain-drone/Documents/drone_position_hold/ros2_ws/build/visualizer/build/lib/visualizer
[3.970s] copying visualizer/run_visualizer.py -> /home/strain-drone/Documents/drone_position_hold/ros2_ws/build/visualizer/build/lib/visualizer
[3.971s] running install
[4.002s] running install_lib
[4.082s] creating /home/strain-drone/Documents/drone_position_hold/ros2_ws/install/visualizer/lib/python3.12/site-packages/visualizer
[4.085s] copying /home/strain-drone/Documents/drone_position_hold/ros2_ws/build/visualizer/build/lib/visualizer/__init__.py -> /home/strain-drone/Documents/drone_position_hold/ros2_ws/install/visualizer/lib/python3.12/site-packages/visualizer
[4.086s] copying /home/strain-drone/Documents/drone_position_hold/ros2_ws/build/visualizer/build/lib/visualizer/run_visualizer.py -> /home/strain-drone/Documents/drone_position_hold/ros2_ws/install/visualizer/lib/python3.12/site-packages/visualizer
[4.088s] byte-compiling /home/strain-drone/Documents/drone_position_hold/ros2_ws/install/visualizer/lib/python3.12/site-packages/visualizer/__init__.py to __init__.cpython-312.pyc
[4.090s] byte-compiling /home/strain-drone/Documents/drone_position_hold/ros2_ws/install/visualizer/lib/python3.12/site-packages/visualizer/run_visualizer.py to run_visualizer.cpython-312.pyc
[4.092s] running install_data
[4.092s] creating /home/strain-drone/Documents/drone_position_hold/ros2_ws/install/visualizer/share/ament_index
[4.093s] creating /home/strain-drone/Documents/drone_position_hold/ros2_ws/install/visualizer/share/ament_index/resource_index
[4.094s] creating /home/strain-drone/Documents/drone_position_hold/ros2_ws/install/visualizer/share/ament_index/resource_index/packages
[4.096s] copying resource/visualizer -> /home/strain-drone/Documents/drone_position_hold/ros2_ws/install/visualizer/share/ament_index/resource_index/packages
[4.097s] copying package.xml -> /home/strain-drone/Documents/drone_position_hold/ros2_ws/install/visualizer/share/visualizer
[4.097s] running install_egg_info
[4.172s] Copying ../../build/visualizer/visualizer.egg-info to /home/strain-drone/Documents/drone_position_hold/ros2_ws/install/visualizer/lib/python3.12/site-packages/visualizer-0.0.0-py3.12.egg-info
[4.172s] running install_scripts
[4.471s] Installing run_visualizer script to /home/strain-drone/Documents/drone_position_hold/ros2_ws/install/visualizer/lib/visualizer
[4.471s] writing list of installed files to '/home/strain-drone/Documents/drone_position_hold/ros2_ws/build/visualizer/install.log'
[4.658s] Invoked command in '/home/strain-drone/Documents/drone_position_hold/ros2_ws/src/visualizer' returned '0': DEBUGINFOD_URLS=https://debuginfod.ubuntu.com PYTHONPATH=/home/strain-drone/Documents/drone_position_hold/ros2_ws/build/visualizer/prefix_override:/usr/lib/python3/dist-packages/colcon_core/task/python/colcon_distutils_commands:/home/strain-drone/Documents/drone_position_hold/ros2_ws/install/visualizer/lib/python3.12/site-packages:${PYTHONPATH} /usr/bin/python3 -W ignore:setup.py install is deprecated -W ignore:easy_install command is deprecated setup.py egg_info --egg-base ../../build/visualizer build --build-base /home/strain-drone/Documents/drone_position_hold/ros2_ws/build/visualizer/build install --record /home/strain-drone/Documents/drone_position_hold/ros2_ws/build/visualizer/install.log --single-version-externally-managed install_data
