-- The C compiler identification is GNU 13.3.0
-- The CXX compiler identification is GNU 13.3.0
-- Detecting C compiler ABI info
-- Detecting C compiler ABI info - done
-- Check for working C compiler: /usr/bin/cc - skipped
-- Detecting C compile features
-- Detecting C compile features - done
-- Detecting CXX compiler ABI info
-- Detecting CXX compiler ABI info - done
-- Check for working CXX compiler: /usr/bin/c++ - skipped
-- Detecting CXX compile features
-- Detecting CXX compile features - done
-- Found ament_cmake: 2.5.4 (/opt/ros/jazzy/share/ament_cmake/cmake)
-- Found Python3: /usr/bin/python3 (found version "3.12.3") found components: Interpreter 
-- Found rclcpp: 28.1.9 (/opt/ros/jazzy/share/rclcpp/cmake)
-- Found rosidl_generator_c: 4.6.5 (/opt/ros/jazzy/share/rosidl_generator_c/cmake)
-- Found rosidl_generator_cpp: 4.6.5 (/opt/ros/jazzy/share/rosidl_generator_cpp/cmake)
-- Using all available rosidl_typesupport_c: rosidl_typesupport_fastrtps_c;rosidl_typesupport_introspection_c
-- Using all available rosidl_typesupport_cpp: rosidl_typesupport_fastrtps_cpp;rosidl_typesupport_introspection_cpp
-- Found rmw_implementation_cmake: 7.3.2 (/opt/ros/jazzy/share/rmw_implementation_cmake/cmake)
-- Found rmw_fastrtps_cpp: 8.4.2 (/opt/ros/jazzy/share/rmw_fastrtps_cpp/cmake)
-- Found OpenSSL: /usr/lib/aarch64-linux-gnu/libcrypto.so (found version "3.0.13")  
-- Found FastRTPS: /opt/ros/jazzy/include (Required is at least version "2.13") 
-- Using RMW implementation 'rmw_fastrtps_cpp' as default
-- Found rclcpp_lifecycle: 28.1.9 (/opt/ros/jazzy/share/rclcpp_lifecycle/cmake)
-- Found mocap4r2_msgs: 0.0.3 (/home/strain-drone/Documents/ros2_ws/install/mocap4r2_msgs/share/mocap4r2_msgs/cmake)
-- Found mocap4r2_control: 0.0.7 (/home/strain-drone/Documents/ros2_ws/install/mocap4r2_control/share/mocap4r2_control/cmake)
-- Found Boost: /usr/lib/aarch64-linux-gnu/cmake/Boost-1.83.0/BoostConfig.cmake (found version "1.83.0") found components: thread date_time chrono 
-- Found ament_cmake_copyright: 0.17.2 (/opt/ros/jazzy/share/ament_cmake_copyright/cmake)
-- Found ament_cmake_cppcheck: 0.17.2 (/opt/ros/jazzy/share/ament_cmake_cppcheck/cmake)
-- Found ament_cmake_cpplint: 0.17.2 (/opt/ros/jazzy/share/ament_cmake_cpplint/cmake)
-- Found ament_cmake_lint_cmake: 0.17.2 (/opt/ros/jazzy/share/ament_cmake_lint_cmake/cmake)
-- Found ament_cmake_xmllint: 0.17.2 (/opt/ros/jazzy/share/ament_cmake_xmllint/cmake)
-- Found ament_cmake_uncrustify: 0.17.2 (/opt/ros/jazzy/share/ament_cmake_uncrustify/cmake)
-- Found ament_cmake_gtest: 2.5.4 (/opt/ros/jazzy/share/ament_cmake_gtest/cmake)
-- Found gtest sources under '/opt/ros/jazzy/src/gtest_vendor': C++ tests using 'Google Test' will be built
-- Found Threads: TRUE  
-- Configuring done (3.0s)
-- Generating done (0.2s)
-- Build files have been written to: /home/strain-drone/Documents/ros2_ws/build/mocap4r2_vicon_driver
[  3%] [32mBuilding CXX object gtest/CMakeFiles/gtest.dir/src/gtest-all.cc.o[0m
[  6%] [32mBuilding CXX object CMakeFiles/vicon_sdk.dir/ThirdParty/DataStream/ViconCGStream/Dummy.cpp.o[0m
[ 10%] [32mBuilding CXX object CMakeFiles/vicon_sdk.dir/ThirdParty/DataStream/ViconCGStreamClient/CGStreamReaderWriter.cpp.o[0m
[ 13%] [32mBuilding CXX object gtest/CMakeFiles/gtest_main.dir/src/gtest_main.cc.o[0m
[ 16%] [32mBuilding CXX object CMakeFiles/vicon_sdk.dir/ThirdParty/DataStream/ViconCGStreamClient/ViconCGStreamBayer.cpp.o[0m
[ 20%] [32mBuilding CXX object CMakeFiles/vicon_sdk.dir/ThirdParty/DataStream/ViconCGStreamClient/ViconCGStreamClient.cpp.o[0m
[ 23%] [32m[1mLinking CXX static library libgtest_main.a[0m
[ 23%] Built target gtest_main
[ 26%] [32mBuilding CXX object CMakeFiles/vicon_sdk.dir/ThirdParty/DataStream/ViconCGStreamClientSDK/CGClient.cpp.o[0m
[ 30%] [32m[1mLinking CXX static library libgtest.a[0m
[ 30%] Built target gtest
[ 33%] [32mBuilding CXX object CMakeFiles/vicon_sdk.dir/ThirdParty/DataStream/ViconDataStreamSDKCore/RetimerUtils.cpp.o[0m
[ 36%] [32mBuilding CXX object CMakeFiles/vicon_sdk.dir/ThirdParty/DataStream/ViconDataStreamSDKCore/RetimingClient.cpp.o[0m
[ 40%] [32mBuilding CXX object CMakeFiles/vicon_sdk.dir/ThirdParty/DataStream/ViconDataStreamSDKCore/RetimingCore.cpp.o[0m
[ 46%] [32mBuilding CXX object CMakeFiles/vicon_sdk.dir/ThirdParty/DataStream/ViconDataStreamSDKCore/CoreClientTimingLog.cpp.o[0m
[ 46%] [32mBuilding CXX object CMakeFiles/vicon_sdk.dir/ThirdParty/DataStream/ViconDataStreamSDKCore/SegmentPoseReader.cpp.o[0m
[ 50%] [32mBuilding CXX object CMakeFiles/vicon_sdk.dir/ThirdParty/DataStream/ViconDataStreamSDKCore/WirelessConfiguration.cpp.o[0m
[ 53%] [32mBuilding CXX object CMakeFiles/vicon_sdk.dir/ThirdParty/DataStream/ViconDataStreamSDKCore/CoreClient.cpp.o[0m
[ 56%] [32mBuilding CXX object CMakeFiles/vicon_sdk.dir/ThirdParty/DataStream/ViconDataStreamSDKCoreUtils/AxisMapping.cpp.o[0m
[ 60%] [32mBuilding CXX object CMakeFiles/vicon_sdk.dir/ThirdParty/DataStream/ViconDataStreamSDKCoreUtils/ClientUtils.cpp.o[0m
[ 63%] [32mBuilding CXX object CMakeFiles/vicon_sdk.dir/ThirdParty/DataStream/ViconDataStreamSDK_CPP/DataStreamClient.cpp.o[0m
[ 66%] [32mBuilding CXX object CMakeFiles/vicon_sdk.dir/ThirdParty/DataStream/ViconDataStreamSDK_C/CRetimingClient.cpp.o[0m
[ 70%] [32mBuilding CXX object CMakeFiles/vicon_sdk.dir/ThirdParty/DataStream/ViconDataStreamSDK_C/CClient.cpp.o[0m
[ 73%] [32mBuilding CXX object CMakeFiles/vicon_sdk.dir/ThirdParty/DataStream/ViconDataStreamSDK_CPP/DataStreamRetimingClient.cpp.o[0m
[ 76%] [32mBuilding CXX object CMakeFiles/vicon_sdk.dir/ThirdParty/StreamCommon/CGStreamAsyncReaderWriter.cpp.o[0m
[ 80%] [32m[1mLinking CXX shared library libvicon_sdk.so[0m
[ 80%] Built target vicon_sdk
[ 83%] [32mBuilding CXX object CMakeFiles/mocap4r2_vicon_driver.dir/src/mocap4r2_vicon_driver/mocap4r2_vicon_driver.cpp.o[0m
[ 86%] [32m[1mLinking CXX static library libmocap4r2_vicon_driver.a[0m
[ 86%] Built target mocap4r2_vicon_driver
[ 93%] [32mBuilding CXX object CMakeFiles/test_mocap4r2_vicon_driver.dir/test/test_mocap4r2_vicon_driver.cpp.o[0m
[ 93%] [32mBuilding CXX object CMakeFiles/mocap4r2_vicon_driver_main.dir/src/mocap4r2_vicon_driver_main.cpp.o[0m
[ 96%] [32m[1mLinking CXX executable mocap4r2_vicon_driver_main[0m
[100%] [32m[1mLinking CXX executable test_mocap4r2_vicon_driver[0m
[100%] Built target test_mocap4r2_vicon_driver
[100%] Built target mocap4r2_vicon_driver_main
-- Install configuration: ""
-- Installing: /home/strain-drone/Documents/ros2_ws/install/mocap4r2_vicon_driver/include/
-- Installing: /home/strain-drone/Documents/ros2_ws/install/mocap4r2_vicon_driver/include//mocap4r2_vicon_driver
-- Installing: /home/strain-drone/Documents/ros2_ws/install/mocap4r2_vicon_driver/include//mocap4r2_vicon_driver/mocap4r2_vicon_driver.hpp
-- Installing: /home/strain-drone/Documents/ros2_ws/install/mocap4r2_vicon_driver/share/mocap4r2_vicon_driver/launch
-- Installing: /home/strain-drone/Documents/ros2_ws/install/mocap4r2_vicon_driver/share/mocap4r2_vicon_driver/launch/mocap4r2_vicon_driver_launch.py
-- Installing: /home/strain-drone/Documents/ros2_ws/install/mocap4r2_vicon_driver/share/mocap4r2_vicon_driver/config
-- Installing: /home/strain-drone/Documents/ros2_ws/install/mocap4r2_vicon_driver/share/mocap4r2_vicon_driver/config/mocap4r2_vicon_driver_params.yaml
-- Installing: /home/strain-drone/Documents/ros2_ws/install/mocap4r2_vicon_driver/lib/mocap4r2_vicon_driver/mocap4r2_vicon_driver_main
-- Set non-toolchain portion of runtime path of "/home/strain-drone/Documents/ros2_ws/install/mocap4r2_vicon_driver/lib/mocap4r2_vicon_driver/mocap4r2_vicon_driver_main" to ""
-- Installing: /home/strain-drone/Documents/ros2_ws/install/mocap4r2_vicon_driver/lib/libmocap4r2_vicon_driver.a
-- Installing: /home/strain-drone/Documents/ros2_ws/install/mocap4r2_vicon_driver/lib/libvicon_sdk.so
-- Installing: /home/strain-drone/Documents/ros2_ws/install/mocap4r2_vicon_driver/share/mocap4r2_vicon_driver/environment/library_path.sh
-- Installing: /home/strain-drone/Documents/ros2_ws/install/mocap4r2_vicon_driver/share/mocap4r2_vicon_driver/environment/library_path.dsv
-- Installing: /home/strain-drone/Documents/ros2_ws/install/mocap4r2_vicon_driver/share/ament_index/resource_index/package_run_dependencies/mocap4r2_vicon_driver
-- Installing: /home/strain-drone/Documents/ros2_ws/install/mocap4r2_vicon_driver/share/ament_index/resource_index/parent_prefix_path/mocap4r2_vicon_driver
-- Installing: /home/strain-drone/Documents/ros2_ws/install/mocap4r2_vicon_driver/share/mocap4r2_vicon_driver/environment/ament_prefix_path.sh
-- Installing: /home/strain-drone/Documents/ros2_ws/install/mocap4r2_vicon_driver/share/mocap4r2_vicon_driver/environment/ament_prefix_path.dsv
-- Installing: /home/strain-drone/Documents/ros2_ws/install/mocap4r2_vicon_driver/share/mocap4r2_vicon_driver/environment/path.sh
-- Installing: /home/strain-drone/Documents/ros2_ws/install/mocap4r2_vicon_driver/share/mocap4r2_vicon_driver/environment/path.dsv
-- Installing: /home/strain-drone/Documents/ros2_ws/install/mocap4r2_vicon_driver/share/mocap4r2_vicon_driver/local_setup.bash
-- Installing: /home/strain-drone/Documents/ros2_ws/install/mocap4r2_vicon_driver/share/mocap4r2_vicon_driver/local_setup.sh
-- Installing: /home/strain-drone/Documents/ros2_ws/install/mocap4r2_vicon_driver/share/mocap4r2_vicon_driver/local_setup.zsh
-- Installing: /home/strain-drone/Documents/ros2_ws/install/mocap4r2_vicon_driver/share/mocap4r2_vicon_driver/local_setup.dsv
-- Installing: /home/strain-drone/Documents/ros2_ws/install/mocap4r2_vicon_driver/share/mocap4r2_vicon_driver/package.dsv
-- Installing: /home/strain-drone/Documents/ros2_ws/install/mocap4r2_vicon_driver/share/ament_index/resource_index/packages/mocap4r2_vicon_driver
-- Installing: /home/strain-drone/Documents/ros2_ws/install/mocap4r2_vicon_driver/share/mocap4r2_vicon_driver/cmake/ament_cmake_export_include_directories-extras.cmake
-- Installing: /home/strain-drone/Documents/ros2_ws/install/mocap4r2_vicon_driver/share/mocap4r2_vicon_driver/cmake/ament_cmake_export_libraries-extras.cmake
-- Installing: /home/strain-drone/Documents/ros2_ws/install/mocap4r2_vicon_driver/share/mocap4r2_vicon_driver/cmake/ament_cmake_export_dependencies-extras.cmake
-- Installing: /home/strain-drone/Documents/ros2_ws/install/mocap4r2_vicon_driver/share/mocap4r2_vicon_driver/cmake/mocap4r2_vicon_driverConfig.cmake
-- Installing: /home/strain-drone/Documents/ros2_ws/install/mocap4r2_vicon_driver/share/mocap4r2_vicon_driver/cmake/mocap4r2_vicon_driverConfig-version.cmake
-- Installing: /home/strain-drone/Documents/ros2_ws/install/mocap4r2_vicon_driver/share/mocap4r2_vicon_driver/package.xml
