[3.394s] Invoking command in '/home/strain-drone/Documents/drone_position_hold/ros2_ws/src/visualizer': DEBUGINFOD_URLS=https://debuginfod.ubuntu.com PS1=\[\e]0;\u@\h: \w\a\]${debian_chroot:+($debian_chroot)}\[\033[01;32m\]\u@\h\[\033[00m\]:\[\033[01;34m\]\w\[\033[00m\]\$ PYTHONPATH=/home/strain-drone/Documents/drone_position_hold/ros2_ws/build/visualizer/prefix_override:/usr/lib/python3/dist-packages/colcon_core/task/python/colcon_distutils_commands:/home/strain-drone/Documents/drone_position_hold/ros2_ws/install/visualizer/lib/python3.12/site-packages:${PYTHONPATH} VIRTUAL_ENV_PROMPT=(venv-ardupilot) /usr/bin/python3 -W ignore:setup.py install is deprecated -W ignore:easy_install command is deprecated setup.py egg_info --egg-base ../../build/visualizer build --build-base /home/strain-drone/Documents/drone_position_hold/ros2_ws/build/visualizer/build install --record /home/strain-drone/Documents/drone_position_hold/ros2_ws/build/visualizer/install.log --single-version-externally-managed install_data
[3.999s] running egg_info
[4.035s] writing ../../build/visualizer/visualizer.egg-info/PKG-INFO
[4.036s] writing dependency_links to ../../build/visualizer/visualizer.egg-info/dependency_links.txt
[4.036s] writing entry points to ../../build/visualizer/visualizer.egg-info/entry_points.txt
[4.036s] writing requirements to ../../build/visualizer/visualizer.egg-info/requires.txt
[4.036s] writing top-level names to ../../build/visualizer/visualizer.egg-info/top_level.txt
[4.117s] reading manifest file '../../build/visualizer/visualizer.egg-info/SOURCES.txt'
[4.130s] writing manifest file '../../build/visualizer/visualizer.egg-info/SOURCES.txt'
[4.130s] running build
[4.130s] running build_py
[4.130s] copying visualizer/run_visualizer.py -> /home/strain-drone/Documents/drone_position_hold/ros2_ws/build/visualizer/build/lib/visualizer
[4.133s] running install
[4.150s] running install_lib
[4.203s] copying /home/strain-drone/Documents/drone_position_hold/ros2_ws/build/visualizer/build/lib/visualizer/run_visualizer.py -> /home/strain-drone/Documents/drone_position_hold/ros2_ws/install/visualizer/lib/python3.12/site-packages/visualizer
[4.212s] byte-compiling /home/strain-drone/Documents/drone_position_hold/ros2_ws/install/visualizer/lib/python3.12/site-packages/visualizer/run_visualizer.py to run_visualizer.cpython-312.pyc
[4.213s] running install_data
[4.213s] running install_egg_info
[4.287s] removing '/home/strain-drone/Documents/drone_position_hold/ros2_ws/install/visualizer/lib/python3.12/site-packages/visualizer-0.0.0-py3.12.egg-info' (and everything under it)
[4.289s] Copying ../../build/visualizer/visualizer.egg-info to /home/strain-drone/Documents/drone_position_hold/ros2_ws/install/visualizer/lib/python3.12/site-packages/visualizer-0.0.0-py3.12.egg-info
[4.293s] running install_scripts
[5.060s] Installing run_visualizer script to /home/strain-drone/Documents/drone_position_hold/ros2_ws/install/visualizer/lib/visualizer
[5.068s] writing list of installed files to '/home/strain-drone/Documents/drone_position_hold/ros2_ws/build/visualizer/install.log'
[5.343s] Invoked command in '/home/strain-drone/Documents/drone_position_hold/ros2_ws/src/visualizer' returned '0': DEBUGINFOD_URLS=https://debuginfod.ubuntu.com PS1=\[\e]0;\u@\h: \w\a\]${debian_chroot:+($debian_chroot)}\[\033[01;32m\]\u@\h\[\033[00m\]:\[\033[01;34m\]\w\[\033[00m\]\$ PYTHONPATH=/home/strain-drone/Documents/drone_position_hold/ros2_ws/build/visualizer/prefix_override:/usr/lib/python3/dist-packages/colcon_core/task/python/colcon_distutils_commands:/home/strain-drone/Documents/drone_position_hold/ros2_ws/install/visualizer/lib/python3.12/site-packages:${PYTHONPATH} VIRTUAL_ENV_PROMPT=(venv-ardupilot) /usr/bin/python3 -W ignore:setup.py install is deprecated -W ignore:easy_install command is deprecated setup.py egg_info --egg-base ../../build/visualizer build --build-base /home/strain-drone/Documents/drone_position_hold/ros2_ws/build/visualizer/build install --record /home/strain-drone/Documents/drone_position_hold/ros2_ws/build/visualizer/install.log --single-version-externally-managed install_data
