[2.201s] Invoking command in '/home/strain-drone/Documents/ros2_ws/src/mavros_config': DEBUGINFOD_URLS=https://debuginfod.ubuntu.com PYTHONPATH=/home/strain-drone/Documents/ros2_ws/build/mavros_config/prefix_override:/usr/lib/python3/dist-packages/colcon_core/task/python/colcon_distutils_commands:/home/strain-drone/Documents/ros2_ws/install/mavros_config/lib/python3.12/site-packages:${PYTHONPATH} /usr/bin/python3 -W ignore:setup.py install is deprecated -W ignore:easy_install command is deprecated setup.py egg_info --egg-base ../../build/mavros_config build --build-base /home/strain-drone/Documents/ros2_ws/build/mavros_config/build install --record /home/strain-drone/Documents/ros2_ws/build/mavros_config/install.log --single-version-externally-managed install_data
[2.819s] running egg_info
[2.827s] creating ../../build/mavros_config/mavros_config.egg-info
[2.889s] writing ../../build/mavros_config/mavros_config.egg-info/PKG-INFO
[2.890s] writing dependency_links to ../../build/mavros_config/mavros_config.egg-info/dependency_links.txt
[2.890s] writing requirements to ../../build/mavros_config/mavros_config.egg-info/requires.txt
[2.890s] writing top-level names to ../../build/mavros_config/mavros_config.egg-info/top_level.txt
[2.890s] writing manifest file '../../build/mavros_config/mavros_config.egg-info/SOURCES.txt'
[2.977s] reading manifest file '../../build/mavros_config/mavros_config.egg-info/SOURCES.txt'
[2.978s] writing manifest file '../../build/mavros_config/mavros_config.egg-info/SOURCES.txt'
[2.979s] running build
[2.981s] running build_py
[2.981s] creating /home/strain-drone/Documents/ros2_ws/build/mavros_config/build
[2.981s] creating /home/strain-drone/Documents/ros2_ws/build/mavros_config/build/lib
[2.981s] creating /home/strain-drone/Documents/ros2_ws/build/mavros_config/build/lib/mavros_config
[2.982s] copying mavros_config/__init__.py -> /home/strain-drone/Documents/ros2_ws/build/mavros_config/build/lib/mavros_config
[2.982s] running install
[2.991s] running install_lib
[3.042s] creating /home/strain-drone/Documents/ros2_ws/install/mavros_config/lib/python3.12/site-packages/mavros_config
[3.042s] copying /home/strain-drone/Documents/ros2_ws/build/mavros_config/build/lib/mavros_config/__init__.py -> /home/strain-drone/Documents/ros2_ws/install/mavros_config/lib/python3.12/site-packages/mavros_config
[3.048s] byte-compiling /home/strain-drone/Documents/ros2_ws/install/mavros_config/lib/python3.12/site-packages/mavros_config/__init__.py to __init__.cpython-312.pyc
[3.053s] running install_data
[3.053s] creating /home/strain-drone/Documents/ros2_ws/install/mavros_config/share/ament_index
[3.053s] creating /home/strain-drone/Documents/ros2_ws/install/mavros_config/share/ament_index/resource_index
[3.054s] creating /home/strain-drone/Documents/ros2_ws/install/mavros_config/share/ament_index/resource_index/packages
[3.054s] copying resource/mavros_config -> /home/strain-drone/Documents/ros2_ws/install/mavros_config/share/ament_index/resource_index/packages
[3.054s] copying package.xml -> /home/strain-drone/Documents/ros2_ws/install/mavros_config/share/mavros_config
[3.054s] creating /home/strain-drone/Documents/ros2_ws/install/mavros_config/share/mavros_config/launch
[3.054s] copying launch/mavros.launch.py -> /home/strain-drone/Documents/ros2_ws/install/mavros_config/share/mavros_config/launch
[3.060s] running install_egg_info
[3.121s] Copying ../../build/mavros_config/mavros_config.egg-info to /home/strain-drone/Documents/ros2_ws/install/mavros_config/lib/python3.12/site-packages/mavros_config-0.0.0-py3.12.egg-info
[3.122s] running install_scripts
[3.413s] writing list of installed files to '/home/strain-drone/Documents/ros2_ws/build/mavros_config/install.log'
[3.537s] Invoked command in '/home/strain-drone/Documents/ros2_ws/src/mavros_config' returned '0': DEBUGINFOD_URLS=https://debuginfod.ubuntu.com PYTHONPATH=/home/strain-drone/Documents/ros2_ws/build/mavros_config/prefix_override:/usr/lib/python3/dist-packages/colcon_core/task/python/colcon_distutils_commands:/home/strain-drone/Documents/ros2_ws/install/mavros_config/lib/python3.12/site-packages:${PYTHONPATH} /usr/bin/python3 -W ignore:setup.py install is deprecated -W ignore:easy_install command is deprecated setup.py egg_info --egg-base ../../build/mavros_config build --build-base /home/strain-drone/Documents/ros2_ws/build/mavros_config/build install --record /home/strain-drone/Documents/ros2_ws/build/mavros_config/install.log --single-version-externally-managed install_data
