[0.037s] Invoking command in '/home/strain-drone/Documents/ros2_ws/build/mocap4r2_control_msgs': CMAKE_PREFIX_PATH=${CMAKE_PREFIX_PATH}:/home/strain-drone/Documents/ros2_ws/install/position_publisher:/home/strain-drone/Documents/ros2_ws/install/mocap4r2cli:/home/strain-drone/Documents/ros2_ws/install/mavros_config:/opt/ros/jazzy DEBUGINFOD_URLS=https://debuginfod.ubuntu.com /usr/bin/cmake --build /home/strain-drone/Documents/ros2_ws/build/mocap4r2_control_msgs -- -j4 -l4
[0.301s] [  2%] Built target mocap4r2_control_msgs__rosidl_generator_type_description
[0.358s] [  2%] Built target ament_cmake_python_copy_mocap4r2_control_msgs
[0.583s] [  4%] Built target mocap4r2_control_msgs__cpp
[0.609s] [ 22%] Built target mocap4r2_control_msgs__rosidl_generator_c
[0.826s] [ 31%] Built target mocap4r2_control_msgs__rosidl_typesupport_fastrtps_cpp
[0.914s] [ 40%] Built target mocap4r2_control_msgs__rosidl_typesupport_introspection_cpp
[0.977s] [ 50%] Built target mocap4r2_control_msgs__rosidl_typesupport_cpp
[1.026s] [ 59%] Built target mocap4r2_control_msgs__rosidl_typesupport_fastrtps_c
[1.149s] [ 68%] Built target mocap4r2_control_msgs__rosidl_typesupport_c
[1.174s] [ 77%] Built target mocap4r2_control_msgs__rosidl_typesupport_introspection_c
[1.276s] [ 77%] Built target mocap4r2_control_msgs
[1.424s] [ 79%] Built target mocap4r2_control_msgs__py
[1.712s] [ 86%] Built target mocap4r2_control_msgs__rosidl_generator_py
[1.798s] running egg_info
[1.833s] [ 90%] Built target mocap4r2_control_msgs_s__rosidl_typesupport_fastrtps_c
[1.844s] [ 95%] Built target mocap4r2_control_msgs_s__rosidl_typesupport_c
[1.846s] [100%] Built target mocap4r2_control_msgs_s__rosidl_typesupport_introspection_c
[1.863s] writing mocap4r2_control_msgs.egg-info/PKG-INFO
[1.865s] writing dependency_links to mocap4r2_control_msgs.egg-info/dependency_links.txt
[1.865s] writing top-level names to mocap4r2_control_msgs.egg-info/top_level.txt
[1.965s] reading manifest file 'mocap4r2_control_msgs.egg-info/SOURCES.txt'
[1.966s] writing manifest file 'mocap4r2_control_msgs.egg-info/SOURCES.txt'
[2.074s] [100%] Built target ament_cmake_python_build_mocap4r2_control_msgs_egg
[2.103s] Invoked command in '/home/strain-drone/Documents/ros2_ws/build/mocap4r2_control_msgs' returned '0': CMAKE_PREFIX_PATH=${CMAKE_PREFIX_PATH}:/home/strain-drone/Documents/ros2_ws/install/position_publisher:/home/strain-drone/Documents/ros2_ws/install/mocap4r2cli:/home/strain-drone/Documents/ros2_ws/install/mavros_config:/opt/ros/jazzy DEBUGINFOD_URLS=https://debuginfod.ubuntu.com /usr/bin/cmake --build /home/strain-drone/Documents/ros2_ws/build/mocap4r2_control_msgs -- -j4 -l4
[2.105s] Invoking command in '/home/strain-drone/Documents/ros2_ws/build/mocap4r2_control_msgs': CMAKE_PREFIX_PATH=${CMAKE_PREFIX_PATH}:/home/strain-drone/Documents/ros2_ws/install/position_publisher:/home/strain-drone/Documents/ros2_ws/install/mocap4r2cli:/home/strain-drone/Documents/ros2_ws/install/mavros_config:/opt/ros/jazzy DEBUGINFOD_URLS=https://debuginfod.ubuntu.com /usr/bin/cmake --install /home/strain-drone/Documents/ros2_ws/build/mocap4r2_control_msgs
[2.124s] -- Install configuration: ""
[2.124s] -- Up-to-date: /home/strain-drone/Documents/ros2_ws/install/mocap4r2_control_msgs/share/ament_index/resource_index/rosidl_interfaces/mocap4r2_control_msgs
[2.124s] -- Up-to-date: /home/strain-drone/Documents/ros2_ws/install/mocap4r2_control_msgs/share/mocap4r2_control_msgs/msg/Control.json
[2.124s] -- Up-to-date: /home/strain-drone/Documents/ros2_ws/install/mocap4r2_control_msgs/share/mocap4r2_control_msgs/msg/MocapInfo.json
[2.124s] -- Up-to-date: /home/strain-drone/Documents/ros2_ws/install/mocap4r2_control_msgs/include/mocap4r2_control_msgs/mocap4r2_control_msgs
[2.126s] -- Up-to-date: /home/strain-drone/Documents/ros2_ws/install/mocap4r2_control_msgs/include/mocap4r2_control_msgs/mocap4r2_control_msgs/msg
[2.126s] -- Up-to-date: /home/strain-drone/Documents/ros2_ws/install/mocap4r2_control_msgs/include/mocap4r2_control_msgs/mocap4r2_control_msgs/msg/mocap_info.h
[2.126s] -- Up-to-date: /home/strain-drone/Documents/ros2_ws/install/mocap4r2_control_msgs/include/mocap4r2_control_msgs/mocap4r2_control_msgs/msg/control.h
[2.126s] -- Up-to-date: /home/strain-drone/Documents/ros2_ws/install/mocap4r2_control_msgs/include/mocap4r2_control_msgs/mocap4r2_control_msgs/msg/rosidl_generator_c__visibility_control.h
[2.126s] -- Up-to-date: /home/strain-drone/Documents/ros2_ws/install/mocap4r2_control_msgs/include/mocap4r2_control_msgs/mocap4r2_control_msgs/msg/detail
[2.126s] -- Up-to-date: /home/strain-drone/Documents/ros2_ws/install/mocap4r2_control_msgs/include/mocap4r2_control_msgs/mocap4r2_control_msgs/msg/detail/control__description.c
[2.126s] -- Installing: /home/strain-drone/Documents/ros2_ws/install/mocap4r2_control_msgs/include/mocap4r2_control_msgs/mocap4r2_control_msgs/msg/detail/mocap_info__type_support.c
[2.126s] -- Up-to-date: /home/strain-drone/Documents/ros2_ws/install/mocap4r2_control_msgs/include/mocap4r2_control_msgs/mocap4r2_control_msgs/msg/detail/control__type_support.h
[2.128s] -- Up-to-date: /home/strain-drone/Documents/ros2_ws/install/mocap4r2_control_msgs/include/mocap4r2_control_msgs/mocap4r2_control_msgs/msg/detail/mocap_info__functions.c
[2.128s] -- Up-to-date: /home/strain-drone/Documents/ros2_ws/install/mocap4r2_control_msgs/include/mocap4r2_control_msgs/mocap4r2_control_msgs/msg/detail/control__functions.c
[2.129s] -- Installing: /home/strain-drone/Documents/ros2_ws/install/mocap4r2_control_msgs/include/mocap4r2_control_msgs/mocap4r2_control_msgs/msg/detail/control__type_support.c
[2.129s] -- Up-to-date: /home/strain-drone/Documents/ros2_ws/install/mocap4r2_control_msgs/include/mocap4r2_control_msgs/mocap4r2_control_msgs/msg/detail/mocap_info__functions.h
[2.129s] -- Up-to-date: /home/strain-drone/Documents/ros2_ws/install/mocap4r2_control_msgs/include/mocap4r2_control_msgs/mocap4r2_control_msgs/msg/detail/mocap_info__type_support.h
[2.129s] -- Up-to-date: /home/strain-drone/Documents/ros2_ws/install/mocap4r2_control_msgs/include/mocap4r2_control_msgs/mocap4r2_control_msgs/msg/detail/mocap_info__description.c
[2.129s] -- Up-to-date: /home/strain-drone/Documents/ros2_ws/install/mocap4r2_control_msgs/include/mocap4r2_control_msgs/mocap4r2_control_msgs/msg/detail/control__functions.h
[2.130s] -- Up-to-date: /home/strain-drone/Documents/ros2_ws/install/mocap4r2_control_msgs/include/mocap4r2_control_msgs/mocap4r2_control_msgs/msg/detail/mocap_info__struct.h
[2.130s] -- Up-to-date: /home/strain-drone/Documents/ros2_ws/install/mocap4r2_control_msgs/include/mocap4r2_control_msgs/mocap4r2_control_msgs/msg/detail/control__struct.h
[2.130s] -- Up-to-date: /home/strain-drone/Documents/ros2_ws/install/mocap4r2_control_msgs/share/mocap4r2_control_msgs/environment/library_path.sh
[2.130s] -- Up-to-date: /home/strain-drone/Documents/ros2_ws/install/mocap4r2_control_msgs/share/mocap4r2_control_msgs/environment/library_path.dsv
[2.130s] -- Up-to-date: /home/strain-drone/Documents/ros2_ws/install/mocap4r2_control_msgs/lib/libmocap4r2_control_msgs__rosidl_generator_c.so
[2.130s] -- Up-to-date: /home/strain-drone/Documents/ros2_ws/install/mocap4r2_control_msgs/include/mocap4r2_control_msgs/mocap4r2_control_msgs
[2.130s] -- Up-to-date: /home/strain-drone/Documents/ros2_ws/install/mocap4r2_control_msgs/include/mocap4r2_control_msgs/mocap4r2_control_msgs/msg
[2.131s] -- Up-to-date: /home/strain-drone/Documents/ros2_ws/install/mocap4r2_control_msgs/include/mocap4r2_control_msgs/mocap4r2_control_msgs/msg/rosidl_typesupport_fastrtps_c__visibility_control.h
[2.132s] -- Up-to-date: /home/strain-drone/Documents/ros2_ws/install/mocap4r2_control_msgs/include/mocap4r2_control_msgs/mocap4r2_control_msgs/msg/detail
[2.132s] -- Up-to-date: /home/strain-drone/Documents/ros2_ws/install/mocap4r2_control_msgs/include/mocap4r2_control_msgs/mocap4r2_control_msgs/msg/detail/mocap_info__rosidl_typesupport_fastrtps_c.h
[2.133s] -- Up-to-date: /home/strain-drone/Documents/ros2_ws/install/mocap4r2_control_msgs/include/mocap4r2_control_msgs/mocap4r2_control_msgs/msg/detail/control__rosidl_typesupport_fastrtps_c.h
[2.133s] -- Up-to-date: /home/strain-drone/Documents/ros2_ws/install/mocap4r2_control_msgs/lib/libmocap4r2_control_msgs__rosidl_typesupport_fastrtps_c.so
[2.133s] -- Up-to-date: /home/strain-drone/Documents/ros2_ws/install/mocap4r2_control_msgs/include/mocap4r2_control_msgs/mocap4r2_control_msgs
[2.133s] -- Up-to-date: /home/strain-drone/Documents/ros2_ws/install/mocap4r2_control_msgs/include/mocap4r2_control_msgs/mocap4r2_control_msgs/msg
[2.133s] -- Up-to-date: /home/strain-drone/Documents/ros2_ws/install/mocap4r2_control_msgs/include/mocap4r2_control_msgs/mocap4r2_control_msgs/msg/detail
[2.133s] -- Up-to-date: /home/strain-drone/Documents/ros2_ws/install/mocap4r2_control_msgs/include/mocap4r2_control_msgs/mocap4r2_control_msgs/msg/detail/control__rosidl_typesupport_introspection_c.h
[2.133s] -- Installing: /home/strain-drone/Documents/ros2_ws/install/mocap4r2_control_msgs/include/mocap4r2_control_msgs/mocap4r2_control_msgs/msg/detail/mocap_info__type_support.c
[2.133s] -- Installing: /home/strain-drone/Documents/ros2_ws/install/mocap4r2_control_msgs/include/mocap4r2_control_msgs/mocap4r2_control_msgs/msg/detail/control__type_support.c
[2.133s] -- Up-to-date: /home/strain-drone/Documents/ros2_ws/install/mocap4r2_control_msgs/include/mocap4r2_control_msgs/mocap4r2_control_msgs/msg/detail/mocap_info__rosidl_typesupport_introspection_c.h
[2.134s] -- Up-to-date: /home/strain-drone/Documents/ros2_ws/install/mocap4r2_control_msgs/include/mocap4r2_control_msgs/mocap4r2_control_msgs/msg/rosidl_typesupport_introspection_c__visibility_control.h
[2.134s] -- Up-to-date: /home/strain-drone/Documents/ros2_ws/install/mocap4r2_control_msgs/lib/libmocap4r2_control_msgs__rosidl_typesupport_introspection_c.so
[2.134s] -- Up-to-date: /home/strain-drone/Documents/ros2_ws/install/mocap4r2_control_msgs/lib/libmocap4r2_control_msgs__rosidl_typesupport_c.so
[2.134s] -- Up-to-date: /home/strain-drone/Documents/ros2_ws/install/mocap4r2_control_msgs/include/mocap4r2_control_msgs/mocap4r2_control_msgs
[2.134s] -- Up-to-date: /home/strain-drone/Documents/ros2_ws/install/mocap4r2_control_msgs/include/mocap4r2_control_msgs/mocap4r2_control_msgs/msg
[2.134s] -- Up-to-date: /home/strain-drone/Documents/ros2_ws/install/mocap4r2_control_msgs/include/mocap4r2_control_msgs/mocap4r2_control_msgs/msg/mocap_info.hpp
[2.135s] -- Up-to-date: /home/strain-drone/Documents/ros2_ws/install/mocap4r2_control_msgs/include/mocap4r2_control_msgs/mocap4r2_control_msgs/msg/detail
[2.135s] -- Up-to-date: /home/strain-drone/Documents/ros2_ws/install/mocap4r2_control_msgs/include/mocap4r2_control_msgs/mocap4r2_control_msgs/msg/detail/control__type_support.hpp
[2.135s] -- Up-to-date: /home/strain-drone/Documents/ros2_ws/install/mocap4r2_control_msgs/include/mocap4r2_control_msgs/mocap4r2_control_msgs/msg/detail/mocap_info__type_support.hpp
[2.135s] -- Up-to-date: /home/strain-drone/Documents/ros2_ws/install/mocap4r2_control_msgs/include/mocap4r2_control_msgs/mocap4r2_control_msgs/msg/detail/control__builder.hpp
[2.135s] -- Up-to-date: /home/strain-drone/Documents/ros2_ws/install/mocap4r2_control_msgs/include/mocap4r2_control_msgs/mocap4r2_control_msgs/msg/detail/control__traits.hpp
[2.135s] -- Up-to-date: /home/strain-drone/Documents/ros2_ws/install/mocap4r2_control_msgs/include/mocap4r2_control_msgs/mocap4r2_control_msgs/msg/detail/mocap_info__traits.hpp
[2.135s] -- Up-to-date: /home/strain-drone/Documents/ros2_ws/install/mocap4r2_control_msgs/include/mocap4r2_control_msgs/mocap4r2_control_msgs/msg/detail/mocap_info__struct.hpp
[2.135s] -- Up-to-date: /home/strain-drone/Documents/ros2_ws/install/mocap4r2_control_msgs/include/mocap4r2_control_msgs/mocap4r2_control_msgs/msg/detail/mocap_info__builder.hpp
[2.135s] -- Up-to-date: /home/strain-drone/Documents/ros2_ws/install/mocap4r2_control_msgs/include/mocap4r2_control_msgs/mocap4r2_control_msgs/msg/detail/control__struct.hpp
[2.136s] -- Up-to-date: /home/strain-drone/Documents/ros2_ws/install/mocap4r2_control_msgs/include/mocap4r2_control_msgs/mocap4r2_control_msgs/msg/rosidl_generator_cpp__visibility_control.hpp
[2.136s] -- Up-to-date: /home/strain-drone/Documents/ros2_ws/install/mocap4r2_control_msgs/include/mocap4r2_control_msgs/mocap4r2_control_msgs/msg/control.hpp
[2.136s] -- Up-to-date: /home/strain-drone/Documents/ros2_ws/install/mocap4r2_control_msgs/include/mocap4r2_control_msgs/mocap4r2_control_msgs
[2.136s] -- Up-to-date: /home/strain-drone/Documents/ros2_ws/install/mocap4r2_control_msgs/include/mocap4r2_control_msgs/mocap4r2_control_msgs/msg
[2.136s] -- Up-to-date: /home/strain-drone/Documents/ros2_ws/install/mocap4r2_control_msgs/include/mocap4r2_control_msgs/mocap4r2_control_msgs/msg/detail
[2.136s] -- Up-to-date: /home/strain-drone/Documents/ros2_ws/install/mocap4r2_control_msgs/include/mocap4r2_control_msgs/mocap4r2_control_msgs/msg/detail/dds_fastrtps
[2.136s] -- Up-to-date: /home/strain-drone/Documents/ros2_ws/install/mocap4r2_control_msgs/include/mocap4r2_control_msgs/mocap4r2_control_msgs/msg/detail/control__rosidl_typesupport_fastrtps_cpp.hpp
[2.136s] -- Up-to-date: /home/strain-drone/Documents/ros2_ws/install/mocap4r2_control_msgs/include/mocap4r2_control_msgs/mocap4r2_control_msgs/msg/detail/mocap_info__rosidl_typesupport_fastrtps_cpp.hpp
[2.136s] -- Up-to-date: /home/strain-drone/Documents/ros2_ws/install/mocap4r2_control_msgs/include/mocap4r2_control_msgs/mocap4r2_control_msgs/msg/rosidl_typesupport_fastrtps_cpp__visibility_control.h
[2.137s] -- Up-to-date: /home/strain-drone/Documents/ros2_ws/install/mocap4r2_control_msgs/lib/libmocap4r2_control_msgs__rosidl_typesupport_fastrtps_cpp.so
[2.137s] -- Up-to-date: /home/strain-drone/Documents/ros2_ws/install/mocap4r2_control_msgs/include/mocap4r2_control_msgs/mocap4r2_control_msgs
[2.137s] -- Up-to-date: /home/strain-drone/Documents/ros2_ws/install/mocap4r2_control_msgs/include/mocap4r2_control_msgs/mocap4r2_control_msgs/msg
[2.137s] -- Up-to-date: /home/strain-drone/Documents/ros2_ws/install/mocap4r2_control_msgs/include/mocap4r2_control_msgs/mocap4r2_control_msgs/msg/detail
[2.137s] -- Up-to-date: /home/strain-drone/Documents/ros2_ws/install/mocap4r2_control_msgs/include/mocap4r2_control_msgs/mocap4r2_control_msgs/msg/detail/control__type_support.cpp
[2.137s] -- Up-to-date: /home/strain-drone/Documents/ros2_ws/install/mocap4r2_control_msgs/include/mocap4r2_control_msgs/mocap4r2_control_msgs/msg/detail/mocap_info__type_support.cpp
[2.137s] -- Up-to-date: /home/strain-drone/Documents/ros2_ws/install/mocap4r2_control_msgs/include/mocap4r2_control_msgs/mocap4r2_control_msgs/msg/detail/mocap_info__rosidl_typesupport_introspection_cpp.hpp
[2.137s] -- Up-to-date: /home/strain-drone/Documents/ros2_ws/install/mocap4r2_control_msgs/include/mocap4r2_control_msgs/mocap4r2_control_msgs/msg/detail/control__rosidl_typesupport_introspection_cpp.hpp
[2.137s] -- Up-to-date: /home/strain-drone/Documents/ros2_ws/install/mocap4r2_control_msgs/lib/libmocap4r2_control_msgs__rosidl_typesupport_introspection_cpp.so
[2.138s] -- Up-to-date: /home/strain-drone/Documents/ros2_ws/install/mocap4r2_control_msgs/lib/libmocap4r2_control_msgs__rosidl_typesupport_cpp.so
[2.138s] -- Up-to-date: /home/strain-drone/Documents/ros2_ws/install/mocap4r2_control_msgs/share/mocap4r2_control_msgs/environment/pythonpath.sh
[2.138s] -- Up-to-date: /home/strain-drone/Documents/ros2_ws/install/mocap4r2_control_msgs/share/mocap4r2_control_msgs/environment/pythonpath.dsv
[2.138s] -- Up-to-date: /home/strain-drone/Documents/ros2_ws/install/mocap4r2_control_msgs/lib/python3.12/site-packages/mocap4r2_control_msgs-0.0.7-py3.12.egg-info
[2.138s] -- Installing: /home/strain-drone/Documents/ros2_ws/install/mocap4r2_control_msgs/lib/python3.12/site-packages/mocap4r2_control_msgs-0.0.7-py3.12.egg-info/dependency_links.txt
[2.138s] -- Installing: /home/strain-drone/Documents/ros2_ws/install/mocap4r2_control_msgs/lib/python3.12/site-packages/mocap4r2_control_msgs-0.0.7-py3.12.egg-info/PKG-INFO
[2.138s] -- Installing: /home/strain-drone/Documents/ros2_ws/install/mocap4r2_control_msgs/lib/python3.12/site-packages/mocap4r2_control_msgs-0.0.7-py3.12.egg-info/top_level.txt
[2.138s] -- Installing: /home/strain-drone/Documents/ros2_ws/install/mocap4r2_control_msgs/lib/python3.12/site-packages/mocap4r2_control_msgs-0.0.7-py3.12.egg-info/SOURCES.txt
[2.138s] -- Up-to-date: /home/strain-drone/Documents/ros2_ws/install/mocap4r2_control_msgs/lib/python3.12/site-packages/mocap4r2_control_msgs
[2.139s] -- Up-to-date: /home/strain-drone/Documents/ros2_ws/install/mocap4r2_control_msgs/lib/python3.12/site-packages/mocap4r2_control_msgs/mocap4r2_control_msgs_s__rosidl_typesupport_c.so
[2.139s] -- Up-to-date: /home/strain-drone/Documents/ros2_ws/install/mocap4r2_control_msgs/lib/python3.12/site-packages/mocap4r2_control_msgs/mocap4r2_control_msgs_s__rosidl_typesupport_introspection_c.so
[2.139s] -- Up-to-date: /home/strain-drone/Documents/ros2_ws/install/mocap4r2_control_msgs/lib/python3.12/site-packages/mocap4r2_control_msgs/mocap4r2_control_msgs_s__rosidl_typesupport_fastrtps_c.so
[2.139s] -- Up-to-date: /home/strain-drone/Documents/ros2_ws/install/mocap4r2_control_msgs/lib/python3.12/site-packages/mocap4r2_control_msgs/_mocap4r2_control_msgs_s.ep.rosidl_typesupport_c.c
[2.139s] -- Up-to-date: /home/strain-drone/Documents/ros2_ws/install/mocap4r2_control_msgs/lib/python3.12/site-packages/mocap4r2_control_msgs/_mocap4r2_control_msgs_s.ep.rosidl_typesupport_introspection_c.c
[2.139s] -- Up-to-date: /home/strain-drone/Documents/ros2_ws/install/mocap4r2_control_msgs/lib/python3.12/site-packages/mocap4r2_control_msgs/__init__.py
[2.139s] -- Up-to-date: /home/strain-drone/Documents/ros2_ws/install/mocap4r2_control_msgs/lib/python3.12/site-packages/mocap4r2_control_msgs/msg
[2.139s] -- Up-to-date: /home/strain-drone/Documents/ros2_ws/install/mocap4r2_control_msgs/lib/python3.12/site-packages/mocap4r2_control_msgs/msg/_mocap_info_s.c
[2.139s] -- Up-to-date: /home/strain-drone/Documents/ros2_ws/install/mocap4r2_control_msgs/lib/python3.12/site-packages/mocap4r2_control_msgs/msg/_control_s.c
[2.139s] -- Up-to-date: /home/strain-drone/Documents/ros2_ws/install/mocap4r2_control_msgs/lib/python3.12/site-packages/mocap4r2_control_msgs/msg/__init__.py
[2.140s] -- Up-to-date: /home/strain-drone/Documents/ros2_ws/install/mocap4r2_control_msgs/lib/python3.12/site-packages/mocap4r2_control_msgs/msg/_control.py
[2.140s] -- Up-to-date: /home/strain-drone/Documents/ros2_ws/install/mocap4r2_control_msgs/lib/python3.12/site-packages/mocap4r2_control_msgs/msg/_mocap_info.py
[2.140s] -- Up-to-date: /home/strain-drone/Documents/ros2_ws/install/mocap4r2_control_msgs/lib/python3.12/site-packages/mocap4r2_control_msgs/_mocap4r2_control_msgs_s.ep.rosidl_typesupport_fastrtps_c.c
[2.192s] Listing '/home/strain-drone/Documents/ros2_ws/install/mocap4r2_control_msgs/lib/python3.12/site-packages/mocap4r2_control_msgs'...
[2.192s] Listing '/home/strain-drone/Documents/ros2_ws/install/mocap4r2_control_msgs/lib/python3.12/site-packages/mocap4r2_control_msgs/msg'...
[2.213s] -- Up-to-date: /home/strain-drone/Documents/ros2_ws/install/mocap4r2_control_msgs/lib/python3.12/site-packages/mocap4r2_control_msgs/mocap4r2_control_msgs_s__rosidl_typesupport_fastrtps_c.so
[2.214s] -- Up-to-date: /home/strain-drone/Documents/ros2_ws/install/mocap4r2_control_msgs/lib/python3.12/site-packages/mocap4r2_control_msgs/mocap4r2_control_msgs_s__rosidl_typesupport_introspection_c.so
[2.215s] -- Up-to-date: /home/strain-drone/Documents/ros2_ws/install/mocap4r2_control_msgs/lib/python3.12/site-packages/mocap4r2_control_msgs/mocap4r2_control_msgs_s__rosidl_typesupport_c.so
[2.215s] -- Up-to-date: /home/strain-drone/Documents/ros2_ws/install/mocap4r2_control_msgs/lib/libmocap4r2_control_msgs__rosidl_generator_py.so
[2.215s] -- Up-to-date: /home/strain-drone/Documents/ros2_ws/install/mocap4r2_control_msgs/share/mocap4r2_control_msgs/msg/Control.idl
[2.215s] -- Up-to-date: /home/strain-drone/Documents/ros2_ws/install/mocap4r2_control_msgs/share/mocap4r2_control_msgs/msg/MocapInfo.idl
[2.215s] -- Up-to-date: /home/strain-drone/Documents/ros2_ws/install/mocap4r2_control_msgs/share/mocap4r2_control_msgs/msg/Control.msg
[2.215s] -- Up-to-date: /home/strain-drone/Documents/ros2_ws/install/mocap4r2_control_msgs/share/mocap4r2_control_msgs/msg/MocapInfo.msg
[2.216s] -- Up-to-date: /home/strain-drone/Documents/ros2_ws/install/mocap4r2_control_msgs/share/mocap4r2_control_msgs/mocap4r2_control_bridge_mapping_rule.yaml
[2.216s] -- Up-to-date: /home/strain-drone/Documents/ros2_ws/install/mocap4r2_control_msgs/share/ament_index/resource_index/package_run_dependencies/mocap4r2_control_msgs
[2.216s] -- Up-to-date: /home/strain-drone/Documents/ros2_ws/install/mocap4r2_control_msgs/share/ament_index/resource_index/parent_prefix_path/mocap4r2_control_msgs
[2.216s] -- Up-to-date: /home/strain-drone/Documents/ros2_ws/install/mocap4r2_control_msgs/share/mocap4r2_control_msgs/environment/ament_prefix_path.sh
[2.216s] -- Up-to-date: /home/strain-drone/Documents/ros2_ws/install/mocap4r2_control_msgs/share/mocap4r2_control_msgs/environment/ament_prefix_path.dsv
[2.216s] -- Up-to-date: /home/strain-drone/Documents/ros2_ws/install/mocap4r2_control_msgs/share/mocap4r2_control_msgs/environment/path.sh
[2.219s] -- Up-to-date: /home/strain-drone/Documents/ros2_ws/install/mocap4r2_control_msgs/share/mocap4r2_control_msgs/environment/path.dsv
[2.222s] -- Up-to-date: /home/strain-drone/Documents/ros2_ws/install/mocap4r2_control_msgs/share/mocap4r2_control_msgs/local_setup.bash
[2.223s] -- Up-to-date: /home/strain-drone/Documents/ros2_ws/install/mocap4r2_control_msgs/share/mocap4r2_control_msgs/local_setup.sh
[2.223s] -- Up-to-date: /home/strain-drone/Documents/ros2_ws/install/mocap4r2_control_msgs/share/mocap4r2_control_msgs/local_setup.zsh
[2.223s] -- Up-to-date: /home/strain-drone/Documents/ros2_ws/install/mocap4r2_control_msgs/share/mocap4r2_control_msgs/local_setup.dsv
[2.223s] -- Installing: /home/strain-drone/Documents/ros2_ws/install/mocap4r2_control_msgs/share/mocap4r2_control_msgs/package.dsv
[2.223s] -- Up-to-date: /home/strain-drone/Documents/ros2_ws/install/mocap4r2_control_msgs/share/ament_index/resource_index/packages/mocap4r2_control_msgs
[2.223s] -- Up-to-date: /home/strain-drone/Documents/ros2_ws/install/mocap4r2_control_msgs/share/mocap4r2_control_msgs/cmake/export_mocap4r2_control_msgs__rosidl_generator_cExport.cmake
[2.223s] -- Up-to-date: /home/strain-drone/Documents/ros2_ws/install/mocap4r2_control_msgs/share/mocap4r2_control_msgs/cmake/export_mocap4r2_control_msgs__rosidl_generator_cExport-noconfig.cmake
[2.223s] -- Up-to-date: /home/strain-drone/Documents/ros2_ws/install/mocap4r2_control_msgs/share/mocap4r2_control_msgs/cmake/export_mocap4r2_control_msgs__rosidl_typesupport_fastrtps_cExport.cmake
[2.223s] -- Up-to-date: /home/strain-drone/Documents/ros2_ws/install/mocap4r2_control_msgs/share/mocap4r2_control_msgs/cmake/export_mocap4r2_control_msgs__rosidl_typesupport_fastrtps_cExport-noconfig.cmake
[2.224s] -- Up-to-date: /home/strain-drone/Documents/ros2_ws/install/mocap4r2_control_msgs/share/mocap4r2_control_msgs/cmake/mocap4r2_control_msgs__rosidl_typesupport_introspection_cExport.cmake
[2.224s] -- Up-to-date: /home/strain-drone/Documents/ros2_ws/install/mocap4r2_control_msgs/share/mocap4r2_control_msgs/cmake/mocap4r2_control_msgs__rosidl_typesupport_introspection_cExport-noconfig.cmake
[2.224s] -- Up-to-date: /home/strain-drone/Documents/ros2_ws/install/mocap4r2_control_msgs/share/mocap4r2_control_msgs/cmake/mocap4r2_control_msgs__rosidl_typesupport_cExport.cmake
[2.224s] -- Up-to-date: /home/strain-drone/Documents/ros2_ws/install/mocap4r2_control_msgs/share/mocap4r2_control_msgs/cmake/mocap4r2_control_msgs__rosidl_typesupport_cExport-noconfig.cmake
[2.224s] -- Up-to-date: /home/strain-drone/Documents/ros2_ws/install/mocap4r2_control_msgs/share/mocap4r2_control_msgs/cmake/export_mocap4r2_control_msgs__rosidl_generator_cppExport.cmake
[2.224s] -- Up-to-date: /home/strain-drone/Documents/ros2_ws/install/mocap4r2_control_msgs/share/mocap4r2_control_msgs/cmake/export_mocap4r2_control_msgs__rosidl_typesupport_fastrtps_cppExport.cmake
[2.224s] -- Up-to-date: /home/strain-drone/Documents/ros2_ws/install/mocap4r2_control_msgs/share/mocap4r2_control_msgs/cmake/export_mocap4r2_control_msgs__rosidl_typesupport_fastrtps_cppExport-noconfig.cmake
[2.224s] -- Up-to-date: /home/strain-drone/Documents/ros2_ws/install/mocap4r2_control_msgs/share/mocap4r2_control_msgs/cmake/mocap4r2_control_msgs__rosidl_typesupport_introspection_cppExport.cmake
[2.224s] -- Up-to-date: /home/strain-drone/Documents/ros2_ws/install/mocap4r2_control_msgs/share/mocap4r2_control_msgs/cmake/mocap4r2_control_msgs__rosidl_typesupport_introspection_cppExport-noconfig.cmake
[2.225s] -- Up-to-date: /home/strain-drone/Documents/ros2_ws/install/mocap4r2_control_msgs/share/mocap4r2_control_msgs/cmake/mocap4r2_control_msgs__rosidl_typesupport_cppExport.cmake
[2.225s] -- Up-to-date: /home/strain-drone/Documents/ros2_ws/install/mocap4r2_control_msgs/share/mocap4r2_control_msgs/cmake/mocap4r2_control_msgs__rosidl_typesupport_cppExport-noconfig.cmake
[2.225s] -- Up-to-date: /home/strain-drone/Documents/ros2_ws/install/mocap4r2_control_msgs/share/mocap4r2_control_msgs/cmake/export_mocap4r2_control_msgs__rosidl_generator_pyExport.cmake
[2.225s] -- Up-to-date: /home/strain-drone/Documents/ros2_ws/install/mocap4r2_control_msgs/share/mocap4r2_control_msgs/cmake/export_mocap4r2_control_msgs__rosidl_generator_pyExport-noconfig.cmake
[2.225s] -- Up-to-date: /home/strain-drone/Documents/ros2_ws/install/mocap4r2_control_msgs/share/mocap4r2_control_msgs/cmake/rosidl_cmake-extras.cmake
[2.225s] -- Up-to-date: /home/strain-drone/Documents/ros2_ws/install/mocap4r2_control_msgs/share/mocap4r2_control_msgs/cmake/ament_cmake_export_dependencies-extras.cmake
[2.225s] -- Up-to-date: /home/strain-drone/Documents/ros2_ws/install/mocap4r2_control_msgs/share/mocap4r2_control_msgs/cmake/ament_cmake_export_include_directories-extras.cmake
[2.225s] -- Up-to-date: /home/strain-drone/Documents/ros2_ws/install/mocap4r2_control_msgs/share/mocap4r2_control_msgs/cmake/ament_cmake_export_libraries-extras.cmake
[2.225s] -- Up-to-date: /home/strain-drone/Documents/ros2_ws/install/mocap4r2_control_msgs/share/mocap4r2_control_msgs/cmake/ament_cmake_export_targets-extras.cmake
[2.225s] -- Up-to-date: /home/strain-drone/Documents/ros2_ws/install/mocap4r2_control_msgs/share/mocap4r2_control_msgs/cmake/rosidl_cmake_export_typesupport_targets-extras.cmake
[2.234s] -- Up-to-date: /home/strain-drone/Documents/ros2_ws/install/mocap4r2_control_msgs/share/mocap4r2_control_msgs/cmake/rosidl_cmake_export_typesupport_libraries-extras.cmake
[2.235s] -- Up-to-date: /home/strain-drone/Documents/ros2_ws/install/mocap4r2_control_msgs/share/mocap4r2_control_msgs/cmake/mocap4r2_control_msgsConfig.cmake
[2.235s] -- Up-to-date: /home/strain-drone/Documents/ros2_ws/install/mocap4r2_control_msgs/share/mocap4r2_control_msgs/cmake/mocap4r2_control_msgsConfig-version.cmake
[2.235s] -- Up-to-date: /home/strain-drone/Documents/ros2_ws/install/mocap4r2_control_msgs/share/mocap4r2_control_msgs/package.xml
[2.327s] Invoked command in '/home/strain-drone/Documents/ros2_ws/build/mocap4r2_control_msgs' returned '0': CMAKE_PREFIX_PATH=${CMAKE_PREFIX_PATH}:/home/strain-drone/Documents/ros2_ws/install/position_publisher:/home/strain-drone/Documents/ros2_ws/install/mocap4r2cli:/home/strain-drone/Documents/ros2_ws/install/mavros_config:/opt/ros/jazzy DEBUGINFOD_URLS=https://debuginfod.ubuntu.com /usr/bin/cmake --install /home/strain-drone/Documents/ros2_ws/build/mocap4r2_control_msgs
